{"C:\\Users\\meska\\OneDrive\\Desktop\\bakis\\Pill-Pall-BE\\SendMedicineReminders.js": {"path":"C:\\Users\\meska\\OneDrive\\Desktop\\bakis\\Pill-Pall-BE\\SendMedicineReminders.js","statementMap":{"0":{"start":{"line":2,"column":0},"end":{"line":2,"column":27}},"1":{"start":{"line":3,"column":19},"end":{"line":3,"column":40}},"2":{"start":{"line":4,"column":11},"end":{"line":4,"column":26}},"3":{"start":{"line":6,"column":20},"end":{"line":12,"column":2}},"4":{"start":{"line":15,"column":14},"end":{"line":15,"column":24}},"5":{"start":{"line":17,"column":17},"end":{"line":37,"column":3}},"6":{"start":{"line":39,"column":2},"end":{"line":72,"column":3}},"7":{"start":{"line":40,"column":24},"end":{"line":40,"column":85}},"8":{"start":{"line":41,"column":19},"end":{"line":41,"column":59}},"9":{"start":{"line":43,"column":4},"end":{"line":71,"column":5}},"10":{"start":{"line":44,"column":26},"end":{"line":56,"column":7}},"11":{"start":{"line":58,"column":6},"end":{"line":70,"column":7}},"12":{"start":{"line":59,"column":8},"end":{"line":59,"column":94}},"13":{"start":{"line":60,"column":8},"end":{"line":60,"column":48}},"14":{"start":{"line":61,"column":8},"end":{"line":66,"column":10}},"15":{"start":{"line":67,"column":8},"end":{"line":67,"column":80}},"16":{"start":{"line":69,"column":8},"end":{"line":69,"column":85}},"17":{"start":{"line":75,"column":0},"end":{"line":78,"column":2}}},"fnMap":{"0":{"name":"sendMedicineReminders","decl":{"start":{"line":14,"column":15},"end":{"line":14,"column":36}},"loc":{"start":{"line":14,"column":39},"end":{"line":73,"column":1}},"line":14}},"branchMap":{"0":{"loc":{"start":{"line":43,"column":4},"end":{"line":71,"column":5}},"type":"if","locations":[{"start":{"line":43,"column":4},"end":{"line":71,"column":5}},{"start":{},"end":{}}],"line":43}},"s":{"0":0,"1":0,"2":0,"3":0,"4":0,"5":0,"6":0,"7":0,"8":0,"9":0,"10":0,"11":0,"12":0,"13":0,"14":0,"15":0,"16":0,"17":0},"f":{"0":0},"b":{"0":[0,0]}}
,"C:\\Users\\meska\\OneDrive\\Desktop\\bakis\\Pill-Pall-BE\\server.js": {"path":"C:\\Users\\meska\\OneDrive\\Desktop\\bakis\\Pill-Pall-BE\\server.js","statementMap":{"0":{"start":{"line":1,"column":16},"end":{"line":1,"column":34}},"1":{"start":{"line":2,"column":13},"end":{"line":2,"column":28}},"2":{"start":{"line":3,"column":15},"end":{"line":3,"column":32}},"3":{"start":{"line":4,"column":12},"end":{"line":4,"column":35}},"4":{"start":{"line":5,"column":0},"end":{"line":5,"column":27}},"5":{"start":{"line":6,"column":0},"end":{"line":6,"column":15}},"6":{"start":{"line":7,"column":19},"end":{"line":7,"column":50}},"7":{"start":{"line":8,"column":23},"end":{"line":8,"column":58}},"8":{"start":{"line":9,"column":23},"end":{"line":9,"column":58}},"9":{"start":{"line":11,"column":34},"end":{"line":11,"column":68}},"10":{"start":{"line":14,"column":12},"end":{"line":14,"column":21}},"11":{"start":{"line":15,"column":13},"end":{"line":15,"column":29}},"12":{"start":{"line":16,"column":15},"end":{"line":16,"column":37}},"13":{"start":{"line":18,"column":0},"end":{"line":18,"column":16}},"14":{"start":{"line":19,"column":0},"end":{"line":19,"column":24}},"15":{"start":{"line":20,"column":0},"end":{"line":20,"column":48}},"16":{"start":{"line":23,"column":0},"end":{"line":25,"column":3}},"17":{"start":{"line":24,"column":2},"end":{"line":24,"column":64}},"18":{"start":{"line":28,"column":0},"end":{"line":28,"column":20}},"19":{"start":{"line":29,"column":0},"end":{"line":29,"column":24}},"20":{"start":{"line":30,"column":0},"end":{"line":30,"column":24}},"21":{"start":{"line":32,"column":0},"end":{"line":32,"column":46}},"22":{"start":{"line":35,"column":0},"end":{"line":37,"column":3}},"23":{"start":{"line":36,"column":2},"end":{"line":36,"column":58}}},"fnMap":{"0":{"name":"(anonymous_0)","decl":{"start":{"line":23,"column":13},"end":{"line":23,"column":14}},"loc":{"start":{"line":23,"column":27},"end":{"line":25,"column":1}},"line":23},"1":{"name":"(anonymous_1)","decl":{"start":{"line":35,"column":17},"end":{"line":35,"column":18}},"loc":{"start":{"line":35,"column":23},"end":{"line":37,"column":1}},"line":35}},"branchMap":{},"s":{"0":0,"1":0,"2":0,"3":0,"4":0,"5":0,"6":0,"7":0,"8":0,"9":0,"10":0,"11":0,"12":0,"13":0,"14":0,"15":0,"16":0,"17":0,"18":0,"19":0,"20":0,"21":0,"22":0,"23":0},"f":{"0":0,"1":0},"b":{}}
,"C:\\Users\\meska\\OneDrive\\Desktop\\bakis\\Pill-Pall-BE\\tokenVerification.js": {"path":"C:\\Users\\meska\\OneDrive\\Desktop\\bakis\\Pill-Pall-BE\\tokenVerification.js","statementMap":{"0":{"start":{"line":1,"column":12},"end":{"line":1,"column":35}},"1":{"start":{"line":2,"column":0},"end":{"line":2,"column":27}},"2":{"start":{"line":3,"column":15},"end":{"line":3,"column":37}},"3":{"start":{"line":5,"column":0},"end":{"line":47,"column":2}},"4":{"start":{"line":7,"column":18},"end":{"line":7,"column":58}},"5":{"start":{"line":9,"column":4},"end":{"line":11,"column":5}},"6":{"start":{"line":10,"column":6},"end":{"line":10,"column":81}},"7":{"start":{"line":13,"column":4},"end":{"line":24,"column":5}},"8":{"start":{"line":14,"column":22},"end":{"line":14,"column":47}},"9":{"start":{"line":16,"column":6},"end":{"line":19,"column":7}},"10":{"start":{"line":17,"column":8},"end":{"line":17,"column":57}},"11":{"start":{"line":18,"column":8},"end":{"line":18,"column":70}},"12":{"start":{"line":20,"column":6},"end":{"line":20,"column":13}},"13":{"start":{"line":22,"column":6},"end":{"line":22,"column":56}},"14":{"start":{"line":23,"column":6},"end":{"line":23,"column":73}},"15":{"start":{"line":28,"column":18},"end":{"line":28,"column":58}},"16":{"start":{"line":29,"column":4},"end":{"line":31,"column":5}},"17":{"start":{"line":30,"column":6},"end":{"line":30,"column":81}},"18":{"start":{"line":33,"column":4},"end":{"line":44,"column":5}},"19":{"start":{"line":34,"column":22},"end":{"line":34,"column":47}},"20":{"start":{"line":36,"column":6},"end":{"line":39,"column":7}},"21":{"start":{"line":37,"column":8},"end":{"line":37,"column":67}},"22":{"start":{"line":38,"column":8},"end":{"line":38,"column":70}},"23":{"start":{"line":40,"column":6},"end":{"line":40,"column":13}},"24":{"start":{"line":42,"column":6},"end":{"line":42,"column":56}},"25":{"start":{"line":43,"column":6},"end":{"line":43,"column":73}}},"fnMap":{"0":{"name":"(anonymous_0)","decl":{"start":{"line":6,"column":14},"end":{"line":6,"column":15}},"loc":{"start":{"line":6,"column":34},"end":{"line":25,"column":3}},"line":6},"1":{"name":"(anonymous_1)","decl":{"start":{"line":27,"column":18},"end":{"line":27,"column":19}},"loc":{"start":{"line":27,"column":38},"end":{"line":45,"column":3}},"line":27}},"branchMap":{"0":{"loc":{"start":{"line":9,"column":4},"end":{"line":11,"column":5}},"type":"if","locations":[{"start":{"line":9,"column":4},"end":{"line":11,"column":5}},{"start":{},"end":{}}],"line":9},"1":{"loc":{"start":{"line":16,"column":6},"end":{"line":19,"column":7}},"type":"if","locations":[{"start":{"line":16,"column":6},"end":{"line":19,"column":7}},{"start":{},"end":{}}],"line":16},"2":{"loc":{"start":{"line":29,"column":4},"end":{"line":31,"column":5}},"type":"if","locations":[{"start":{"line":29,"column":4},"end":{"line":31,"column":5}},{"start":{},"end":{}}],"line":29},"3":{"loc":{"start":{"line":36,"column":6},"end":{"line":39,"column":7}},"type":"if","locations":[{"start":{"line":36,"column":6},"end":{"line":39,"column":7}},{"start":{},"end":{}}],"line":36}},"s":{"0":0,"1":0,"2":0,"3":0,"4":0,"5":0,"6":0,"7":0,"8":0,"9":0,"10":0,"11":0,"12":0,"13":0,"14":0,"15":0,"16":0,"17":0,"18":0,"19":0,"20":0,"21":0,"22":0,"23":0,"24":0,"25":0},"f":{"0":0,"1":0},"b":{"0":[0,0],"1":[0,0],"2":[0,0],"3":[0,0]}}
,"C:\\Users\\meska\\OneDrive\\Desktop\\bakis\\Pill-Pall-BE\\controllers\\MedicinesController.js": {"path":"C:\\Users\\meska\\OneDrive\\Desktop\\bakis\\Pill-Pall-BE\\controllers\\MedicinesController.js","statementMap":{"0":{"start":{"line":1,"column":18},"end":{"line":1,"column":48}},"1":{"start":{"line":3,"column":0},"end":{"line":96,"column":2}},"2":{"start":{"line":5,"column":19},"end":{"line":5,"column":36}},"3":{"start":{"line":6,"column":4},"end":{"line":12,"column":5}},"4":{"start":{"line":7,"column":19},"end":{"line":7,"column":64}},"5":{"start":{"line":8,"column":6},"end":{"line":8,"column":33}},"6":{"start":{"line":10,"column":6},"end":{"line":10,"column":25}},"7":{"start":{"line":11,"column":6},"end":{"line":11,"column":67}},"8":{"start":{"line":16,"column":35},"end":{"line":16,"column":45}},"9":{"start":{"line":17,"column":4},"end":{"line":24,"column":5}},"10":{"start":{"line":18,"column":23},"end":{"line":18,"column":74}},"11":{"start":{"line":19,"column":6},"end":{"line":19,"column":83}},"12":{"start":{"line":19,"column":21},"end":{"line":19,"column":83}},"13":{"start":{"line":20,"column":6},"end":{"line":20,"column":37}},"14":{"start":{"line":22,"column":6},"end":{"line":22,"column":25}},"15":{"start":{"line":23,"column":6},"end":{"line":23,"column":66}},"16":{"start":{"line":28,"column":19},"end":{"line":28,"column":36}},"17":{"start":{"line":29,"column":55},"end":{"line":29,"column":63}},"18":{"start":{"line":31,"column":4},"end":{"line":33,"column":5}},"19":{"start":{"line":32,"column":6},"end":{"line":32,"column":73}},"20":{"start":{"line":35,"column":4},"end":{"line":41,"column":5}},"21":{"start":{"line":36,"column":20},"end":{"line":36,"column":106}},"22":{"start":{"line":37,"column":6},"end":{"line":37,"column":69}},"23":{"start":{"line":39,"column":6},"end":{"line":39,"column":25}},"24":{"start":{"line":40,"column":6},"end":{"line":40,"column":64}},"25":{"start":{"line":45,"column":35},"end":{"line":45,"column":45}},"26":{"start":{"line":46,"column":55},"end":{"line":46,"column":63}},"27":{"start":{"line":48,"column":4},"end":{"line":55,"column":5}},"28":{"start":{"line":49,"column":22},"end":{"line":49,"column":123}},"29":{"start":{"line":50,"column":6},"end":{"line":50,"column":97}},"30":{"start":{"line":50,"column":20},"end":{"line":50,"column":97}},"31":{"start":{"line":51,"column":6},"end":{"line":51,"column":60}},"32":{"start":{"line":53,"column":6},"end":{"line":53,"column":25}},"33":{"start":{"line":54,"column":6},"end":{"line":54,"column":66}},"34":{"start":{"line":59,"column":35},"end":{"line":59,"column":45}},"35":{"start":{"line":61,"column":4},"end":{"line":68,"column":5}},"36":{"start":{"line":62,"column":22},"end":{"line":62,"column":79}},"37":{"start":{"line":63,"column":6},"end":{"line":63,"column":97}},"38":{"start":{"line":63,"column":20},"end":{"line":63,"column":97}},"39":{"start":{"line":64,"column":6},"end":{"line":64,"column":60}},"40":{"start":{"line":66,"column":6},"end":{"line":66,"column":25}},"41":{"start":{"line":67,"column":6},"end":{"line":67,"column":66}},"42":{"start":{"line":72,"column":19},"end":{"line":72,"column":36}},"43":{"start":{"line":73,"column":18},"end":{"line":73,"column":26}},"44":{"start":{"line":76,"column":4},"end":{"line":82,"column":5}},"45":{"start":{"line":77,"column":6},"end":{"line":81,"column":7}},"46":{"start":{"line":78,"column":8},"end":{"line":78,"column":30}},"47":{"start":{"line":80,"column":8},"end":{"line":80,"column":74}},"48":{"start":{"line":84,"column":4},"end":{"line":86,"column":5}},"49":{"start":{"line":85,"column":6},"end":{"line":85,"column":92}},"50":{"start":{"line":88,"column":4},"end":{"line":94,"column":5}},"51":{"start":{"line":89,"column":27},"end":{"line":89,"column":79}},"52":{"start":{"line":90,"column":6},"end":{"line":90,"column":78}},"53":{"start":{"line":92,"column":6},"end":{"line":92,"column":25}},"54":{"start":{"line":93,"column":6},"end":{"line":93,"column":67}}},"fnMap":{"0":{"name":"(anonymous_0)","decl":{"start":{"line":4,"column":10},"end":{"line":4,"column":11}},"loc":{"start":{"line":4,"column":30},"end":{"line":13,"column":3}},"line":4},"1":{"name":"(anonymous_1)","decl":{"start":{"line":15,"column":10},"end":{"line":15,"column":11}},"loc":{"start":{"line":15,"column":30},"end":{"line":25,"column":3}},"line":15},"2":{"name":"(anonymous_2)","decl":{"start":{"line":27,"column":10},"end":{"line":27,"column":11}},"loc":{"start":{"line":27,"column":30},"end":{"line":42,"column":3}},"line":27},"3":{"name":"(anonymous_3)","decl":{"start":{"line":44,"column":10},"end":{"line":44,"column":11}},"loc":{"start":{"line":44,"column":30},"end":{"line":56,"column":3}},"line":44},"4":{"name":"(anonymous_4)","decl":{"start":{"line":58,"column":10},"end":{"line":58,"column":11}},"loc":{"start":{"line":58,"column":30},"end":{"line":69,"column":3}},"line":58},"5":{"name":"(anonymous_5)","decl":{"start":{"line":71,"column":18},"end":{"line":71,"column":19}},"loc":{"start":{"line":71,"column":38},"end":{"line":95,"column":3}},"line":71}},"branchMap":{"0":{"loc":{"start":{"line":19,"column":6},"end":{"line":19,"column":83}},"type":"if","locations":[{"start":{"line":19,"column":6},"end":{"line":19,"column":83}},{"start":{},"end":{}}],"line":19},"1":{"loc":{"start":{"line":31,"column":4},"end":{"line":33,"column":5}},"type":"if","locations":[{"start":{"line":31,"column":4},"end":{"line":33,"column":5}},{"start":{},"end":{}}],"line":31},"2":{"loc":{"start":{"line":31,"column":8},"end":{"line":31,"column":46}},"type":"binary-expr","locations":[{"start":{"line":31,"column":8},"end":{"line":31,"column":22}},{"start":{"line":31,"column":26},"end":{"line":31,"column":35}},{"start":{"line":31,"column":39},"end":{"line":31,"column":46}}],"line":31},"3":{"loc":{"start":{"line":50,"column":6},"end":{"line":50,"column":97}},"type":"if","locations":[{"start":{"line":50,"column":6},"end":{"line":50,"column":97}},{"start":{},"end":{}}],"line":50},"4":{"loc":{"start":{"line":63,"column":6},"end":{"line":63,"column":97}},"type":"if","locations":[{"start":{"line":63,"column":6},"end":{"line":63,"column":97}},{"start":{},"end":{}}],"line":63},"5":{"loc":{"start":{"line":76,"column":4},"end":{"line":82,"column":5}},"type":"if","locations":[{"start":{"line":76,"column":4},"end":{"line":82,"column":5}},{"start":{},"end":{}}],"line":76},"6":{"loc":{"start":{"line":84,"column":4},"end":{"line":86,"column":5}},"type":"if","locations":[{"start":{"line":84,"column":4},"end":{"line":86,"column":5}},{"start":{},"end":{}}],"line":84},"7":{"loc":{"start":{"line":84,"column":8},"end":{"line":84,"column":47}},"type":"binary-expr","locations":[{"start":{"line":84,"column":8},"end":{"line":84,"column":27}},{"start":{"line":84,"column":31},"end":{"line":84,"column":47}}],"line":84}},"s":{"0":0,"1":0,"2":0,"3":0,"4":0,"5":0,"6":0,"7":0,"8":0,"9":0,"10":0,"11":0,"12":0,"13":0,"14":0,"15":0,"16":0,"17":0,"18":0,"19":0,"20":0,"21":0,"22":0,"23":0,"24":0,"25":0,"26":0,"27":0,"28":0,"29":0,"30":0,"31":0,"32":0,"33":0,"34":0,"35":0,"36":0,"37":0,"38":0,"39":0,"40":0,"41":0,"42":0,"43":0,"44":0,"45":0,"46":0,"47":0,"48":0,"49":0,"50":0,"51":0,"52":0,"53":0,"54":0},"f":{"0":0,"1":0,"2":0,"3":0,"4":0,"5":0},"b":{"0":[0,0],"1":[0,0],"2":[0,0,0],"3":[0,0],"4":[0,0],"5":[0,0],"6":[0,0],"7":[0,0]}}
,"C:\\Users\\meska\\OneDrive\\Desktop\\bakis\\Pill-Pall-BE\\controllers\\RemindersController.js": {"path":"C:\\Users\\meska\\OneDrive\\Desktop\\bakis\\Pill-Pall-BE\\controllers\\RemindersController.js","statementMap":{"0":{"start":{"line":1,"column":18},"end":{"line":1,"column":48}},"1":{"start":{"line":3,"column":0},"end":{"line":193,"column":2}},"2":{"start":{"line":5,"column":4},"end":{"line":12,"column":5}},"3":{"start":{"line":6,"column":25},"end":{"line":6,"column":35}},"4":{"start":{"line":7,"column":24},"end":{"line":7,"column":74}},"5":{"start":{"line":8,"column":6},"end":{"line":8,"column":38}},"6":{"start":{"line":10,"column":6},"end":{"line":10,"column":25}},"7":{"start":{"line":11,"column":6},"end":{"line":11,"column":69}},"8":{"start":{"line":16,"column":4},"end":{"line":25,"column":5}},"9":{"start":{"line":17,"column":37},"end":{"line":17,"column":47}},"10":{"start":{"line":18,"column":23},"end":{"line":18,"column":78}},"11":{"start":{"line":19,"column":6},"end":{"line":20,"column":70}},"12":{"start":{"line":20,"column":8},"end":{"line":20,"column":70}},"13":{"start":{"line":21,"column":6},"end":{"line":21,"column":37}},"14":{"start":{"line":23,"column":6},"end":{"line":23,"column":25}},"15":{"start":{"line":24,"column":6},"end":{"line":24,"column":68}},"16":{"start":{"line":29,"column":4},"end":{"line":56,"column":5}},"17":{"start":{"line":30,"column":27},"end":{"line":30,"column":35}},"18":{"start":{"line":33,"column":23},"end":{"line":33,"column":51}},"19":{"start":{"line":34,"column":6},"end":{"line":36,"column":7}},"20":{"start":{"line":35,"column":8},"end":{"line":35,"column":89}},"21":{"start":{"line":39,"column":25},"end":{"line":42,"column":8}},"22":{"start":{"line":45,"column":24},"end":{"line":50,"column":7}},"23":{"start":{"line":52,"column":6},"end":{"line":52,"column":47}},"24":{"start":{"line":54,"column":6},"end":{"line":54,"column":25}},"25":{"start":{"line":55,"column":6},"end":{"line":55,"column":66}},"26":{"start":{"line":60,"column":4},"end":{"line":97,"column":5}},"27":{"start":{"line":61,"column":37},"end":{"line":61,"column":47}},"28":{"start":{"line":62,"column":25},"end":{"line":62,"column":33}},"29":{"start":{"line":65,"column":23},"end":{"line":65,"column":49}},"30":{"start":{"line":66,"column":6},"end":{"line":68,"column":7}},"31":{"start":{"line":67,"column":8},"end":{"line":67,"column":89}},"32":{"start":{"line":71,"column":22},"end":{"line":78,"column":7}},"33":{"start":{"line":80,"column":6},"end":{"line":82,"column":7}},"34":{"start":{"line":81,"column":8},"end":{"line":81,"column":85}},"35":{"start":{"line":85,"column":6},"end":{"line":85,"column":58}},"36":{"start":{"line":86,"column":6},"end":{"line":91,"column":8}},"37":{"start":{"line":93,"column":6},"end":{"line":93,"column":74}},"38":{"start":{"line":95,"column":6},"end":{"line":95,"column":25}},"39":{"start":{"line":96,"column":6},"end":{"line":96,"column":66}},"40":{"start":{"line":101,"column":4},"end":{"line":110,"column":5}},"41":{"start":{"line":102,"column":37},"end":{"line":102,"column":47}},"42":{"start":{"line":103,"column":22},"end":{"line":103,"column":76}},"43":{"start":{"line":104,"column":6},"end":{"line":105,"column":85}},"44":{"start":{"line":105,"column":8},"end":{"line":105,"column":85}},"45":{"start":{"line":106,"column":6},"end":{"line":106,"column":74}},"46":{"start":{"line":108,"column":6},"end":{"line":108,"column":25}},"47":{"start":{"line":109,"column":6},"end":{"line":109,"column":66}},"48":{"start":{"line":114,"column":4},"end":{"line":135,"column":5}},"49":{"start":{"line":115,"column":25},"end":{"line":115,"column":35}},"50":{"start":{"line":116,"column":20},"end":{"line":116,"column":28}},"51":{"start":{"line":118,"column":6},"end":{"line":124,"column":7}},"52":{"start":{"line":119,"column":8},"end":{"line":123,"column":9}},"53":{"start":{"line":120,"column":10},"end":{"line":120,"column":32}},"54":{"start":{"line":122,"column":10},"end":{"line":122,"column":76}},"55":{"start":{"line":126,"column":6},"end":{"line":128,"column":7}},"56":{"start":{"line":127,"column":8},"end":{"line":127,"column":94}},"57":{"start":{"line":130,"column":27},"end":{"line":130,"column":83}},"58":{"start":{"line":131,"column":6},"end":{"line":131,"column":80}},"59":{"start":{"line":133,"column":6},"end":{"line":133,"column":25}},"60":{"start":{"line":134,"column":6},"end":{"line":134,"column":67}},"61":{"start":{"line":139,"column":4},"end":{"line":146,"column":5}},"62":{"start":{"line":140,"column":21},"end":{"line":140,"column":38}},"63":{"start":{"line":141,"column":24},"end":{"line":141,"column":63}},"64":{"start":{"line":142,"column":6},"end":{"line":142,"column":38}},"65":{"start":{"line":144,"column":6},"end":{"line":144,"column":25}},"66":{"start":{"line":145,"column":6},"end":{"line":145,"column":67}},"67":{"start":{"line":150,"column":4},"end":{"line":166,"column":5}},"68":{"start":{"line":151,"column":25},"end":{"line":151,"column":46}},"69":{"start":{"line":153,"column":6},"end":{"line":155,"column":7}},"70":{"start":{"line":154,"column":8},"end":{"line":154,"column":89}},"71":{"start":{"line":157,"column":22},"end":{"line":157,"column":83}},"72":{"start":{"line":158,"column":6},"end":{"line":162,"column":7}},"73":{"start":{"line":159,"column":8},"end":{"line":159,"column":83}},"74":{"start":{"line":161,"column":8},"end":{"line":161,"column":63}},"75":{"start":{"line":164,"column":6},"end":{"line":164,"column":25}},"76":{"start":{"line":165,"column":6},"end":{"line":165,"column":73}},"77":{"start":{"line":170,"column":4},"end":{"line":177,"column":5}},"78":{"start":{"line":171,"column":29},"end":{"line":171,"column":39}},"79":{"start":{"line":172,"column":20},"end":{"line":172,"column":68}},"80":{"start":{"line":173,"column":6},"end":{"line":173,"column":34}},"81":{"start":{"line":175,"column":6},"end":{"line":175,"column":59}},"82":{"start":{"line":176,"column":6},"end":{"line":176,"column":74}},"83":{"start":{"line":181,"column":4},"end":{"line":191,"column":5}},"84":{"start":{"line":182,"column":29},"end":{"line":182,"column":39}},"85":{"start":{"line":183,"column":19},"end":{"line":183,"column":74}},"86":{"start":{"line":184,"column":6},"end":{"line":186,"column":7}},"87":{"start":{"line":185,"column":8},"end":{"line":185,"column":89}},"88":{"start":{"line":187,"column":6},"end":{"line":187,"column":52}},"89":{"start":{"line":189,"column":6},"end":{"line":189,"column":68}},"90":{"start":{"line":190,"column":6},"end":{"line":190,"column":73}}},"fnMap":{"0":{"name":"(anonymous_0)","decl":{"start":{"line":4,"column":15},"end":{"line":4,"column":16}},"loc":{"start":{"line":4,"column":35},"end":{"line":13,"column":3}},"line":4},"1":{"name":"(anonymous_1)","decl":{"start":{"line":15,"column":14},"end":{"line":15,"column":15}},"loc":{"start":{"line":15,"column":34},"end":{"line":26,"column":3}},"line":15},"2":{"name":"(anonymous_2)","decl":{"start":{"line":28,"column":14},"end":{"line":28,"column":15}},"loc":{"start":{"line":28,"column":34},"end":{"line":57,"column":3}},"line":28},"3":{"name":"(anonymous_3)","decl":{"start":{"line":59,"column":14},"end":{"line":59,"column":15}},"loc":{"start":{"line":59,"column":34},"end":{"line":98,"column":3}},"line":59},"4":{"name":"(anonymous_4)","decl":{"start":{"line":100,"column":14},"end":{"line":100,"column":15}},"loc":{"start":{"line":100,"column":34},"end":{"line":111,"column":3}},"line":100},"5":{"name":"(anonymous_5)","decl":{"start":{"line":113,"column":23},"end":{"line":113,"column":24}},"loc":{"start":{"line":113,"column":43},"end":{"line":136,"column":3}},"line":113},"6":{"name":"(anonymous_6)","decl":{"start":{"line":138,"column":19},"end":{"line":138,"column":20}},"loc":{"start":{"line":138,"column":39},"end":{"line":147,"column":3}},"line":138},"7":{"name":"(anonymous_7)","decl":{"start":{"line":149,"column":21},"end":{"line":149,"column":22}},"loc":{"start":{"line":149,"column":41},"end":{"line":167,"column":3}},"line":149},"8":{"name":"(anonymous_8)","decl":{"start":{"line":169,"column":24},"end":{"line":169,"column":25}},"loc":{"start":{"line":169,"column":44},"end":{"line":178,"column":3}},"line":169},"9":{"name":"(anonymous_9)","decl":{"start":{"line":180,"column":33},"end":{"line":180,"column":34}},"loc":{"start":{"line":180,"column":53},"end":{"line":192,"column":3}},"line":180}},"branchMap":{"0":{"loc":{"start":{"line":19,"column":6},"end":{"line":20,"column":70}},"type":"if","locations":[{"start":{"line":19,"column":6},"end":{"line":20,"column":70}},{"start":{},"end":{}}],"line":19},"1":{"loc":{"start":{"line":33,"column":23},"end":{"line":33,"column":51}},"type":"binary-expr","locations":[{"start":{"line":33,"column":23},"end":{"line":33,"column":45}},{"start":{"line":33,"column":49},"end":{"line":33,"column":51}}],"line":33},"2":{"loc":{"start":{"line":34,"column":6},"end":{"line":36,"column":7}},"type":"if","locations":[{"start":{"line":34,"column":6},"end":{"line":36,"column":7}},{"start":{},"end":{}}],"line":34},"3":{"loc":{"start":{"line":65,"column":23},"end":{"line":65,"column":49}},"type":"binary-expr","locations":[{"start":{"line":65,"column":23},"end":{"line":65,"column":43}},{"start":{"line":65,"column":47},"end":{"line":65,"column":49}}],"line":65},"4":{"loc":{"start":{"line":66,"column":6},"end":{"line":68,"column":7}},"type":"if","locations":[{"start":{"line":66,"column":6},"end":{"line":68,"column":7}},{"start":{},"end":{}}],"line":66},"5":{"loc":{"start":{"line":80,"column":6},"end":{"line":82,"column":7}},"type":"if","locations":[{"start":{"line":80,"column":6},"end":{"line":82,"column":7}},{"start":{},"end":{}}],"line":80},"6":{"loc":{"start":{"line":104,"column":6},"end":{"line":105,"column":85}},"type":"if","locations":[{"start":{"line":104,"column":6},"end":{"line":105,"column":85}},{"start":{},"end":{}}],"line":104},"7":{"loc":{"start":{"line":118,"column":6},"end":{"line":124,"column":7}},"type":"if","locations":[{"start":{"line":118,"column":6},"end":{"line":124,"column":7}},{"start":{},"end":{}}],"line":118},"8":{"loc":{"start":{"line":126,"column":6},"end":{"line":128,"column":7}},"type":"if","locations":[{"start":{"line":126,"column":6},"end":{"line":128,"column":7}},{"start":{},"end":{}}],"line":126},"9":{"loc":{"start":{"line":126,"column":10},"end":{"line":126,"column":49}},"type":"binary-expr","locations":[{"start":{"line":126,"column":10},"end":{"line":126,"column":29}},{"start":{"line":126,"column":33},"end":{"line":126,"column":49}}],"line":126},"10":{"loc":{"start":{"line":153,"column":6},"end":{"line":155,"column":7}},"type":"if","locations":[{"start":{"line":153,"column":6},"end":{"line":155,"column":7}},{"start":{},"end":{}}],"line":153},"11":{"loc":{"start":{"line":158,"column":6},"end":{"line":162,"column":7}},"type":"if","locations":[{"start":{"line":158,"column":6},"end":{"line":162,"column":7}},{"start":{"line":160,"column":13},"end":{"line":162,"column":7}}],"line":158},"12":{"loc":{"start":{"line":184,"column":6},"end":{"line":186,"column":7}},"type":"if","locations":[{"start":{"line":184,"column":6},"end":{"line":186,"column":7}},{"start":{},"end":{}}],"line":184}},"s":{"0":0,"1":0,"2":0,"3":0,"4":0,"5":0,"6":0,"7":0,"8":0,"9":0,"10":0,"11":0,"12":0,"13":0,"14":0,"15":0,"16":0,"17":0,"18":0,"19":0,"20":0,"21":0,"22":0,"23":0,"24":0,"25":0,"26":0,"27":0,"28":0,"29":0,"30":0,"31":0,"32":0,"33":0,"34":0,"35":0,"36":0,"37":0,"38":0,"39":0,"40":0,"41":0,"42":0,"43":0,"44":0,"45":0,"46":0,"47":0,"48":0,"49":0,"50":0,"51":0,"52":0,"53":0,"54":0,"55":0,"56":0,"57":0,"58":0,"59":0,"60":0,"61":0,"62":0,"63":0,"64":0,"65":0,"66":0,"67":0,"68":0,"69":0,"70":0,"71":0,"72":0,"73":0,"74":0,"75":0,"76":0,"77":0,"78":0,"79":0,"80":0,"81":0,"82":0,"83":0,"84":0,"85":0,"86":0,"87":0,"88":0,"89":0,"90":0},"f":{"0":0,"1":0,"2":0,"3":0,"4":0,"5":0,"6":0,"7":0,"8":0,"9":0},"b":{"0":[0,0],"1":[0,0],"2":[0,0],"3":[0,0],"4":[0,0],"5":[0,0],"6":[0,0],"7":[0,0],"8":[0,0],"9":[0,0],"10":[0,0],"11":[0,0],"12":[0,0]}}
,"C:\\Users\\meska\\OneDrive\\Desktop\\bakis\\Pill-Pall-BE\\controllers\\UsersController.js": {"path":"C:\\Users\\meska\\OneDrive\\Desktop\\bakis\\Pill-Pall-BE\\controllers\\UsersController.js","statementMap":{"0":{"start":{"line":3,"column":14},"end":{"line":3,"column":40}},"1":{"start":{"line":4,"column":15},"end":{"line":4,"column":32}},"2":{"start":{"line":5,"column":12},"end":{"line":5,"column":35}},"3":{"start":{"line":6,"column":0},"end":{"line":6,"column":27}},"4":{"start":{"line":8,"column":15},"end":{"line":8,"column":37}},"5":{"start":{"line":10,"column":19},"end":{"line":10,"column":40}},"6":{"start":{"line":12,"column":20},"end":{"line":18,"column":2}},"7":{"start":{"line":21,"column":17},"end":{"line":57,"column":1}},"8":{"start":{"line":21,"column":36},"end":{"line":57,"column":1}},"9":{"start":{"line":22,"column":60},"end":{"line":22,"column":68}},"10":{"start":{"line":24,"column":2},"end":{"line":26,"column":3}},"11":{"start":{"line":25,"column":4},"end":{"line":25,"column":73}},"12":{"start":{"line":28,"column":2},"end":{"line":30,"column":3}},"13":{"start":{"line":29,"column":4},"end":{"line":29,"column":91}},"14":{"start":{"line":32,"column":2},"end":{"line":34,"column":3}},"15":{"start":{"line":33,"column":4},"end":{"line":33,"column":99}},"16":{"start":{"line":36,"column":2},"end":{"line":38,"column":3}},"17":{"start":{"line":37,"column":4},"end":{"line":37,"column":89}},"18":{"start":{"line":40,"column":2},"end":{"line":56,"column":3}},"19":{"start":{"line":41,"column":24},"end":{"line":41,"column":65}},"20":{"start":{"line":42,"column":4},"end":{"line":44,"column":5}},"21":{"start":{"line":43,"column":6},"end":{"line":43,"column":70}},"22":{"start":{"line":46,"column":27},"end":{"line":46,"column":58}},"23":{"start":{"line":47,"column":19},"end":{"line":47,"column":102}},"24":{"start":{"line":49,"column":18},"end":{"line":49,"column":50}},"25":{"start":{"line":50,"column":4},"end":{"line":50,"column":71}},"26":{"start":{"line":52,"column":4},"end":{"line":52,"column":76}},"27":{"start":{"line":54,"column":4},"end":{"line":54,"column":46}},"28":{"start":{"line":55,"column":4},"end":{"line":55,"column":59}},"29":{"start":{"line":59,"column":16},"end":{"line":77,"column":1}},"30":{"start":{"line":61,"column":16},"end":{"line":61,"column":27}},"31":{"start":{"line":62,"column":15},"end":{"line":62,"column":36}},"32":{"start":{"line":64,"column":2},"end":{"line":64,"column":59}},"33":{"start":{"line":64,"column":14},"end":{"line":64,"column":59}},"34":{"start":{"line":66,"column":2},"end":{"line":76,"column":3}},"35":{"start":{"line":67,"column":20},"end":{"line":67,"column":45}},"36":{"start":{"line":68,"column":19},"end":{"line":68,"column":33}},"37":{"start":{"line":69,"column":22},"end":{"line":69,"column":59}},"38":{"start":{"line":71,"column":4},"end":{"line":71,"column":66}},"39":{"start":{"line":71,"column":20},"end":{"line":71,"column":66}},"40":{"start":{"line":72,"column":4},"end":{"line":72,"column":43}},"41":{"start":{"line":74,"column":4},"end":{"line":74,"column":52}},"42":{"start":{"line":75,"column":4},"end":{"line":75,"column":53}},"43":{"start":{"line":79,"column":14},"end":{"line":109,"column":1}},"44":{"start":{"line":79,"column":33},"end":{"line":109,"column":1}},"45":{"start":{"line":80,"column":30},"end":{"line":80,"column":38}},"46":{"start":{"line":82,"column":2},"end":{"line":108,"column":3}},"47":{"start":{"line":83,"column":17},"end":{"line":83,"column":56}},"48":{"start":{"line":84,"column":4},"end":{"line":84,"column":72}},"49":{"start":{"line":84,"column":15},"end":{"line":84,"column":72}},"50":{"start":{"line":86,"column":4},"end":{"line":88,"column":5}},"51":{"start":{"line":87,"column":6},"end":{"line":87,"column":93}},"52":{"start":{"line":90,"column":18},"end":{"line":90,"column":68}},"53":{"start":{"line":91,"column":4},"end":{"line":91,"column":73}},"54":{"start":{"line":91,"column":16},"end":{"line":91,"column":73}},"55":{"start":{"line":93,"column":18},"end":{"line":93,"column":92}},"56":{"start":{"line":95,"column":4},"end":{"line":104,"column":7}},"57":{"start":{"line":106,"column":4},"end":{"line":106,"column":39}},"58":{"start":{"line":107,"column":4},"end":{"line":107,"column":52}},"59":{"start":{"line":111,"column":26},"end":{"line":121,"column":1}},"60":{"start":{"line":112,"column":26},"end":{"line":112,"column":36}},"61":{"start":{"line":114,"column":2},"end":{"line":120,"column":3}},"62":{"start":{"line":115,"column":18},"end":{"line":115,"column":61}},"63":{"start":{"line":116,"column":4},"end":{"line":116,"column":20}},"64":{"start":{"line":118,"column":4},"end":{"line":118,"column":60}},"65":{"start":{"line":119,"column":4},"end":{"line":119,"column":64}},"66":{"start":{"line":123,"column":32},"end":{"line":134,"column":1}},"67":{"start":{"line":124,"column":34},"end":{"line":124,"column":42}},"68":{"start":{"line":126,"column":2},"end":{"line":133,"column":3}},"69":{"start":{"line":127,"column":20},"end":{"line":127,"column":72}},"70":{"start":{"line":128,"column":4},"end":{"line":128,"column":93}},"71":{"start":{"line":128,"column":18},"end":{"line":128,"column":93}},"72":{"start":{"line":129,"column":4},"end":{"line":129,"column":42}},"73":{"start":{"line":131,"column":4},"end":{"line":131,"column":47}},"74":{"start":{"line":132,"column":4},"end":{"line":132,"column":61}},"75":{"start":{"line":136,"column":34},"end":{"line":165,"column":1}},"76":{"start":{"line":137,"column":70},"end":{"line":137,"column":78}},"77":{"start":{"line":140,"column":2},"end":{"line":149,"column":3}},"78":{"start":{"line":141,"column":4},"end":{"line":141,"column":49}},"79":{"start":{"line":142,"column":4},"end":{"line":146,"column":5}},"80":{"start":{"line":143,"column":6},"end":{"line":143,"column":85}},"81":{"start":{"line":144,"column":11},"end":{"line":146,"column":5}},"82":{"start":{"line":145,"column":6},"end":{"line":145,"column":93}},"83":{"start":{"line":148,"column":4},"end":{"line":148,"column":69}},"84":{"start":{"line":151,"column":2},"end":{"line":155,"column":3}},"85":{"start":{"line":152,"column":4},"end":{"line":152,"column":58}},"86":{"start":{"line":154,"column":4},"end":{"line":154,"column":56}},"87":{"start":{"line":157,"column":2},"end":{"line":164,"column":3}},"88":{"start":{"line":158,"column":18},"end":{"line":158,"column":72}},"89":{"start":{"line":159,"column":4},"end":{"line":159,"column":103}},"90":{"start":{"line":160,"column":4},"end":{"line":160,"column":60}},"91":{"start":{"line":162,"column":4},"end":{"line":162,"column":64}},"92":{"start":{"line":163,"column":4},"end":{"line":163,"column":74}},"93":{"start":{"line":167,"column":29},"end":{"line":181,"column":1}},"94":{"start":{"line":168,"column":16},"end":{"line":168,"column":27}},"95":{"start":{"line":169,"column":2},"end":{"line":169,"column":59}},"96":{"start":{"line":169,"column":14},"end":{"line":169,"column":59}},"97":{"start":{"line":171,"column":2},"end":{"line":180,"column":3}},"98":{"start":{"line":172,"column":36},"end":{"line":172,"column":61}},"99":{"start":{"line":173,"column":20},"end":{"line":173,"column":73}},"100":{"start":{"line":174,"column":4},"end":{"line":174,"column":70}},"101":{"start":{"line":174,"column":18},"end":{"line":174,"column":70}},"102":{"start":{"line":176,"column":4},"end":{"line":176,"column":43}},"103":{"start":{"line":178,"column":4},"end":{"line":178,"column":56}},"104":{"start":{"line":179,"column":4},"end":{"line":179,"column":53}},"105":{"start":{"line":183,"column":32},"end":{"line":219,"column":1}},"106":{"start":{"line":184,"column":34},"end":{"line":184,"column":44}},"107":{"start":{"line":186,"column":2},"end":{"line":218,"column":3}},"108":{"start":{"line":187,"column":24},"end":{"line":187,"column":77}},"109":{"start":{"line":189,"column":4},"end":{"line":191,"column":5}},"110":{"start":{"line":190,"column":6},"end":{"line":190,"column":94}},"111":{"start":{"line":193,"column":17},"end":{"line":193,"column":48}},"112":{"start":{"line":194,"column":4},"end":{"line":196,"column":5}},"113":{"start":{"line":195,"column":6},"end":{"line":195,"column":63}},"114":{"start":{"line":198,"column":18},"end":{"line":202,"column":5}},"115":{"start":{"line":204,"column":4},"end":{"line":213,"column":7}},"116":{"start":{"line":216,"column":4},"end":{"line":216,"column":60}},"117":{"start":{"line":217,"column":4},"end":{"line":217,"column":68}},"118":{"start":{"line":221,"column":29},"end":{"line":236,"column":1}},"119":{"start":{"line":222,"column":35},"end":{"line":222,"column":43}},"120":{"start":{"line":224,"column":2},"end":{"line":235,"column":3}},"121":{"start":{"line":225,"column":17},"end":{"line":225,"column":56}},"122":{"start":{"line":226,"column":4},"end":{"line":226,"column":73}},"123":{"start":{"line":226,"column":15},"end":{"line":226,"column":73}},"124":{"start":{"line":228,"column":18},"end":{"line":228,"column":65}},"125":{"start":{"line":229,"column":4},"end":{"line":229,"column":72}},"126":{"start":{"line":231,"column":4},"end":{"line":231,"column":56}},"127":{"start":{"line":233,"column":4},"end":{"line":233,"column":45}},"128":{"start":{"line":234,"column":4},"end":{"line":234,"column":76}},"129":{"start":{"line":238,"column":22},"end":{"line":269,"column":1}},"130":{"start":{"line":239,"column":33},"end":{"line":239,"column":41}},"131":{"start":{"line":241,"column":2},"end":{"line":243,"column":3}},"132":{"start":{"line":242,"column":4},"end":{"line":242,"column":83}},"133":{"start":{"line":245,"column":2},"end":{"line":247,"column":3}},"134":{"start":{"line":246,"column":4},"end":{"line":246,"column":91}},"135":{"start":{"line":249,"column":2},"end":{"line":251,"column":3}},"136":{"start":{"line":250,"column":4},"end":{"line":250,"column":99}},"137":{"start":{"line":253,"column":2},"end":{"line":255,"column":3}},"138":{"start":{"line":254,"column":4},"end":{"line":254,"column":89}},"139":{"start":{"line":257,"column":2},"end":{"line":268,"column":3}},"140":{"start":{"line":258,"column":20},"end":{"line":258,"column":45}},"141":{"start":{"line":259,"column":27},"end":{"line":259,"column":61}},"142":{"start":{"line":261,"column":20},"end":{"line":261,"column":92}},"143":{"start":{"line":262,"column":4},"end":{"line":262,"column":76}},"144":{"start":{"line":262,"column":18},"end":{"line":262,"column":76}},"145":{"start":{"line":264,"column":4},"end":{"line":264,"column":56}},"146":{"start":{"line":266,"column":4},"end":{"line":266,"column":48}},"147":{"start":{"line":267,"column":4},"end":{"line":267,"column":65}},"148":{"start":{"line":271,"column":19},"end":{"line":299,"column":1}},"149":{"start":{"line":271,"column":38},"end":{"line":299,"column":1}},"150":{"start":{"line":273,"column":2},"end":{"line":279,"column":3}},"151":{"start":{"line":274,"column":28},"end":{"line":274,"column":38}},"152":{"start":{"line":275,"column":4},"end":{"line":275,"column":21}},"153":{"start":{"line":277,"column":23},"end":{"line":277,"column":33}},"154":{"start":{"line":278,"column":4},"end":{"line":278,"column":16}},"155":{"start":{"line":280,"column":21},"end":{"line":280,"column":29}},"156":{"start":{"line":282,"column":2},"end":{"line":284,"column":3}},"157":{"start":{"line":283,"column":4},"end":{"line":283,"column":66}},"158":{"start":{"line":286,"column":2},"end":{"line":288,"column":3}},"159":{"start":{"line":287,"column":4},"end":{"line":287,"column":76}},"160":{"start":{"line":290,"column":2},"end":{"line":298,"column":3}},"161":{"start":{"line":291,"column":20},"end":{"line":291,"column":64}},"162":{"start":{"line":292,"column":4},"end":{"line":292,"column":76}},"163":{"start":{"line":292,"column":18},"end":{"line":292,"column":76}},"164":{"start":{"line":294,"column":4},"end":{"line":294,"column":56}},"165":{"start":{"line":296,"column":4},"end":{"line":296,"column":47}},"166":{"start":{"line":297,"column":4},"end":{"line":297,"column":62}},"167":{"start":{"line":301,"column":19},"end":{"line":323,"column":1}},"168":{"start":{"line":301,"column":38},"end":{"line":323,"column":1}},"169":{"start":{"line":303,"column":2},"end":{"line":310,"column":3}},"170":{"start":{"line":304,"column":26},"end":{"line":304,"column":36}},"171":{"start":{"line":305,"column":4},"end":{"line":305,"column":19}},"172":{"start":{"line":308,"column":21},"end":{"line":308,"column":31}},"173":{"start":{"line":309,"column":4},"end":{"line":309,"column":14}},"174":{"start":{"line":312,"column":2},"end":{"line":312,"column":65}},"175":{"start":{"line":312,"column":11},"end":{"line":312,"column":65}},"176":{"start":{"line":314,"column":2},"end":{"line":322,"column":3}},"177":{"start":{"line":315,"column":20},"end":{"line":315,"column":52}},"178":{"start":{"line":316,"column":4},"end":{"line":316,"column":76}},"179":{"start":{"line":316,"column":18},"end":{"line":316,"column":76}},"180":{"start":{"line":318,"column":4},"end":{"line":318,"column":56}},"181":{"start":{"line":320,"column":4},"end":{"line":320,"column":47}},"182":{"start":{"line":321,"column":4},"end":{"line":321,"column":62}},"183":{"start":{"line":325,"column":23},"end":{"line":359,"column":1}},"184":{"start":{"line":326,"column":28},"end":{"line":326,"column":36}},"185":{"start":{"line":327,"column":19},"end":{"line":327,"column":62}},"186":{"start":{"line":328,"column":17},"end":{"line":328,"column":57}},"187":{"start":{"line":330,"column":4},"end":{"line":332,"column":5}},"188":{"start":{"line":331,"column":8},"end":{"line":331,"column":85}},"189":{"start":{"line":334,"column":4},"end":{"line":336,"column":5}},"190":{"start":{"line":335,"column":8},"end":{"line":335,"column":95}},"191":{"start":{"line":338,"column":4},"end":{"line":340,"column":5}},"192":{"start":{"line":339,"column":8},"end":{"line":339,"column":101}},"193":{"start":{"line":342,"column":4},"end":{"line":344,"column":5}},"194":{"start":{"line":343,"column":8},"end":{"line":343,"column":94}},"195":{"start":{"line":346,"column":4},"end":{"line":358,"column":5}},"196":{"start":{"line":347,"column":31},"end":{"line":347,"column":65}},"197":{"start":{"line":348,"column":24},"end":{"line":348,"column":80}},"198":{"start":{"line":350,"column":8},"end":{"line":352,"column":9}},"199":{"start":{"line":351,"column":12},"end":{"line":351,"column":75}},"200":{"start":{"line":354,"column":8},"end":{"line":354,"column":68}},"201":{"start":{"line":356,"column":8},"end":{"line":356,"column":63}},"202":{"start":{"line":357,"column":8},"end":{"line":357,"column":77}},"203":{"start":{"line":361,"column":23},"end":{"line":380,"column":1}},"204":{"start":{"line":362,"column":47},"end":{"line":362,"column":55}},"205":{"start":{"line":364,"column":4},"end":{"line":379,"column":5}},"206":{"start":{"line":365,"column":21},"end":{"line":365,"column":60}},"207":{"start":{"line":366,"column":8},"end":{"line":368,"column":9}},"208":{"start":{"line":367,"column":12},"end":{"line":367,"column":74}},"209":{"start":{"line":370,"column":22},"end":{"line":370,"column":72}},"210":{"start":{"line":371,"column":8},"end":{"line":373,"column":9}},"211":{"start":{"line":372,"column":12},"end":{"line":372,"column":78}},"212":{"start":{"line":375,"column":8},"end":{"line":375,"column":55}},"213":{"start":{"line":377,"column":8},"end":{"line":377,"column":63}},"214":{"start":{"line":378,"column":8},"end":{"line":378,"column":76}},"215":{"start":{"line":382,"column":0},"end":{"line":401,"column":2}}},"fnMap":{"0":{"name":"(anonymous_0)","decl":{"start":{"line":21,"column":17},"end":{"line":21,"column":18}},"loc":{"start":{"line":21,"column":36},"end":{"line":57,"column":1}},"line":21},"1":{"name":"(anonymous_1)","decl":{"start":{"line":21,"column":36},"end":{"line":21,"column":37}},"loc":{"start":{"line":21,"column":56},"end":{"line":57,"column":1}},"line":21},"2":{"name":"(anonymous_2)","decl":{"start":{"line":59,"column":16},"end":{"line":59,"column":17}},"loc":{"start":{"line":59,"column":36},"end":{"line":77,"column":1}},"line":59},"3":{"name":"(anonymous_3)","decl":{"start":{"line":79,"column":14},"end":{"line":79,"column":15}},"loc":{"start":{"line":79,"column":33},"end":{"line":109,"column":1}},"line":79},"4":{"name":"(anonymous_4)","decl":{"start":{"line":79,"column":33},"end":{"line":79,"column":34}},"loc":{"start":{"line":79,"column":53},"end":{"line":109,"column":1}},"line":79},"5":{"name":"(anonymous_5)","decl":{"start":{"line":111,"column":26},"end":{"line":111,"column":27}},"loc":{"start":{"line":111,"column":46},"end":{"line":121,"column":1}},"line":111},"6":{"name":"(anonymous_6)","decl":{"start":{"line":123,"column":32},"end":{"line":123,"column":33}},"loc":{"start":{"line":123,"column":52},"end":{"line":134,"column":1}},"line":123},"7":{"name":"(anonymous_7)","decl":{"start":{"line":136,"column":34},"end":{"line":136,"column":35}},"loc":{"start":{"line":136,"column":54},"end":{"line":165,"column":1}},"line":136},"8":{"name":"(anonymous_8)","decl":{"start":{"line":167,"column":29},"end":{"line":167,"column":30}},"loc":{"start":{"line":167,"column":49},"end":{"line":181,"column":1}},"line":167},"9":{"name":"(anonymous_9)","decl":{"start":{"line":183,"column":32},"end":{"line":183,"column":33}},"loc":{"start":{"line":183,"column":52},"end":{"line":219,"column":1}},"line":183},"10":{"name":"(anonymous_10)","decl":{"start":{"line":221,"column":29},"end":{"line":221,"column":30}},"loc":{"start":{"line":221,"column":49},"end":{"line":236,"column":1}},"line":221},"11":{"name":"(anonymous_11)","decl":{"start":{"line":238,"column":22},"end":{"line":238,"column":23}},"loc":{"start":{"line":238,"column":42},"end":{"line":269,"column":1}},"line":238},"12":{"name":"(anonymous_12)","decl":{"start":{"line":271,"column":19},"end":{"line":271,"column":20}},"loc":{"start":{"line":271,"column":38},"end":{"line":299,"column":1}},"line":271},"13":{"name":"(anonymous_13)","decl":{"start":{"line":271,"column":38},"end":{"line":271,"column":39}},"loc":{"start":{"line":271,"column":58},"end":{"line":299,"column":1}},"line":271},"14":{"name":"(anonymous_14)","decl":{"start":{"line":301,"column":19},"end":{"line":301,"column":20}},"loc":{"start":{"line":301,"column":38},"end":{"line":323,"column":1}},"line":301},"15":{"name":"(anonymous_15)","decl":{"start":{"line":301,"column":38},"end":{"line":301,"column":39}},"loc":{"start":{"line":301,"column":58},"end":{"line":323,"column":1}},"line":301},"16":{"name":"(anonymous_16)","decl":{"start":{"line":325,"column":23},"end":{"line":325,"column":24}},"loc":{"start":{"line":325,"column":43},"end":{"line":359,"column":1}},"line":325},"17":{"name":"(anonymous_17)","decl":{"start":{"line":361,"column":23},"end":{"line":361,"column":24}},"loc":{"start":{"line":361,"column":43},"end":{"line":380,"column":1}},"line":361}},"branchMap":{"0":{"loc":{"start":{"line":21,"column":18},"end":{"line":21,"column":31}},"type":"default-arg","locations":[{"start":{"line":21,"column":25},"end":{"line":21,"column":31}}],"line":21},"1":{"loc":{"start":{"line":24,"column":2},"end":{"line":26,"column":3}},"type":"if","locations":[{"start":{"line":24,"column":2},"end":{"line":26,"column":3}},{"start":{},"end":{}}],"line":24},"2":{"loc":{"start":{"line":24,"column":6},"end":{"line":24,"column":85}},"type":"binary-expr","locations":[{"start":{"line":24,"column":6},"end":{"line":24,"column":11}},{"start":{"line":24,"column":15},"end":{"line":24,"column":21}},{"start":{"line":24,"column":25},"end":{"line":24,"column":33}},{"start":{"line":24,"column":37},"end":{"line":24,"column":46}},{"start":{"line":24,"column":51},"end":{"line":24,"column":66}},{"start":{"line":24,"column":70},"end":{"line":24,"column":84}}],"line":24},"3":{"loc":{"start":{"line":28,"column":2},"end":{"line":30,"column":3}},"type":"if","locations":[{"start":{"line":28,"column":2},"end":{"line":30,"column":3}},{"start":{},"end":{}}],"line":28},"4":{"loc":{"start":{"line":32,"column":2},"end":{"line":34,"column":3}},"type":"if","locations":[{"start":{"line":32,"column":2},"end":{"line":34,"column":3}},{"start":{},"end":{}}],"line":32},"5":{"loc":{"start":{"line":36,"column":2},"end":{"line":38,"column":3}},"type":"if","locations":[{"start":{"line":36,"column":2},"end":{"line":38,"column":3}},{"start":{},"end":{}}],"line":36},"6":{"loc":{"start":{"line":42,"column":4},"end":{"line":44,"column":5}},"type":"if","locations":[{"start":{"line":42,"column":4},"end":{"line":44,"column":5}},{"start":{},"end":{}}],"line":42},"7":{"loc":{"start":{"line":62,"column":15},"end":{"line":62,"column":36}},"type":"binary-expr","locations":[{"start":{"line":62,"column":15},"end":{"line":62,"column":26}},{"start":{"line":62,"column":30},"end":{"line":62,"column":36}}],"line":62},"8":{"loc":{"start":{"line":64,"column":2},"end":{"line":64,"column":59}},"type":"if","locations":[{"start":{"line":64,"column":2},"end":{"line":64,"column":59}},{"start":{},"end":{}}],"line":64},"9":{"loc":{"start":{"line":71,"column":4},"end":{"line":71,"column":66}},"type":"if","locations":[{"start":{"line":71,"column":4},"end":{"line":71,"column":66}},{"start":{},"end":{}}],"line":71},"10":{"loc":{"start":{"line":79,"column":15},"end":{"line":79,"column":28}},"type":"default-arg","locations":[{"start":{"line":79,"column":22},"end":{"line":79,"column":28}}],"line":79},"11":{"loc":{"start":{"line":84,"column":4},"end":{"line":84,"column":72}},"type":"if","locations":[{"start":{"line":84,"column":4},"end":{"line":84,"column":72}},{"start":{},"end":{}}],"line":84},"12":{"loc":{"start":{"line":86,"column":4},"end":{"line":88,"column":5}},"type":"if","locations":[{"start":{"line":86,"column":4},"end":{"line":88,"column":5}},{"start":{},"end":{}}],"line":86},"13":{"loc":{"start":{"line":91,"column":4},"end":{"line":91,"column":73}},"type":"if","locations":[{"start":{"line":91,"column":4},"end":{"line":91,"column":73}},{"start":{},"end":{}}],"line":91},"14":{"loc":{"start":{"line":102,"column":12},"end":{"line":102,"column":68}},"type":"binary-expr","locations":[{"start":{"line":102,"column":12},"end":{"line":102,"column":27}},{"start":{"line":102,"column":31},"end":{"line":102,"column":68}}],"line":102},"15":{"loc":{"start":{"line":128,"column":4},"end":{"line":128,"column":93}},"type":"if","locations":[{"start":{"line":128,"column":4},"end":{"line":128,"column":93}},{"start":{},"end":{}}],"line":128},"16":{"loc":{"start":{"line":142,"column":4},"end":{"line":146,"column":5}},"type":"if","locations":[{"start":{"line":142,"column":4},"end":{"line":146,"column":5}},{"start":{"line":144,"column":11},"end":{"line":146,"column":5}}],"line":142},"17":{"loc":{"start":{"line":144,"column":11},"end":{"line":146,"column":5}},"type":"if","locations":[{"start":{"line":144,"column":11},"end":{"line":146,"column":5}},{"start":{},"end":{}}],"line":144},"18":{"loc":{"start":{"line":169,"column":2},"end":{"line":169,"column":59}},"type":"if","locations":[{"start":{"line":169,"column":2},"end":{"line":169,"column":59}},{"start":{},"end":{}}],"line":169},"19":{"loc":{"start":{"line":174,"column":4},"end":{"line":174,"column":70}},"type":"if","locations":[{"start":{"line":174,"column":4},"end":{"line":174,"column":70}},{"start":{},"end":{}}],"line":174},"20":{"loc":{"start":{"line":189,"column":4},"end":{"line":191,"column":5}},"type":"if","locations":[{"start":{"line":189,"column":4},"end":{"line":191,"column":5}},{"start":{},"end":{}}],"line":189},"21":{"loc":{"start":{"line":194,"column":4},"end":{"line":196,"column":5}},"type":"if","locations":[{"start":{"line":194,"column":4},"end":{"line":196,"column":5}},{"start":{},"end":{}}],"line":194},"22":{"loc":{"start":{"line":222,"column":17},"end":{"line":222,"column":30}},"type":"default-arg","locations":[{"start":{"line":222,"column":24},"end":{"line":222,"column":30}}],"line":222},"23":{"loc":{"start":{"line":226,"column":4},"end":{"line":226,"column":73}},"type":"if","locations":[{"start":{"line":226,"column":4},"end":{"line":226,"column":73}},{"start":{},"end":{}}],"line":226},"24":{"loc":{"start":{"line":241,"column":2},"end":{"line":243,"column":3}},"type":"if","locations":[{"start":{"line":241,"column":2},"end":{"line":243,"column":3}},{"start":{},"end":{}}],"line":241},"25":{"loc":{"start":{"line":241,"column":6},"end":{"line":241,"column":28}},"type":"binary-expr","locations":[{"start":{"line":241,"column":6},"end":{"line":241,"column":12}},{"start":{"line":241,"column":16},"end":{"line":241,"column":28}}],"line":241},"26":{"loc":{"start":{"line":245,"column":2},"end":{"line":247,"column":3}},"type":"if","locations":[{"start":{"line":245,"column":2},"end":{"line":247,"column":3}},{"start":{},"end":{}}],"line":245},"27":{"loc":{"start":{"line":249,"column":2},"end":{"line":251,"column":3}},"type":"if","locations":[{"start":{"line":249,"column":2},"end":{"line":251,"column":3}},{"start":{},"end":{}}],"line":249},"28":{"loc":{"start":{"line":253,"column":2},"end":{"line":255,"column":3}},"type":"if","locations":[{"start":{"line":253,"column":2},"end":{"line":255,"column":3}},{"start":{},"end":{}}],"line":253},"29":{"loc":{"start":{"line":262,"column":4},"end":{"line":262,"column":76}},"type":"if","locations":[{"start":{"line":262,"column":4},"end":{"line":262,"column":76}},{"start":{},"end":{}}],"line":262},"30":{"loc":{"start":{"line":271,"column":20},"end":{"line":271,"column":33}},"type":"default-arg","locations":[{"start":{"line":271,"column":27},"end":{"line":271,"column":33}}],"line":271},"31":{"loc":{"start":{"line":273,"column":2},"end":{"line":279,"column":3}},"type":"if","locations":[{"start":{"line":273,"column":2},"end":{"line":279,"column":3}},{"start":{"line":276,"column":9},"end":{"line":279,"column":3}}],"line":273},"32":{"loc":{"start":{"line":282,"column":2},"end":{"line":284,"column":3}},"type":"if","locations":[{"start":{"line":282,"column":2},"end":{"line":284,"column":3}},{"start":{},"end":{}}],"line":282},"33":{"loc":{"start":{"line":286,"column":2},"end":{"line":288,"column":3}},"type":"if","locations":[{"start":{"line":286,"column":2},"end":{"line":288,"column":3}},{"start":{},"end":{}}],"line":286},"34":{"loc":{"start":{"line":286,"column":6},"end":{"line":286,"column":49}},"type":"binary-expr","locations":[{"start":{"line":286,"column":6},"end":{"line":286,"column":9}},{"start":{"line":286,"column":13},"end":{"line":286,"column":49}}],"line":286},"35":{"loc":{"start":{"line":292,"column":4},"end":{"line":292,"column":76}},"type":"if","locations":[{"start":{"line":292,"column":4},"end":{"line":292,"column":76}},{"start":{},"end":{}}],"line":292},"36":{"loc":{"start":{"line":301,"column":20},"end":{"line":301,"column":33}},"type":"default-arg","locations":[{"start":{"line":301,"column":27},"end":{"line":301,"column":33}}],"line":301},"37":{"loc":{"start":{"line":303,"column":2},"end":{"line":310,"column":3}},"type":"if","locations":[{"start":{"line":303,"column":2},"end":{"line":310,"column":3}},{"start":{"line":307,"column":7},"end":{"line":310,"column":3}}],"line":303},"38":{"loc":{"start":{"line":312,"column":2},"end":{"line":312,"column":65}},"type":"if","locations":[{"start":{"line":312,"column":2},"end":{"line":312,"column":65}},{"start":{},"end":{}}],"line":312},"39":{"loc":{"start":{"line":316,"column":4},"end":{"line":316,"column":76}},"type":"if","locations":[{"start":{"line":316,"column":4},"end":{"line":316,"column":76}},{"start":{},"end":{}}],"line":316},"40":{"loc":{"start":{"line":327,"column":19},"end":{"line":327,"column":62}},"type":"binary-expr","locations":[{"start":{"line":327,"column":19},"end":{"line":327,"column":36}},{"start":{"line":327,"column":40},"end":{"line":327,"column":62}}],"line":327},"41":{"loc":{"start":{"line":328,"column":17},"end":{"line":328,"column":57}},"type":"cond-expr","locations":[{"start":{"line":328,"column":37},"end":{"line":328,"column":43}},{"start":{"line":328,"column":46},"end":{"line":328,"column":57}}],"line":328},"42":{"loc":{"start":{"line":330,"column":4},"end":{"line":332,"column":5}},"type":"if","locations":[{"start":{"line":330,"column":4},"end":{"line":332,"column":5}},{"start":{},"end":{}}],"line":330},"43":{"loc":{"start":{"line":334,"column":4},"end":{"line":336,"column":5}},"type":"if","locations":[{"start":{"line":334,"column":4},"end":{"line":336,"column":5}},{"start":{},"end":{}}],"line":334},"44":{"loc":{"start":{"line":338,"column":4},"end":{"line":340,"column":5}},"type":"if","locations":[{"start":{"line":338,"column":4},"end":{"line":340,"column":5}},{"start":{},"end":{}}],"line":338},"45":{"loc":{"start":{"line":342,"column":4},"end":{"line":344,"column":5}},"type":"if","locations":[{"start":{"line":342,"column":4},"end":{"line":344,"column":5}},{"start":{},"end":{}}],"line":342},"46":{"loc":{"start":{"line":350,"column":8},"end":{"line":352,"column":9}},"type":"if","locations":[{"start":{"line":350,"column":8},"end":{"line":352,"column":9}},{"start":{},"end":{}}],"line":350},"47":{"loc":{"start":{"line":362,"column":29},"end":{"line":362,"column":42}},"type":"default-arg","locations":[{"start":{"line":362,"column":36},"end":{"line":362,"column":42}}],"line":362},"48":{"loc":{"start":{"line":366,"column":8},"end":{"line":368,"column":9}},"type":"if","locations":[{"start":{"line":366,"column":8},"end":{"line":368,"column":9}},{"start":{},"end":{}}],"line":366},"49":{"loc":{"start":{"line":371,"column":8},"end":{"line":373,"column":9}},"type":"if","locations":[{"start":{"line":371,"column":8},"end":{"line":373,"column":9}},{"start":{},"end":{}}],"line":371}},"s":{"0":1,"1":1,"2":1,"3":1,"4":1,"5":1,"6":1,"7":1,"8":2,"9":1,"10":1,"11":0,"12":1,"13":0,"14":1,"15":1,"16":0,"17":0,"18":0,"19":0,"20":0,"21":0,"22":0,"23":0,"24":0,"25":0,"26":0,"27":0,"28":0,"29":1,"30":0,"31":0,"32":0,"33":0,"34":0,"35":0,"36":0,"37":0,"38":0,"39":0,"40":0,"41":0,"42":0,"43":1,"44":2,"45":0,"46":0,"47":0,"48":0,"49":0,"50":0,"51":0,"52":0,"53":0,"54":0,"55":0,"56":0,"57":0,"58":0,"59":1,"60":0,"61":0,"62":0,"63":0,"64":0,"65":0,"66":1,"67":0,"68":0,"69":0,"70":0,"71":0,"72":0,"73":0,"74":0,"75":1,"76":0,"77":0,"78":0,"79":0,"80":0,"81":0,"82":0,"83":0,"84":0,"85":0,"86":0,"87":0,"88":0,"89":0,"90":0,"91":0,"92":0,"93":1,"94":0,"95":0,"96":0,"97":0,"98":0,"99":0,"100":0,"101":0,"102":0,"103":0,"104":0,"105":1,"106":0,"107":0,"108":0,"109":0,"110":0,"111":0,"112":0,"113":0,"114":0,"115":0,"116":0,"117":0,"118":1,"119":0,"120":0,"121":0,"122":0,"123":0,"124":0,"125":0,"126":0,"127":0,"128":0,"129":1,"130":0,"131":0,"132":0,"133":0,"134":0,"135":0,"136":0,"137":0,"138":0,"139":0,"140":0,"141":0,"142":0,"143":0,"144":0,"145":0,"146":0,"147":0,"148":1,"149":2,"150":0,"151":0,"152":0,"153":0,"154":0,"155":0,"156":0,"157":0,"158":0,"159":0,"160":0,"161":0,"162":0,"163":0,"164":0,"165":0,"166":0,"167":1,"168":2,"169":0,"170":0,"171":0,"172":0,"173":0,"174":0,"175":0,"176":0,"177":0,"178":0,"179":0,"180":0,"181":0,"182":0,"183":1,"184":0,"185":0,"186":0,"187":0,"188":0,"189":0,"190":0,"191":0,"192":0,"193":0,"194":0,"195":0,"196":0,"197":0,"198":0,"199":0,"200":0,"201":0,"202":0,"203":1,"204":0,"205":0,"206":0,"207":0,"208":0,"209":0,"210":0,"211":0,"212":0,"213":0,"214":0,"215":1},"f":{"0":2,"1":1,"2":0,"3":2,"4":0,"5":0,"6":0,"7":0,"8":0,"9":0,"10":0,"11":0,"12":2,"13":0,"14":2,"15":0,"16":0,"17":0},"b":{"0":[0],"1":[0,1],"2":[1,1,1,1,1,1],"3":[0,1],"4":[1,0],"5":[0,0],"6":[0,0],"7":[0,0],"8":[0,0],"9":[0,0],"10":[0],"11":[0,0],"12":[0,0],"13":[0,0],"14":[0,0],"15":[0,0],"16":[0,0],"17":[0,0],"18":[0,0],"19":[0,0],"20":[0,0],"21":[0,0],"22":[0],"23":[0,0],"24":[0,0],"25":[0,0],"26":[0,0],"27":[0,0],"28":[0,0],"29":[0,0],"30":[0],"31":[0,0],"32":[0,0],"33":[0,0],"34":[0,0],"35":[0,0],"36":[0],"37":[0,0],"38":[0,0],"39":[0,0],"40":[0,0],"41":[0,0],"42":[0,0],"43":[0,0],"44":[0,0],"45":[0,0],"46":[0,0],"47":[0],"48":[0,0],"49":[0,0]},"_coverageSchema":"1a1c01bbd47fc00a2c39e90264f33305004495a9","hash":"62c0d93d1bd35582e091833b6d06e40c0970ed9c"}
,"C:\\Users\\meska\\OneDrive\\Desktop\\bakis\\Pill-Pall-BE\\models\\Medicines.js": {"path":"C:\\Users\\meska\\OneDrive\\Desktop\\bakis\\Pill-Pall-BE\\models\\Medicines.js","statementMap":{"0":{"start":{"line":1,"column":11},"end":{"line":1,"column":27}},"1":{"start":{"line":3,"column":0},"end":{"line":47,"column":2}},"2":{"start":{"line":5,"column":19},"end":{"line":5,"column":88}},"3":{"start":{"line":6,"column":4},"end":{"line":6,"column":16}},"4":{"start":{"line":10,"column":19},"end":{"line":10,"column":111}},"5":{"start":{"line":11,"column":4},"end":{"line":11,"column":44}},"6":{"start":{"line":15,"column":21},"end":{"line":18,"column":5}},"7":{"start":{"line":19,"column":4},"end":{"line":19,"column":27}},"8":{"start":{"line":23,"column":21},"end":{"line":28,"column":5}},"9":{"start":{"line":29,"column":4},"end":{"line":29,"column":35}},"10":{"start":{"line":33,"column":21},"end":{"line":36,"column":5}},"11":{"start":{"line":37,"column":4},"end":{"line":37,"column":35}},"12":{"start":{"line":41,"column":4},"end":{"line":41,"column":42}},"13":{"start":{"line":41,"column":29},"end":{"line":41,"column":42}},"14":{"start":{"line":42,"column":25},"end":{"line":42,"column":61}},"15":{"start":{"line":42,"column":47},"end":{"line":42,"column":50}},"16":{"start":{"line":43,"column":18},"end":{"line":43,"column":87}},"17":{"start":{"line":44,"column":21},"end":{"line":44,"column":68}},"18":{"start":{"line":45,"column":4},"end":{"line":45,"column":31}}},"fnMap":{"0":{"name":"(anonymous_0)","decl":{"start":{"line":4,"column":25},"end":{"line":4,"column":26}},"loc":{"start":{"line":4,"column":43},"end":{"line":7,"column":3}},"line":4},"1":{"name":"(anonymous_1)","decl":{"start":{"line":9,"column":19},"end":{"line":9,"column":20}},"loc":{"start":{"line":9,"column":49},"end":{"line":12,"column":3}},"line":9},"2":{"name":"(anonymous_2)","decl":{"start":{"line":14,"column":22},"end":{"line":14,"column":23}},"loc":{"start":{"line":14,"column":84},"end":{"line":20,"column":3}},"line":14},"3":{"name":"(anonymous_3)","decl":{"start":{"line":22,"column":25},"end":{"line":22,"column":26}},"loc":{"start":{"line":22,"column":99},"end":{"line":30,"column":3}},"line":22},"4":{"name":"(anonymous_4)","decl":{"start":{"line":32,"column":25},"end":{"line":32,"column":26}},"loc":{"start":{"line":32,"column":55},"end":{"line":38,"column":3}},"line":32},"5":{"name":"(anonymous_5)","decl":{"start":{"line":40,"column":27},"end":{"line":40,"column":28}},"loc":{"start":{"line":40,"column":58},"end":{"line":46,"column":3}},"line":40},"6":{"name":"(anonymous_6)","decl":{"start":{"line":42,"column":41},"end":{"line":42,"column":42}},"loc":{"start":{"line":42,"column":47},"end":{"line":42,"column":50}},"line":42}},"branchMap":{"0":{"loc":{"start":{"line":11,"column":11},"end":{"line":11,"column":43}},"type":"cond-expr","locations":[{"start":{"line":11,"column":29},"end":{"line":11,"column":36}},{"start":{"line":11,"column":39},"end":{"line":11,"column":43}}],"line":11},"1":{"loc":{"start":{"line":41,"column":4},"end":{"line":41,"column":42}},"type":"if","locations":[{"start":{"line":41,"column":4},"end":{"line":41,"column":42}},{"start":{},"end":{}}],"line":41}},"s":{"0":0,"1":0,"2":0,"3":0,"4":0,"5":0,"6":0,"7":0,"8":0,"9":0,"10":0,"11":0,"12":0,"13":0,"14":0,"15":0,"16":0,"17":0,"18":0},"f":{"0":0,"1":0,"2":0,"3":0,"4":0,"5":0,"6":0},"b":{"0":[0,0],"1":[0,0]}}
,"C:\\Users\\meska\\OneDrive\\Desktop\\bakis\\Pill-Pall-BE\\models\\Reminders.js": {"path":"C:\\Users\\meska\\OneDrive\\Desktop\\bakis\\Pill-Pall-BE\\models\\Reminders.js","statementMap":{"0":{"start":{"line":1,"column":11},"end":{"line":1,"column":27}},"1":{"start":{"line":3,"column":0},"end":{"line":309,"column":2}},"2":{"start":{"line":5,"column":28},"end":{"line":8,"column":5}},"3":{"start":{"line":10,"column":4},"end":{"line":16,"column":5}},"4":{"start":{"line":11,"column":25},"end":{"line":14,"column":7}},"5":{"start":{"line":15,"column":6},"end":{"line":15,"column":57}},"6":{"start":{"line":15,"column":43},"end":{"line":15,"column":55}},"7":{"start":{"line":18,"column":4},"end":{"line":18,"column":25}},"8":{"start":{"line":22,"column":22},"end":{"line":25,"column":5}},"9":{"start":{"line":27,"column":4},"end":{"line":27,"column":42}},"10":{"start":{"line":27,"column":30},"end":{"line":27,"column":42}},"11":{"start":{"line":29,"column":23},"end":{"line":32,"column":5}},"12":{"start":{"line":34,"column":17},"end":{"line":34,"column":27}},"13":{"start":{"line":35,"column":4},"end":{"line":35,"column":55}},"14":{"start":{"line":35,"column":41},"end":{"line":35,"column":53}},"15":{"start":{"line":37,"column":4},"end":{"line":37,"column":16}},"16":{"start":{"line":49,"column":8},"end":{"line":49,"column":20}},"17":{"start":{"line":51,"column":23},"end":{"line":51,"column":47}},"18":{"start":{"line":52,"column":4},"end":{"line":52,"column":40}},"19":{"start":{"line":54,"column":4},"end":{"line":83,"column":5}},"20":{"start":{"line":56,"column":23},"end":{"line":63,"column":7}},"21":{"start":{"line":65,"column":29},"end":{"line":65,"column":44}},"22":{"start":{"line":68,"column":6},"end":{"line":74,"column":7}},"23":{"start":{"line":69,"column":31},"end":{"line":69,"column":74}},"24":{"start":{"line":69,"column":52},"end":{"line":69,"column":73}},"25":{"start":{"line":70,"column":8},"end":{"line":73,"column":10}},"26":{"start":{"line":76,"column":6},"end":{"line":76,"column":32}},"27":{"start":{"line":77,"column":6},"end":{"line":77,"column":28}},"28":{"start":{"line":79,"column":6},"end":{"line":79,"column":34}},"29":{"start":{"line":80,"column":6},"end":{"line":80,"column":16}},"30":{"start":{"line":82,"column":6},"end":{"line":82,"column":27}},"31":{"start":{"line":87,"column":23},"end":{"line":87,"column":47}},"32":{"start":{"line":88,"column":4},"end":{"line":88,"column":40}},"33":{"start":{"line":90,"column":4},"end":{"line":129,"column":5}},"34":{"start":{"line":91,"column":41},"end":{"line":91,"column":51}},"35":{"start":{"line":94,"column":23},"end":{"line":97,"column":7}},"36":{"start":{"line":99,"column":6},"end":{"line":102,"column":7}},"37":{"start":{"line":100,"column":8},"end":{"line":100,"column":36}},"38":{"start":{"line":101,"column":8},"end":{"line":101,"column":21}},"39":{"start":{"line":105,"column":6},"end":{"line":120,"column":7}},"40":{"start":{"line":107,"column":8},"end":{"line":110,"column":10}},"41":{"start":{"line":113,"column":8},"end":{"line":119,"column":9}},"42":{"start":{"line":114,"column":33},"end":{"line":114,"column":72}},"43":{"start":{"line":114,"column":54},"end":{"line":114,"column":71}},"44":{"start":{"line":115,"column":10},"end":{"line":118,"column":12}},"45":{"start":{"line":122,"column":6},"end":{"line":122,"column":32}},"46":{"start":{"line":123,"column":6},"end":{"line":123,"column":18}},"47":{"start":{"line":125,"column":6},"end":{"line":125,"column":34}},"48":{"start":{"line":126,"column":6},"end":{"line":126,"column":16}},"49":{"start":{"line":128,"column":6},"end":{"line":128,"column":27}},"50":{"start":{"line":133,"column":23},"end":{"line":133,"column":47}},"51":{"start":{"line":134,"column":4},"end":{"line":134,"column":40}},"52":{"start":{"line":136,"column":4},"end":{"line":150,"column":5}},"53":{"start":{"line":138,"column":23},"end":{"line":141,"column":7}},"54":{"start":{"line":143,"column":6},"end":{"line":143,"column":32}},"55":{"start":{"line":144,"column":6},"end":{"line":144,"column":37}},"56":{"start":{"line":146,"column":6},"end":{"line":146,"column":34}},"57":{"start":{"line":147,"column":6},"end":{"line":147,"column":16}},"58":{"start":{"line":149,"column":6},"end":{"line":149,"column":27}},"59":{"start":{"line":154,"column":4},"end":{"line":154,"column":59}},"60":{"start":{"line":154,"column":50},"end":{"line":154,"column":59}},"61":{"start":{"line":156,"column":23},"end":{"line":156,"column":47}},"62":{"start":{"line":157,"column":4},"end":{"line":157,"column":40}},"63":{"start":{"line":159,"column":4},"end":{"line":173,"column":5}},"64":{"start":{"line":160,"column":27},"end":{"line":160,"column":63}},"65":{"start":{"line":160,"column":49},"end":{"line":160,"column":52}},"66":{"start":{"line":161,"column":23},"end":{"line":164,"column":7}},"67":{"start":{"line":166,"column":6},"end":{"line":166,"column":32}},"68":{"start":{"line":167,"column":6},"end":{"line":167,"column":33}},"69":{"start":{"line":169,"column":6},"end":{"line":169,"column":34}},"70":{"start":{"line":170,"column":6},"end":{"line":170,"column":16}},"71":{"start":{"line":172,"column":6},"end":{"line":172,"column":27}},"72":{"start":{"line":177,"column":4},"end":{"line":196,"column":5}},"73":{"start":{"line":178,"column":26},"end":{"line":191,"column":7}},"74":{"start":{"line":192,"column":6},"end":{"line":192,"column":23}},"75":{"start":{"line":194,"column":6},"end":{"line":194,"column":54}},"76":{"start":{"line":195,"column":6},"end":{"line":195,"column":16}},"77":{"start":{"line":200,"column":4},"end":{"line":209,"column":5}},"78":{"start":{"line":201,"column":23},"end":{"line":204,"column":7}},"79":{"start":{"line":205,"column":6},"end":{"line":205,"column":33}},"80":{"start":{"line":207,"column":6},"end":{"line":207,"column":66}},"81":{"start":{"line":208,"column":6},"end":{"line":208,"column":16}},"82":{"start":{"line":214,"column":2},"end":{"line":250,"column":3}},"83":{"start":{"line":216,"column":18},"end":{"line":216,"column":77}},"84":{"start":{"line":217,"column":18},"end":{"line":217,"column":75}},"85":{"start":{"line":218,"column":4},"end":{"line":220,"column":5}},"86":{"start":{"line":219,"column":6},"end":{"line":219,"column":45}},"87":{"start":{"line":223,"column":21},"end":{"line":223,"column":63}},"88":{"start":{"line":226,"column":20},"end":{"line":228,"column":5}},"89":{"start":{"line":231,"column":30},"end":{"line":231,"column":32}},"90":{"start":{"line":232,"column":4},"end":{"line":238,"column":5}},"91":{"start":{"line":232,"column":17},"end":{"line":232,"column":31}},"92":{"start":{"line":233,"column":18},"end":{"line":233,"column":39}},"93":{"start":{"line":234,"column":6},"end":{"line":237,"column":7}},"94":{"start":{"line":235,"column":20},"end":{"line":235,"column":48}},"95":{"start":{"line":236,"column":8},"end":{"line":236,"column":57}},"96":{"start":{"line":240,"column":4},"end":{"line":240,"column":44}},"97":{"start":{"line":240,"column":35},"end":{"line":240,"column":44}},"98":{"start":{"line":242,"column":21},"end":{"line":245,"column":5}},"99":{"start":{"line":246,"column":4},"end":{"line":246,"column":31}},"100":{"start":{"line":248,"column":4},"end":{"line":248,"column":52}},"101":{"start":{"line":249,"column":4},"end":{"line":249,"column":14}},"102":{"start":{"line":255,"column":28},"end":{"line":270,"column":5}},"103":{"start":{"line":273,"column":4},"end":{"line":275,"column":5}},"104":{"start":{"line":274,"column":6},"end":{"line":274,"column":71}},"105":{"start":{"line":277,"column":4},"end":{"line":277,"column":25}},"106":{"start":{"line":281,"column":4},"end":{"line":294,"column":5}},"107":{"start":{"line":282,"column":24},"end":{"line":289,"column":7}},"108":{"start":{"line":290,"column":6},"end":{"line":290,"column":66}},"109":{"start":{"line":292,"column":6},"end":{"line":292,"column":57}},"110":{"start":{"line":293,"column":6},"end":{"line":293,"column":16}},"111":{"start":{"line":298,"column":4},"end":{"line":307,"column":5}},"112":{"start":{"line":299,"column":23},"end":{"line":302,"column":7}},"113":{"start":{"line":303,"column":6},"end":{"line":303,"column":33}},"114":{"start":{"line":305,"column":6},"end":{"line":305,"column":65}},"115":{"start":{"line":306,"column":6},"end":{"line":306,"column":16}}},"fnMap":{"0":{"name":"(anonymous_0)","decl":{"start":{"line":4,"column":30},"end":{"line":4,"column":31}},"loc":{"start":{"line":4,"column":48},"end":{"line":19,"column":3}},"line":4},"1":{"name":"(anonymous_1)","decl":{"start":{"line":15,"column":36},"end":{"line":15,"column":37}},"loc":{"start":{"line":15,"column":43},"end":{"line":15,"column":55}},"line":15},"2":{"name":"(anonymous_2)","decl":{"start":{"line":21,"column":23},"end":{"line":21,"column":24}},"loc":{"start":{"line":21,"column":53},"end":{"line":38,"column":3}},"line":21},"3":{"name":"(anonymous_3)","decl":{"start":{"line":35,"column":34},"end":{"line":35,"column":35}},"loc":{"start":{"line":35,"column":41},"end":{"line":35,"column":53}},"line":35},"4":{"name":"(anonymous_4)","decl":{"start":{"line":40,"column":22},"end":{"line":40,"column":23}},"loc":{"start":{"line":40,"column":46},"end":{"line":84,"column":3}},"line":40},"5":{"name":"(anonymous_5)","decl":{"start":{"line":69,"column":45},"end":{"line":69,"column":46}},"loc":{"start":{"line":69,"column":52},"end":{"line":69,"column":73}},"line":69},"6":{"name":"(anonymous_6)","decl":{"start":{"line":86,"column":22},"end":{"line":86,"column":23}},"loc":{"start":{"line":86,"column":64},"end":{"line":130,"column":3}},"line":86},"7":{"name":"(anonymous_7)","decl":{"start":{"line":114,"column":47},"end":{"line":114,"column":48}},"loc":{"start":{"line":114,"column":54},"end":{"line":114,"column":71}},"line":114},"8":{"name":"(anonymous_8)","decl":{"start":{"line":132,"column":22},"end":{"line":132,"column":23}},"loc":{"start":{"line":132,"column":52},"end":{"line":151,"column":3}},"line":132},"9":{"name":"(anonymous_9)","decl":{"start":{"line":153,"column":31},"end":{"line":153,"column":32}},"loc":{"start":{"line":153,"column":62},"end":{"line":174,"column":3}},"line":153},"10":{"name":"(anonymous_10)","decl":{"start":{"line":160,"column":43},"end":{"line":160,"column":44}},"loc":{"start":{"line":160,"column":49},"end":{"line":160,"column":52}},"line":160},"11":{"name":"(anonymous_11)","decl":{"start":{"line":176,"column":19},"end":{"line":176,"column":20}},"loc":{"start":{"line":176,"column":37},"end":{"line":197,"column":3}},"line":176},"12":{"name":"(anonymous_12)","decl":{"start":{"line":199,"column":21},"end":{"line":199,"column":22}},"loc":{"start":{"line":199,"column":50},"end":{"line":210,"column":3}},"line":199},"13":{"name":"(anonymous_13)","decl":{"start":{"line":213,"column":17},"end":{"line":213,"column":18}},"loc":{"start":{"line":213,"column":76},"end":{"line":251,"column":1}},"line":213},"14":{"name":"(anonymous_14)","decl":{"start":{"line":254,"column":24},"end":{"line":254,"column":25}},"loc":{"start":{"line":254,"column":46},"end":{"line":278,"column":3}},"line":254},"15":{"name":"(anonymous_15)","decl":{"start":{"line":280,"column":31},"end":{"line":280,"column":32}},"loc":{"start":{"line":280,"column":53},"end":{"line":295,"column":3}},"line":280},"16":{"name":"(anonymous_16)","decl":{"start":{"line":297,"column":27},"end":{"line":297,"column":28}},"loc":{"start":{"line":297,"column":53},"end":{"line":308,"column":3}},"line":297}},"branchMap":{"0":{"loc":{"start":{"line":27,"column":4},"end":{"line":27,"column":42}},"type":"if","locations":[{"start":{"line":27,"column":4},"end":{"line":27,"column":42}},{"start":{},"end":{}}],"line":27},"1":{"loc":{"start":{"line":68,"column":6},"end":{"line":74,"column":7}},"type":"if","locations":[{"start":{"line":68,"column":6},"end":{"line":74,"column":7}},{"start":{},"end":{}}],"line":68},"2":{"loc":{"start":{"line":68,"column":10},"end":{"line":68,"column":71}},"type":"binary-expr","locations":[{"start":{"line":68,"column":10},"end":{"line":68,"column":19}},{"start":{"line":68,"column":23},"end":{"line":68,"column":47}},{"start":{"line":68,"column":51},"end":{"line":68,"column":71}}],"line":68},"3":{"loc":{"start":{"line":99,"column":6},"end":{"line":102,"column":7}},"type":"if","locations":[{"start":{"line":99,"column":6},"end":{"line":102,"column":7}},{"start":{},"end":{}}],"line":99},"4":{"loc":{"start":{"line":105,"column":6},"end":{"line":120,"column":7}},"type":"if","locations":[{"start":{"line":105,"column":6},"end":{"line":120,"column":7}},{"start":{},"end":{}}],"line":105},"5":{"loc":{"start":{"line":105,"column":10},"end":{"line":105,"column":47}},"type":"binary-expr","locations":[{"start":{"line":105,"column":10},"end":{"line":105,"column":19}},{"start":{"line":105,"column":23},"end":{"line":105,"column":47}}],"line":105},"6":{"loc":{"start":{"line":113,"column":8},"end":{"line":119,"column":9}},"type":"if","locations":[{"start":{"line":113,"column":8},"end":{"line":119,"column":9}},{"start":{},"end":{}}],"line":113},"7":{"loc":{"start":{"line":154,"column":4},"end":{"line":154,"column":59}},"type":"if","locations":[{"start":{"line":154,"column":4},"end":{"line":154,"column":59}},{"start":{},"end":{}}],"line":154},"8":{"loc":{"start":{"line":154,"column":8},"end":{"line":154,"column":48}},"type":"binary-expr","locations":[{"start":{"line":154,"column":8},"end":{"line":154,"column":20}},{"start":{"line":154,"column":24},"end":{"line":154,"column":48}}],"line":154},"9":{"loc":{"start":{"line":216,"column":18},"end":{"line":216,"column":77}},"type":"cond-expr","locations":[{"start":{"line":216,"column":46},"end":{"line":216,"column":55}},{"start":{"line":216,"column":58},"end":{"line":216,"column":77}}],"line":216},"10":{"loc":{"start":{"line":217,"column":18},"end":{"line":217,"column":75}},"type":"cond-expr","locations":[{"start":{"line":217,"column":46},"end":{"line":217,"column":53}},{"start":{"line":217,"column":58},"end":{"line":217,"column":75}}],"line":217},"11":{"loc":{"start":{"line":218,"column":4},"end":{"line":220,"column":5}},"type":"if","locations":[{"start":{"line":218,"column":4},"end":{"line":220,"column":5}},{"start":{},"end":{}}],"line":218},"12":{"loc":{"start":{"line":218,"column":8},"end":{"line":218,"column":34}},"type":"binary-expr","locations":[{"start":{"line":218,"column":8},"end":{"line":218,"column":20}},{"start":{"line":218,"column":24},"end":{"line":218,"column":34}}],"line":218},"13":{"loc":{"start":{"line":223,"column":21},"end":{"line":223,"column":63}},"type":"cond-expr","locations":[{"start":{"line":223,"column":36},"end":{"line":223,"column":48}},{"start":{"line":223,"column":51},"end":{"line":223,"column":63}}],"line":223},"14":{"loc":{"start":{"line":227,"column":7},"end":{"line":227,"column":54}},"type":"cond-expr","locations":[{"start":{"line":227,"column":33},"end":{"line":227,"column":41}},{"start":{"line":227,"column":44},"end":{"line":227,"column":54}}],"line":227},"15":{"loc":{"start":{"line":234,"column":6},"end":{"line":237,"column":7}},"type":"if","locations":[{"start":{"line":234,"column":6},"end":{"line":237,"column":7}},{"start":{},"end":{}}],"line":234},"16":{"loc":{"start":{"line":240,"column":4},"end":{"line":240,"column":44}},"type":"if","locations":[{"start":{"line":240,"column":4},"end":{"line":240,"column":44}},{"start":{},"end":{}}],"line":240},"17":{"loc":{"start":{"line":274,"column":23},"end":{"line":274,"column":70}},"type":"cond-expr","locations":[{"start":{"line":274,"column":40},"end":{"line":274,"column":65}},{"start":{"line":274,"column":68},"end":{"line":274,"column":70}}],"line":274},"18":{"loc":{"start":{"line":290,"column":13},"end":{"line":290,"column":65}},"type":"cond-expr","locations":[{"start":{"line":290,"column":34},"end":{"line":290,"column":58}},{"start":{"line":290,"column":61},"end":{"line":290,"column":65}}],"line":290}},"s":{"0":0,"1":0,"2":0,"3":0,"4":0,"5":0,"6":0,"7":0,"8":0,"9":0,"10":0,"11":0,"12":0,"13":0,"14":0,"15":0,"16":0,"17":0,"18":0,"19":0,"20":0,"21":0,"22":0,"23":0,"24":0,"25":0,"26":0,"27":0,"28":0,"29":0,"30":0,"31":0,"32":0,"33":0,"34":0,"35":0,"36":0,"37":0,"38":0,"39":0,"40":0,"41":0,"42":0,"43":0,"44":0,"45":0,"46":0,"47":0,"48":0,"49":0,"50":0,"51":0,"52":0,"53":0,"54":0,"55":0,"56":0,"57":0,"58":0,"59":0,"60":0,"61":0,"62":0,"63":0,"64":0,"65":0,"66":0,"67":0,"68":0,"69":0,"70":0,"71":0,"72":0,"73":0,"74":0,"75":0,"76":0,"77":0,"78":0,"79":0,"80":0,"81":0,"82":0,"83":0,"84":0,"85":0,"86":0,"87":0,"88":0,"89":0,"90":0,"91":0,"92":0,"93":0,"94":0,"95":0,"96":0,"97":0,"98":0,"99":0,"100":0,"101":0,"102":0,"103":0,"104":0,"105":0,"106":0,"107":0,"108":0,"109":0,"110":0,"111":0,"112":0,"113":0,"114":0,"115":0},"f":{"0":0,"1":0,"2":0,"3":0,"4":0,"5":0,"6":0,"7":0,"8":0,"9":0,"10":0,"11":0,"12":0,"13":0,"14":0,"15":0,"16":0},"b":{"0":[0,0],"1":[0,0],"2":[0,0,0],"3":[0,0],"4":[0,0],"5":[0,0],"6":[0,0],"7":[0,0],"8":[0,0],"9":[0,0],"10":[0,0],"11":[0,0],"12":[0,0],"13":[0,0],"14":[0,0],"15":[0,0],"16":[0,0],"17":[0,0],"18":[0,0]}}
,"C:\\Users\\meska\\OneDrive\\Desktop\\bakis\\Pill-Pall-BE\\models\\Users.js": {"path":"C:\\Users\\meska\\OneDrive\\Desktop\\bakis\\Pill-Pall-BE\\models\\Users.js","statementMap":{"0":{"start":{"line":1,"column":11},"end":{"line":1,"column":27}},"1":{"start":{"line":2,"column":12},"end":{"line":2,"column":35}},"2":{"start":{"line":3,"column":15},"end":{"line":3,"column":32}},"3":{"start":{"line":4,"column":0},"end":{"line":4,"column":27}},"4":{"start":{"line":6,"column":15},"end":{"line":6,"column":37}},"5":{"start":{"line":8,"column":17},"end":{"line":11,"column":1}},"6":{"start":{"line":9,"column":2},"end":{"line":10,"column":26}},"7":{"start":{"line":9,"column":29},"end":{"line":9,"column":49}},"8":{"start":{"line":10,"column":10},"end":{"line":10,"column":25}},"9":{"start":{"line":13,"column":0},"end":{"line":194,"column":2}},"10":{"start":{"line":15,"column":18},"end":{"line":15,"column":32}},"11":{"start":{"line":16,"column":19},"end":{"line":16,"column":85}},"12":{"start":{"line":17,"column":4},"end":{"line":17,"column":27}},"13":{"start":{"line":21,"column":18},"end":{"line":21,"column":32}},"14":{"start":{"line":24,"column":4},"end":{"line":32,"column":5}},"15":{"start":{"line":25,"column":6},"end":{"line":26,"column":44}},"16":{"start":{"line":27,"column":6},"end":{"line":27,"column":68}},"17":{"start":{"line":29,"column":6},"end":{"line":30,"column":41}},"18":{"start":{"line":31,"column":6},"end":{"line":31,"column":53}},"19":{"start":{"line":34,"column":21},"end":{"line":34,"column":48}},"20":{"start":{"line":35,"column":4},"end":{"line":35,"column":27}},"21":{"start":{"line":39,"column":18},"end":{"line":39,"column":32}},"22":{"start":{"line":40,"column":19},"end":{"line":40,"column":84}},"23":{"start":{"line":41,"column":4},"end":{"line":41,"column":44}},"24":{"start":{"line":45,"column":18},"end":{"line":45,"column":32}},"25":{"start":{"line":46,"column":19},"end":{"line":46,"column":82}},"26":{"start":{"line":47,"column":4},"end":{"line":47,"column":44}},"27":{"start":{"line":51,"column":18},"end":{"line":51,"column":32}},"28":{"start":{"line":52,"column":21},"end":{"line":52,"column":94}},"29":{"start":{"line":53,"column":4},"end":{"line":53,"column":35}},"30":{"start":{"line":57,"column":4},"end":{"line":57,"column":61}},"31":{"start":{"line":61,"column":23},"end":{"line":61,"column":75}},"32":{"start":{"line":62,"column":24},"end":{"line":67,"column":5}},"33":{"start":{"line":68,"column":4},"end":{"line":68,"column":45}},"34":{"start":{"line":72,"column":4},"end":{"line":72,"column":58}},"35":{"start":{"line":76,"column":19},"end":{"line":81,"column":21}},"36":{"start":{"line":82,"column":4},"end":{"line":82,"column":16}},"37":{"start":{"line":86,"column":19},"end":{"line":89,"column":29}},"38":{"start":{"line":91,"column":4},"end":{"line":93,"column":5}},"39":{"start":{"line":92,"column":6},"end":{"line":92,"column":75}},"40":{"start":{"line":95,"column":21},"end":{"line":98,"column":29}},"41":{"start":{"line":100,"column":4},"end":{"line":100,"column":27}},"42":{"start":{"line":104,"column":21},"end":{"line":107,"column":29}},"43":{"start":{"line":108,"column":4},"end":{"line":108,"column":35}},"44":{"start":{"line":112,"column":4},"end":{"line":112,"column":74}},"45":{"start":{"line":116,"column":23},"end":{"line":116,"column":75}},"46":{"start":{"line":117,"column":24},"end":{"line":124,"column":5}},"47":{"start":{"line":125,"column":4},"end":{"line":125,"column":45}},"48":{"start":{"line":129,"column":21},"end":{"line":133,"column":29}},"49":{"start":{"line":134,"column":4},"end":{"line":134,"column":35}},"50":{"start":{"line":138,"column":19},"end":{"line":142,"column":5}},"51":{"start":{"line":144,"column":4},"end":{"line":146,"column":5}},"52":{"start":{"line":145,"column":6},"end":{"line":145,"column":19}},"53":{"start":{"line":148,"column":4},"end":{"line":148,"column":35}},"54":{"start":{"line":152,"column":4},"end":{"line":152,"column":67}},"55":{"start":{"line":156,"column":21},"end":{"line":156,"column":91}},"56":{"start":{"line":157,"column":24},"end":{"line":163,"column":5}},"57":{"start":{"line":164,"column":4},"end":{"line":164,"column":45}},"58":{"start":{"line":168,"column":18},"end":{"line":168,"column":32}},"59":{"start":{"line":169,"column":21},"end":{"line":172,"column":5}},"60":{"start":{"line":173,"column":4},"end":{"line":173,"column":35}},"61":{"start":{"line":177,"column":18},"end":{"line":177,"column":32}},"62":{"start":{"line":178,"column":19},"end":{"line":178,"column":78}},"63":{"start":{"line":178,"column":54},"end":{"line":178,"column":66}},"64":{"start":{"line":179,"column":19},"end":{"line":179,"column":44}},"65":{"start":{"line":181,"column":21},"end":{"line":184,"column":5}},"66":{"start":{"line":186,"column":4},"end":{"line":186,"column":35}},"67":{"start":{"line":190,"column":18},"end":{"line":190,"column":32}},"68":{"start":{"line":191,"column":21},"end":{"line":191,"column":78}},"69":{"start":{"line":192,"column":4},"end":{"line":192,"column":35}}},"fnMap":{"0":{"name":"(anonymous_0)","decl":{"start":{"line":8,"column":17},"end":{"line":8,"column":18}},"loc":{"start":{"line":8,"column":27},"end":{"line":11,"column":1}},"line":8},"1":{"name":"(anonymous_1)","decl":{"start":{"line":14,"column":20},"end":{"line":14,"column":21}},"loc":{"start":{"line":14,"column":52},"end":{"line":18,"column":3}},"line":14},"2":{"name":"(anonymous_2)","decl":{"start":{"line":20,"column":16},"end":{"line":20,"column":17}},"loc":{"start":{"line":20,"column":93},"end":{"line":36,"column":3}},"line":20},"3":{"name":"(anonymous_3)","decl":{"start":{"line":38,"column":18},"end":{"line":38,"column":19}},"loc":{"start":{"line":38,"column":50},"end":{"line":42,"column":3}},"line":38},"4":{"name":"(anonymous_4)","decl":{"start":{"line":44,"column":15},"end":{"line":44,"column":16}},"loc":{"start":{"line":44,"column":48},"end":{"line":48,"column":3}},"line":44},"5":{"name":"(anonymous_5)","decl":{"start":{"line":50,"column":15},"end":{"line":50,"column":16}},"loc":{"start":{"line":50,"column":44},"end":{"line":54,"column":3}},"line":50},"6":{"name":"(anonymous_6)","decl":{"start":{"line":56,"column":22},"end":{"line":56,"column":23}},"loc":{"start":{"line":56,"column":34},"end":{"line":58,"column":3}},"line":56},"7":{"name":"(anonymous_7)","decl":{"start":{"line":60,"column":25},"end":{"line":60,"column":26}},"loc":{"start":{"line":60,"column":71},"end":{"line":69,"column":3}},"line":60},"8":{"name":"(anonymous_8)","decl":{"start":{"line":71,"column":17},"end":{"line":71,"column":18}},"loc":{"start":{"line":71,"column":53},"end":{"line":73,"column":3}},"line":71},"9":{"name":"(anonymous_9)","decl":{"start":{"line":75,"column":22},"end":{"line":75,"column":23}},"loc":{"start":{"line":75,"column":45},"end":{"line":83,"column":3}},"line":75},"10":{"name":"(anonymous_10)","decl":{"start":{"line":85,"column":23},"end":{"line":85,"column":24}},"loc":{"start":{"line":85,"column":54},"end":{"line":101,"column":3}},"line":85},"11":{"name":"(anonymous_11)","decl":{"start":{"line":103,"column":23},"end":{"line":103,"column":24}},"loc":{"start":{"line":103,"column":54},"end":{"line":109,"column":3}},"line":103},"12":{"name":"(anonymous_12)","decl":{"start":{"line":111,"column":30},"end":{"line":111,"column":31}},"loc":{"start":{"line":111,"column":55},"end":{"line":113,"column":3}},"line":111},"13":{"name":"(anonymous_13)","decl":{"start":{"line":115,"column":26},"end":{"line":115,"column":27}},"loc":{"start":{"line":115,"column":90},"end":{"line":126,"column":3}},"line":115},"14":{"name":"(anonymous_14)","decl":{"start":{"line":128,"column":24},"end":{"line":128,"column":25}},"loc":{"start":{"line":128,"column":55},"end":{"line":135,"column":3}},"line":128},"15":{"name":"(anonymous_15)","decl":{"start":{"line":137,"column":24},"end":{"line":137,"column":25}},"loc":{"start":{"line":137,"column":55},"end":{"line":149,"column":3}},"line":137},"16":{"name":"(anonymous_16)","decl":{"start":{"line":151,"column":30},"end":{"line":151,"column":31}},"loc":{"start":{"line":151,"column":48},"end":{"line":153,"column":3}},"line":151},"17":{"name":"(anonymous_17)","decl":{"start":{"line":155,"column":26},"end":{"line":155,"column":27}},"loc":{"start":{"line":155,"column":72},"end":{"line":165,"column":3}},"line":155},"18":{"name":"(anonymous_18)","decl":{"start":{"line":167,"column":18},"end":{"line":167,"column":19}},"loc":{"start":{"line":167,"column":68},"end":{"line":174,"column":3}},"line":167},"19":{"name":"(anonymous_19)","decl":{"start":{"line":176,"column":14},"end":{"line":176,"column":15}},"loc":{"start":{"line":176,"column":55},"end":{"line":187,"column":3}},"line":176},"20":{"name":"(anonymous_20)","decl":{"start":{"line":178,"column":47},"end":{"line":178,"column":48}},"loc":{"start":{"line":178,"column":54},"end":{"line":178,"column":66}},"line":178},"21":{"name":"(anonymous_21)","decl":{"start":{"line":189,"column":14},"end":{"line":189,"column":15}},"loc":{"start":{"line":189,"column":43},"end":{"line":193,"column":3}},"line":189}},"branchMap":{"0":{"loc":{"start":{"line":9,"column":2},"end":{"line":10,"column":26}},"type":"if","locations":[{"start":{"line":9,"column":2},"end":{"line":10,"column":26}},{"start":{"line":10,"column":9},"end":{"line":10,"column":26}}],"line":9},"1":{"loc":{"start":{"line":14,"column":34},"end":{"line":14,"column":47}},"type":"default-arg","locations":[{"start":{"line":14,"column":41},"end":{"line":14,"column":47}}],"line":14},"2":{"loc":{"start":{"line":20,"column":75},"end":{"line":20,"column":88}},"type":"default-arg","locations":[{"start":{"line":20,"column":82},"end":{"line":20,"column":88}}],"line":20},"3":{"loc":{"start":{"line":24,"column":4},"end":{"line":32,"column":5}},"type":"if","locations":[{"start":{"line":24,"column":4},"end":{"line":32,"column":5}},{"start":{"line":28,"column":11},"end":{"line":32,"column":5}}],"line":24},"4":{"loc":{"start":{"line":38,"column":32},"end":{"line":38,"column":45}},"type":"default-arg","locations":[{"start":{"line":38,"column":39},"end":{"line":38,"column":45}}],"line":38},"5":{"loc":{"start":{"line":41,"column":11},"end":{"line":41,"column":43}},"type":"cond-expr","locations":[{"start":{"line":41,"column":29},"end":{"line":41,"column":36}},{"start":{"line":41,"column":39},"end":{"line":41,"column":43}}],"line":41},"6":{"loc":{"start":{"line":44,"column":30},"end":{"line":44,"column":43}},"type":"default-arg","locations":[{"start":{"line":44,"column":37},"end":{"line":44,"column":43}}],"line":44},"7":{"loc":{"start":{"line":47,"column":11},"end":{"line":47,"column":43}},"type":"cond-expr","locations":[{"start":{"line":47,"column":29},"end":{"line":47,"column":36}},{"start":{"line":47,"column":39},"end":{"line":47,"column":43}}],"line":47},"8":{"loc":{"start":{"line":50,"column":26},"end":{"line":50,"column":39}},"type":"default-arg","locations":[{"start":{"line":50,"column":33},"end":{"line":50,"column":39}}],"line":50},"9":{"loc":{"start":{"line":60,"column":53},"end":{"line":60,"column":66}},"type":"default-arg","locations":[{"start":{"line":60,"column":60},"end":{"line":60,"column":66}}],"line":60},"10":{"loc":{"start":{"line":91,"column":4},"end":{"line":93,"column":5}},"type":"if","locations":[{"start":{"line":91,"column":4},"end":{"line":93,"column":5}},{"start":{},"end":{}}],"line":91},"11":{"loc":{"start":{"line":144,"column":4},"end":{"line":146,"column":5}},"type":"if","locations":[{"start":{"line":144,"column":4},"end":{"line":146,"column":5}},{"start":{},"end":{}}],"line":144},"12":{"loc":{"start":{"line":155,"column":54},"end":{"line":155,"column":67}},"type":"default-arg","locations":[{"start":{"line":155,"column":61},"end":{"line":155,"column":67}}],"line":155},"13":{"loc":{"start":{"line":167,"column":50},"end":{"line":167,"column":63}},"type":"default-arg","locations":[{"start":{"line":167,"column":57},"end":{"line":167,"column":63}}],"line":167},"14":{"loc":{"start":{"line":176,"column":37},"end":{"line":176,"column":50}},"type":"default-arg","locations":[{"start":{"line":176,"column":44},"end":{"line":176,"column":50}}],"line":176},"15":{"loc":{"start":{"line":189,"column":25},"end":{"line":189,"column":38}},"type":"default-arg","locations":[{"start":{"line":189,"column":32},"end":{"line":189,"column":38}}],"line":189}},"s":{"0":1,"1":1,"2":1,"3":1,"4":1,"5":1,"6":0,"7":0,"8":0,"9":1,"10":0,"11":0,"12":0,"13":0,"14":0,"15":0,"16":0,"17":0,"18":0,"19":0,"20":0,"21":0,"22":0,"23":0,"24":0,"25":0,"26":0,"27":0,"28":0,"29":0,"30":0,"31":0,"32":0,"33":0,"34":0,"35":0,"36":0,"37":0,"38":0,"39":0,"40":0,"41":0,"42":0,"43":0,"44":0,"45":0,"46":0,"47":0,"48":0,"49":0,"50":0,"51":0,"52":0,"53":0,"54":0,"55":0,"56":0,"57":0,"58":0,"59":0,"60":0,"61":0,"62":0,"63":0,"64":0,"65":0,"66":0,"67":0,"68":0,"69":0},"f":{"0":0,"1":0,"2":0,"3":0,"4":0,"5":0,"6":0,"7":0,"8":0,"9":0,"10":0,"11":0,"12":0,"13":0,"14":0,"15":0,"16":0,"17":0,"18":0,"19":0,"20":0,"21":0},"b":{"0":[0,0],"1":[0],"2":[0],"3":[0,0],"4":[0],"5":[0,0],"6":[0],"7":[0,0],"8":[0],"9":[0],"10":[0,0],"11":[0,0],"12":[0],"13":[0],"14":[0],"15":[0]},"_coverageSchema":"1a1c01bbd47fc00a2c39e90264f33305004495a9","hash":"3c725c7476c067c00927017aedcc8762848db081"}
,"C:\\Users\\meska\\OneDrive\\Desktop\\bakis\\Pill-Pall-BE\\routes\\MedicinesRoutes.js": {"path":"C:\\Users\\meska\\OneDrive\\Desktop\\bakis\\Pill-Pall-BE\\routes\\MedicinesRoutes.js","statementMap":{"0":{"start":{"line":1,"column":16},"end":{"line":1,"column":34}},"1":{"start":{"line":2,"column":28},"end":{"line":2,"column":73}},"2":{"start":{"line":4,"column":15},"end":{"line":4,"column":31}},"3":{"start":{"line":6,"column":0},"end":{"line":6,"column":61}},"4":{"start":{"line":7,"column":0},"end":{"line":7,"column":73}},"5":{"start":{"line":8,"column":0},"end":{"line":8,"column":62}},"6":{"start":{"line":9,"column":0},"end":{"line":9,"column":73}},"7":{"start":{"line":10,"column":0},"end":{"line":10,"column":76}},"8":{"start":{"line":11,"column":0},"end":{"line":11,"column":72}},"9":{"start":{"line":13,"column":0},"end":{"line":13,"column":24}}},"fnMap":{},"branchMap":{},"s":{"0":0,"1":0,"2":0,"3":0,"4":0,"5":0,"6":0,"7":0,"8":0,"9":0},"f":{},"b":{}}
,"C:\\Users\\meska\\OneDrive\\Desktop\\bakis\\Pill-Pall-BE\\routes\\RemindersRoutes.js": {"path":"C:\\Users\\meska\\OneDrive\\Desktop\\bakis\\Pill-Pall-BE\\routes\\RemindersRoutes.js","statementMap":{"0":{"start":{"line":1,"column":16},"end":{"line":1,"column":34}},"1":{"start":{"line":2,"column":28},"end":{"line":2,"column":73}},"2":{"start":{"line":3,"column":26},"end":{"line":3,"column":57}},"3":{"start":{"line":4,"column":19},"end":{"line":4,"column":42}},"4":{"start":{"line":5,"column":15},"end":{"line":5,"column":31}},"5":{"start":{"line":7,"column":0},"end":{"line":7,"column":92}},"6":{"start":{"line":8,"column":0},"end":{"line":8,"column":103}},"7":{"start":{"line":9,"column":0},"end":{"line":9,"column":103}},"8":{"start":{"line":10,"column":0},"end":{"line":10,"column":106}},"9":{"start":{"line":11,"column":0},"end":{"line":11,"column":103}},"10":{"start":{"line":12,"column":0},"end":{"line":12,"column":92}},"11":{"start":{"line":15,"column":0},"end":{"line":15,"column":139}},"12":{"start":{"line":16,"column":0},"end":{"line":16,"column":100}},"13":{"start":{"line":17,"column":0},"end":{"line":17,"column":114}},"14":{"start":{"line":18,"column":0},"end":{"line":18,"column":117}},"15":{"start":{"line":19,"column":0},"end":{"line":19,"column":24}}},"fnMap":{},"branchMap":{},"s":{"0":0,"1":0,"2":0,"3":0,"4":0,"5":0,"6":0,"7":0,"8":0,"9":0,"10":0,"11":0,"12":0,"13":0,"14":0,"15":0},"f":{},"b":{}}
,"C:\\Users\\meska\\OneDrive\\Desktop\\bakis\\Pill-Pall-BE\\routes\\UsersRoutes.js": {"path":"C:\\Users\\meska\\OneDrive\\Desktop\\bakis\\Pill-Pall-BE\\routes\\UsersRoutes.js","statementMap":{"0":{"start":{"line":1,"column":16},"end":{"line":1,"column":34}},"1":{"start":{"line":2,"column":24},"end":{"line":2,"column":65}},"2":{"start":{"line":3,"column":26},"end":{"line":3,"column":57}},"3":{"start":{"line":4,"column":15},"end":{"line":4,"column":31}},"4":{"start":{"line":5,"column":0},"end":{"line":5,"column":55}},"5":{"start":{"line":6,"column":0},"end":{"line":6,"column":48}},"6":{"start":{"line":7,"column":0},"end":{"line":7,"column":71}},"7":{"start":{"line":8,"column":0},"end":{"line":8,"column":49}},"8":{"start":{"line":9,"column":0},"end":{"line":9,"column":70}},"9":{"start":{"line":10,"column":0},"end":{"line":10,"column":64}},"10":{"start":{"line":11,"column":0},"end":{"line":11,"column":77}},"11":{"start":{"line":12,"column":0},"end":{"line":12,"column":62}},"12":{"start":{"line":13,"column":0},"end":{"line":13,"column":64}},"13":{"start":{"line":15,"column":0},"end":{"line":15,"column":113}},"14":{"start":{"line":16,"column":0},"end":{"line":16,"column":126}},"15":{"start":{"line":17,"column":0},"end":{"line":17,"column":127}},"16":{"start":{"line":18,"column":0},"end":{"line":18,"column":131}},"17":{"start":{"line":20,"column":0},"end":{"line":20,"column":86}},"18":{"start":{"line":21,"column":0},"end":{"line":21,"column":99}},"19":{"start":{"line":22,"column":0},"end":{"line":22,"column":105}},"20":{"start":{"line":23,"column":0},"end":{"line":23,"column":114}},"21":{"start":{"line":25,"column":0},"end":{"line":25,"column":89}},"22":{"start":{"line":26,"column":0},"end":{"line":26,"column":108}},"23":{"start":{"line":28,"column":0},"end":{"line":28,"column":24}}},"fnMap":{},"branchMap":{},"s":{"0":0,"1":0,"2":0,"3":0,"4":0,"5":0,"6":0,"7":0,"8":0,"9":0,"10":0,"11":0,"12":0,"13":0,"14":0,"15":0,"16":0,"17":0,"18":0,"19":0,"20":0,"21":0,"22":0,"23":0},"f":{},"b":{}}
}
