{"C:\\Users\\meska\\OneDrive\\Desktop\\bakis\\Pill-Pall-BE\\SendMedicineReminders.js": {"path":"C:\\Users\\meska\\OneDrive\\Desktop\\bakis\\Pill-Pall-BE\\SendMedicineReminders.js","statementMap":{"0":{"start":{"line":2,"column":0},"end":{"line":2,"column":27}},"1":{"start":{"line":3,"column":19},"end":{"line":3,"column":40}},"2":{"start":{"line":4,"column":11},"end":{"line":4,"column":26}},"3":{"start":{"line":6,"column":20},"end":{"line":12,"column":2}},"4":{"start":{"line":15,"column":14},"end":{"line":15,"column":24}},"5":{"start":{"line":17,"column":17},"end":{"line":37,"column":3}},"6":{"start":{"line":39,"column":2},"end":{"line":72,"column":3}},"7":{"start":{"line":40,"column":24},"end":{"line":40,"column":85}},"8":{"start":{"line":41,"column":19},"end":{"line":41,"column":59}},"9":{"start":{"line":43,"column":4},"end":{"line":71,"column":5}},"10":{"start":{"line":44,"column":26},"end":{"line":56,"column":7}},"11":{"start":{"line":58,"column":6},"end":{"line":70,"column":7}},"12":{"start":{"line":59,"column":8},"end":{"line":59,"column":94}},"13":{"start":{"line":60,"column":8},"end":{"line":60,"column":48}},"14":{"start":{"line":61,"column":8},"end":{"line":66,"column":10}},"15":{"start":{"line":67,"column":8},"end":{"line":67,"column":80}},"16":{"start":{"line":69,"column":8},"end":{"line":69,"column":85}},"17":{"start":{"line":75,"column":0},"end":{"line":78,"column":2}}},"fnMap":{"0":{"name":"sendMedicineReminders","decl":{"start":{"line":14,"column":15},"end":{"line":14,"column":36}},"loc":{"start":{"line":14,"column":39},"end":{"line":73,"column":1}},"line":14}},"branchMap":{"0":{"loc":{"start":{"line":43,"column":4},"end":{"line":71,"column":5}},"type":"if","locations":[{"start":{"line":43,"column":4},"end":{"line":71,"column":5}},{"start":{},"end":{}}],"line":43}},"s":{"0":1,"1":1,"2":1,"3":1,"4":4,"5":4,"6":4,"7":3,"8":3,"9":3,"10":2,"11":2,"12":2,"13":2,"14":1,"15":1,"16":1,"17":1},"f":{"0":4},"b":{"0":[2,1]},"_coverageSchema":"1a1c01bbd47fc00a2c39e90264f33305004495a9","hash":"0b24616809d8520828e8b98d16041feff0d06069"}
,"C:\\Users\\meska\\OneDrive\\Desktop\\bakis\\Pill-Pall-BE\\server.js": {"path":"C:\\Users\\meska\\OneDrive\\Desktop\\bakis\\Pill-Pall-BE\\server.js","statementMap":{"0":{"start":{"line":1,"column":16},"end":{"line":1,"column":34}},"1":{"start":{"line":2,"column":13},"end":{"line":2,"column":28}},"2":{"start":{"line":3,"column":15},"end":{"line":3,"column":32}},"3":{"start":{"line":4,"column":12},"end":{"line":4,"column":35}},"4":{"start":{"line":5,"column":0},"end":{"line":5,"column":27}},"5":{"start":{"line":6,"column":0},"end":{"line":6,"column":15}},"6":{"start":{"line":7,"column":19},"end":{"line":7,"column":50}},"7":{"start":{"line":8,"column":23},"end":{"line":8,"column":58}},"8":{"start":{"line":9,"column":23},"end":{"line":9,"column":58}},"9":{"start":{"line":11,"column":34},"end":{"line":11,"column":68}},"10":{"start":{"line":14,"column":12},"end":{"line":14,"column":21}},"11":{"start":{"line":15,"column":13},"end":{"line":15,"column":29}},"12":{"start":{"line":16,"column":15},"end":{"line":16,"column":37}},"13":{"start":{"line":18,"column":0},"end":{"line":18,"column":16}},"14":{"start":{"line":19,"column":0},"end":{"line":19,"column":24}},"15":{"start":{"line":20,"column":0},"end":{"line":20,"column":48}},"16":{"start":{"line":23,"column":0},"end":{"line":25,"column":3}},"17":{"start":{"line":24,"column":2},"end":{"line":24,"column":64}},"18":{"start":{"line":28,"column":0},"end":{"line":28,"column":20}},"19":{"start":{"line":29,"column":0},"end":{"line":29,"column":24}},"20":{"start":{"line":30,"column":0},"end":{"line":30,"column":24}},"21":{"start":{"line":32,"column":0},"end":{"line":32,"column":46}},"22":{"start":{"line":35,"column":0},"end":{"line":37,"column":3}},"23":{"start":{"line":36,"column":2},"end":{"line":36,"column":58}}},"fnMap":{"0":{"name":"(anonymous_0)","decl":{"start":{"line":23,"column":13},"end":{"line":23,"column":14}},"loc":{"start":{"line":23,"column":27},"end":{"line":25,"column":1}},"line":23},"1":{"name":"(anonymous_1)","decl":{"start":{"line":35,"column":17},"end":{"line":35,"column":18}},"loc":{"start":{"line":35,"column":23},"end":{"line":37,"column":1}},"line":35}},"branchMap":{},"s":{"0":1,"1":1,"2":1,"3":1,"4":1,"5":1,"6":1,"7":1,"8":1,"9":1,"10":1,"11":1,"12":1,"13":1,"14":1,"15":1,"16":1,"17":1,"18":1,"19":1,"20":1,"21":1,"22":1,"23":0},"f":{"0":1,"1":0},"b":{},"_coverageSchema":"1a1c01bbd47fc00a2c39e90264f33305004495a9","hash":"b62e49025975eeb11a8f97ca5364f1efd3e0165f"}
,"C:\\Users\\meska\\OneDrive\\Desktop\\bakis\\Pill-Pall-BE\\tokenVerification.js": {"path":"C:\\Users\\meska\\OneDrive\\Desktop\\bakis\\Pill-Pall-BE\\tokenVerification.js","statementMap":{"0":{"start":{"line":1,"column":12},"end":{"line":1,"column":35}},"1":{"start":{"line":2,"column":0},"end":{"line":2,"column":27}},"2":{"start":{"line":3,"column":15},"end":{"line":3,"column":37}},"3":{"start":{"line":5,"column":0},"end":{"line":49,"column":2}},"4":{"start":{"line":7,"column":18},"end":{"line":7,"column":58}},"5":{"start":{"line":9,"column":4},"end":{"line":11,"column":5}},"6":{"start":{"line":10,"column":6},"end":{"line":10,"column":81}},"7":{"start":{"line":13,"column":4},"end":{"line":25,"column":5}},"8":{"start":{"line":14,"column":22},"end":{"line":14,"column":47}},"9":{"start":{"line":16,"column":6},"end":{"line":19,"column":7}},"10":{"start":{"line":17,"column":8},"end":{"line":17,"column":57}},"11":{"start":{"line":18,"column":8},"end":{"line":18,"column":70}},"12":{"start":{"line":20,"column":6},"end":{"line":20,"column":44}},"13":{"start":{"line":21,"column":6},"end":{"line":21,"column":13}},"14":{"start":{"line":23,"column":6},"end":{"line":23,"column":56}},"15":{"start":{"line":24,"column":6},"end":{"line":24,"column":73}},"16":{"start":{"line":29,"column":18},"end":{"line":29,"column":58}},"17":{"start":{"line":30,"column":4},"end":{"line":32,"column":5}},"18":{"start":{"line":31,"column":6},"end":{"line":31,"column":81}},"19":{"start":{"line":34,"column":4},"end":{"line":46,"column":5}},"20":{"start":{"line":35,"column":22},"end":{"line":35,"column":47}},"21":{"start":{"line":37,"column":6},"end":{"line":40,"column":7}},"22":{"start":{"line":38,"column":8},"end":{"line":38,"column":67}},"23":{"start":{"line":39,"column":8},"end":{"line":39,"column":70}},"24":{"start":{"line":41,"column":6},"end":{"line":41,"column":54}},"25":{"start":{"line":42,"column":6},"end":{"line":42,"column":13}},"26":{"start":{"line":44,"column":6},"end":{"line":44,"column":56}},"27":{"start":{"line":45,"column":6},"end":{"line":45,"column":73}}},"fnMap":{"0":{"name":"(anonymous_0)","decl":{"start":{"line":6,"column":14},"end":{"line":6,"column":15}},"loc":{"start":{"line":6,"column":34},"end":{"line":26,"column":3}},"line":6},"1":{"name":"(anonymous_1)","decl":{"start":{"line":28,"column":18},"end":{"line":28,"column":19}},"loc":{"start":{"line":28,"column":38},"end":{"line":47,"column":3}},"line":28}},"branchMap":{"0":{"loc":{"start":{"line":9,"column":4},"end":{"line":11,"column":5}},"type":"if","locations":[{"start":{"line":9,"column":4},"end":{"line":11,"column":5}},{"start":{},"end":{}}],"line":9},"1":{"loc":{"start":{"line":16,"column":6},"end":{"line":19,"column":7}},"type":"if","locations":[{"start":{"line":16,"column":6},"end":{"line":19,"column":7}},{"start":{},"end":{}}],"line":16},"2":{"loc":{"start":{"line":30,"column":4},"end":{"line":32,"column":5}},"type":"if","locations":[{"start":{"line":30,"column":4},"end":{"line":32,"column":5}},{"start":{},"end":{}}],"line":30},"3":{"loc":{"start":{"line":37,"column":6},"end":{"line":40,"column":7}},"type":"if","locations":[{"start":{"line":37,"column":6},"end":{"line":40,"column":7}},{"start":{},"end":{}}],"line":37}},"s":{"0":1,"1":1,"2":1,"3":1,"4":4,"5":4,"6":1,"7":3,"8":3,"9":2,"10":1,"11":1,"12":1,"13":1,"14":1,"15":1,"16":4,"17":4,"18":1,"19":3,"20":3,"21":2,"22":1,"23":1,"24":1,"25":1,"26":1,"27":1},"f":{"0":4,"1":4},"b":{"0":[1,3],"1":[1,1],"2":[1,3],"3":[1,1]},"_coverageSchema":"1a1c01bbd47fc00a2c39e90264f33305004495a9","hash":"d92b6359058c726e4828ba504e3944d8db55cb91"}
,"C:\\Users\\meska\\OneDrive\\Desktop\\bakis\\Pill-Pall-BE\\controllers\\MedicinesController.js": {"path":"C:\\Users\\meska\\OneDrive\\Desktop\\bakis\\Pill-Pall-BE\\controllers\\MedicinesController.js","statementMap":{"0":{"start":{"line":1,"column":18},"end":{"line":1,"column":48}},"1":{"start":{"line":3,"column":0},"end":{"line":96,"column":2}},"2":{"start":{"line":5,"column":19},"end":{"line":5,"column":36}},"3":{"start":{"line":6,"column":4},"end":{"line":12,"column":5}},"4":{"start":{"line":7,"column":19},"end":{"line":7,"column":64}},"5":{"start":{"line":8,"column":6},"end":{"line":8,"column":33}},"6":{"start":{"line":10,"column":6},"end":{"line":10,"column":25}},"7":{"start":{"line":11,"column":6},"end":{"line":11,"column":67}},"8":{"start":{"line":16,"column":35},"end":{"line":16,"column":45}},"9":{"start":{"line":17,"column":4},"end":{"line":24,"column":5}},"10":{"start":{"line":18,"column":23},"end":{"line":18,"column":74}},"11":{"start":{"line":19,"column":6},"end":{"line":19,"column":83}},"12":{"start":{"line":19,"column":21},"end":{"line":19,"column":83}},"13":{"start":{"line":20,"column":6},"end":{"line":20,"column":37}},"14":{"start":{"line":22,"column":6},"end":{"line":22,"column":25}},"15":{"start":{"line":23,"column":6},"end":{"line":23,"column":66}},"16":{"start":{"line":28,"column":19},"end":{"line":28,"column":36}},"17":{"start":{"line":29,"column":55},"end":{"line":29,"column":63}},"18":{"start":{"line":31,"column":4},"end":{"line":33,"column":5}},"19":{"start":{"line":32,"column":6},"end":{"line":32,"column":73}},"20":{"start":{"line":35,"column":4},"end":{"line":41,"column":5}},"21":{"start":{"line":36,"column":20},"end":{"line":36,"column":106}},"22":{"start":{"line":37,"column":6},"end":{"line":37,"column":69}},"23":{"start":{"line":39,"column":6},"end":{"line":39,"column":25}},"24":{"start":{"line":40,"column":6},"end":{"line":40,"column":64}},"25":{"start":{"line":45,"column":35},"end":{"line":45,"column":45}},"26":{"start":{"line":46,"column":55},"end":{"line":46,"column":63}},"27":{"start":{"line":48,"column":4},"end":{"line":55,"column":5}},"28":{"start":{"line":49,"column":22},"end":{"line":49,"column":123}},"29":{"start":{"line":50,"column":6},"end":{"line":50,"column":97}},"30":{"start":{"line":50,"column":20},"end":{"line":50,"column":97}},"31":{"start":{"line":51,"column":6},"end":{"line":51,"column":60}},"32":{"start":{"line":53,"column":6},"end":{"line":53,"column":25}},"33":{"start":{"line":54,"column":6},"end":{"line":54,"column":66}},"34":{"start":{"line":59,"column":35},"end":{"line":59,"column":45}},"35":{"start":{"line":61,"column":4},"end":{"line":68,"column":5}},"36":{"start":{"line":62,"column":22},"end":{"line":62,"column":79}},"37":{"start":{"line":63,"column":6},"end":{"line":63,"column":97}},"38":{"start":{"line":63,"column":20},"end":{"line":63,"column":97}},"39":{"start":{"line":64,"column":6},"end":{"line":64,"column":60}},"40":{"start":{"line":66,"column":6},"end":{"line":66,"column":25}},"41":{"start":{"line":67,"column":6},"end":{"line":67,"column":66}},"42":{"start":{"line":72,"column":19},"end":{"line":72,"column":36}},"43":{"start":{"line":73,"column":18},"end":{"line":73,"column":26}},"44":{"start":{"line":76,"column":4},"end":{"line":82,"column":5}},"45":{"start":{"line":77,"column":6},"end":{"line":81,"column":7}},"46":{"start":{"line":78,"column":8},"end":{"line":78,"column":30}},"47":{"start":{"line":80,"column":8},"end":{"line":80,"column":74}},"48":{"start":{"line":84,"column":4},"end":{"line":86,"column":5}},"49":{"start":{"line":85,"column":6},"end":{"line":85,"column":92}},"50":{"start":{"line":88,"column":4},"end":{"line":94,"column":5}},"51":{"start":{"line":89,"column":27},"end":{"line":89,"column":79}},"52":{"start":{"line":90,"column":6},"end":{"line":90,"column":78}},"53":{"start":{"line":92,"column":6},"end":{"line":92,"column":25}},"54":{"start":{"line":93,"column":6},"end":{"line":93,"column":67}}},"fnMap":{"0":{"name":"(anonymous_0)","decl":{"start":{"line":4,"column":10},"end":{"line":4,"column":11}},"loc":{"start":{"line":4,"column":30},"end":{"line":13,"column":3}},"line":4},"1":{"name":"(anonymous_1)","decl":{"start":{"line":15,"column":10},"end":{"line":15,"column":11}},"loc":{"start":{"line":15,"column":30},"end":{"line":25,"column":3}},"line":15},"2":{"name":"(anonymous_2)","decl":{"start":{"line":27,"column":10},"end":{"line":27,"column":11}},"loc":{"start":{"line":27,"column":30},"end":{"line":42,"column":3}},"line":27},"3":{"name":"(anonymous_3)","decl":{"start":{"line":44,"column":10},"end":{"line":44,"column":11}},"loc":{"start":{"line":44,"column":30},"end":{"line":56,"column":3}},"line":44},"4":{"name":"(anonymous_4)","decl":{"start":{"line":58,"column":10},"end":{"line":58,"column":11}},"loc":{"start":{"line":58,"column":30},"end":{"line":69,"column":3}},"line":58},"5":{"name":"(anonymous_5)","decl":{"start":{"line":71,"column":18},"end":{"line":71,"column":19}},"loc":{"start":{"line":71,"column":38},"end":{"line":95,"column":3}},"line":71}},"branchMap":{"0":{"loc":{"start":{"line":19,"column":6},"end":{"line":19,"column":83}},"type":"if","locations":[{"start":{"line":19,"column":6},"end":{"line":19,"column":83}},{"start":{},"end":{}}],"line":19},"1":{"loc":{"start":{"line":31,"column":4},"end":{"line":33,"column":5}},"type":"if","locations":[{"start":{"line":31,"column":4},"end":{"line":33,"column":5}},{"start":{},"end":{}}],"line":31},"2":{"loc":{"start":{"line":31,"column":8},"end":{"line":31,"column":46}},"type":"binary-expr","locations":[{"start":{"line":31,"column":8},"end":{"line":31,"column":22}},{"start":{"line":31,"column":26},"end":{"line":31,"column":35}},{"start":{"line":31,"column":39},"end":{"line":31,"column":46}}],"line":31},"3":{"loc":{"start":{"line":50,"column":6},"end":{"line":50,"column":97}},"type":"if","locations":[{"start":{"line":50,"column":6},"end":{"line":50,"column":97}},{"start":{},"end":{}}],"line":50},"4":{"loc":{"start":{"line":63,"column":6},"end":{"line":63,"column":97}},"type":"if","locations":[{"start":{"line":63,"column":6},"end":{"line":63,"column":97}},{"start":{},"end":{}}],"line":63},"5":{"loc":{"start":{"line":76,"column":4},"end":{"line":82,"column":5}},"type":"if","locations":[{"start":{"line":76,"column":4},"end":{"line":82,"column":5}},{"start":{},"end":{}}],"line":76},"6":{"loc":{"start":{"line":84,"column":4},"end":{"line":86,"column":5}},"type":"if","locations":[{"start":{"line":84,"column":4},"end":{"line":86,"column":5}},{"start":{},"end":{}}],"line":84},"7":{"loc":{"start":{"line":84,"column":8},"end":{"line":84,"column":47}},"type":"binary-expr","locations":[{"start":{"line":84,"column":8},"end":{"line":84,"column":27}},{"start":{"line":84,"column":31},"end":{"line":84,"column":47}}],"line":84}},"s":{"0":1,"1":1,"2":2,"3":2,"4":2,"5":1,"6":1,"7":1,"8":3,"9":3,"10":3,"11":2,"12":1,"13":1,"14":1,"15":1,"16":3,"17":3,"18":3,"19":1,"20":2,"21":2,"22":1,"23":1,"24":1,"25":3,"26":3,"27":3,"28":3,"29":2,"30":1,"31":1,"32":1,"33":1,"34":3,"35":3,"36":3,"37":2,"38":1,"39":1,"40":1,"41":1,"42":5,"43":5,"44":5,"45":2,"46":2,"47":1,"48":4,"49":1,"50":3,"51":3,"52":2,"53":1,"54":1},"f":{"0":2,"1":3,"2":3,"3":3,"4":3,"5":5},"b":{"0":[1,1],"1":[1,2],"2":[3,3,2],"3":[1,1],"4":[1,1],"5":[2,3],"6":[1,3],"7":[4,4]},"_coverageSchema":"1a1c01bbd47fc00a2c39e90264f33305004495a9","hash":"36f91ba1136f6c6ada3421bbaf72f089682f15ce"}
,"C:\\Users\\meska\\OneDrive\\Desktop\\bakis\\Pill-Pall-BE\\controllers\\RemindersController.js": {"path":"C:\\Users\\meska\\OneDrive\\Desktop\\bakis\\Pill-Pall-BE\\controllers\\RemindersController.js","statementMap":{"0":{"start":{"line":1,"column":18},"end":{"line":1,"column":48}},"1":{"start":{"line":3,"column":0},"end":{"line":193,"column":2}},"2":{"start":{"line":5,"column":4},"end":{"line":12,"column":5}},"3":{"start":{"line":6,"column":25},"end":{"line":6,"column":35}},"4":{"start":{"line":7,"column":24},"end":{"line":7,"column":74}},"5":{"start":{"line":8,"column":6},"end":{"line":8,"column":38}},"6":{"start":{"line":10,"column":6},"end":{"line":10,"column":25}},"7":{"start":{"line":11,"column":6},"end":{"line":11,"column":69}},"8":{"start":{"line":16,"column":4},"end":{"line":25,"column":5}},"9":{"start":{"line":17,"column":37},"end":{"line":17,"column":47}},"10":{"start":{"line":18,"column":23},"end":{"line":18,"column":78}},"11":{"start":{"line":19,"column":6},"end":{"line":20,"column":70}},"12":{"start":{"line":20,"column":8},"end":{"line":20,"column":70}},"13":{"start":{"line":21,"column":6},"end":{"line":21,"column":37}},"14":{"start":{"line":23,"column":6},"end":{"line":23,"column":25}},"15":{"start":{"line":24,"column":6},"end":{"line":24,"column":68}},"16":{"start":{"line":29,"column":4},"end":{"line":56,"column":5}},"17":{"start":{"line":30,"column":27},"end":{"line":30,"column":35}},"18":{"start":{"line":33,"column":23},"end":{"line":33,"column":51}},"19":{"start":{"line":34,"column":6},"end":{"line":36,"column":7}},"20":{"start":{"line":35,"column":8},"end":{"line":35,"column":89}},"21":{"start":{"line":39,"column":25},"end":{"line":42,"column":8}},"22":{"start":{"line":45,"column":24},"end":{"line":50,"column":7}},"23":{"start":{"line":52,"column":6},"end":{"line":52,"column":47}},"24":{"start":{"line":54,"column":6},"end":{"line":54,"column":25}},"25":{"start":{"line":55,"column":6},"end":{"line":55,"column":66}},"26":{"start":{"line":60,"column":4},"end":{"line":97,"column":5}},"27":{"start":{"line":61,"column":37},"end":{"line":61,"column":47}},"28":{"start":{"line":62,"column":25},"end":{"line":62,"column":33}},"29":{"start":{"line":65,"column":23},"end":{"line":65,"column":49}},"30":{"start":{"line":66,"column":6},"end":{"line":68,"column":7}},"31":{"start":{"line":67,"column":8},"end":{"line":67,"column":89}},"32":{"start":{"line":71,"column":22},"end":{"line":78,"column":7}},"33":{"start":{"line":80,"column":6},"end":{"line":82,"column":7}},"34":{"start":{"line":81,"column":8},"end":{"line":81,"column":85}},"35":{"start":{"line":85,"column":6},"end":{"line":85,"column":58}},"36":{"start":{"line":86,"column":6},"end":{"line":91,"column":8}},"37":{"start":{"line":93,"column":6},"end":{"line":93,"column":74}},"38":{"start":{"line":95,"column":6},"end":{"line":95,"column":25}},"39":{"start":{"line":96,"column":6},"end":{"line":96,"column":66}},"40":{"start":{"line":101,"column":4},"end":{"line":110,"column":5}},"41":{"start":{"line":102,"column":37},"end":{"line":102,"column":47}},"42":{"start":{"line":103,"column":22},"end":{"line":103,"column":76}},"43":{"start":{"line":104,"column":6},"end":{"line":105,"column":85}},"44":{"start":{"line":105,"column":8},"end":{"line":105,"column":85}},"45":{"start":{"line":106,"column":6},"end":{"line":106,"column":74}},"46":{"start":{"line":108,"column":6},"end":{"line":108,"column":25}},"47":{"start":{"line":109,"column":6},"end":{"line":109,"column":66}},"48":{"start":{"line":114,"column":4},"end":{"line":135,"column":5}},"49":{"start":{"line":115,"column":25},"end":{"line":115,"column":35}},"50":{"start":{"line":116,"column":20},"end":{"line":116,"column":28}},"51":{"start":{"line":118,"column":6},"end":{"line":124,"column":7}},"52":{"start":{"line":119,"column":8},"end":{"line":123,"column":9}},"53":{"start":{"line":120,"column":10},"end":{"line":120,"column":32}},"54":{"start":{"line":122,"column":10},"end":{"line":122,"column":76}},"55":{"start":{"line":126,"column":6},"end":{"line":128,"column":7}},"56":{"start":{"line":127,"column":8},"end":{"line":127,"column":94}},"57":{"start":{"line":130,"column":27},"end":{"line":130,"column":83}},"58":{"start":{"line":131,"column":6},"end":{"line":131,"column":80}},"59":{"start":{"line":133,"column":6},"end":{"line":133,"column":25}},"60":{"start":{"line":134,"column":6},"end":{"line":134,"column":67}},"61":{"start":{"line":139,"column":4},"end":{"line":146,"column":5}},"62":{"start":{"line":140,"column":21},"end":{"line":140,"column":38}},"63":{"start":{"line":141,"column":24},"end":{"line":141,"column":63}},"64":{"start":{"line":142,"column":6},"end":{"line":142,"column":38}},"65":{"start":{"line":144,"column":6},"end":{"line":144,"column":25}},"66":{"start":{"line":145,"column":6},"end":{"line":145,"column":67}},"67":{"start":{"line":150,"column":4},"end":{"line":166,"column":5}},"68":{"start":{"line":151,"column":25},"end":{"line":151,"column":46}},"69":{"start":{"line":153,"column":6},"end":{"line":155,"column":7}},"70":{"start":{"line":154,"column":8},"end":{"line":154,"column":89}},"71":{"start":{"line":157,"column":22},"end":{"line":157,"column":83}},"72":{"start":{"line":158,"column":6},"end":{"line":162,"column":7}},"73":{"start":{"line":159,"column":8},"end":{"line":159,"column":83}},"74":{"start":{"line":161,"column":8},"end":{"line":161,"column":63}},"75":{"start":{"line":164,"column":6},"end":{"line":164,"column":25}},"76":{"start":{"line":165,"column":6},"end":{"line":165,"column":73}},"77":{"start":{"line":170,"column":4},"end":{"line":177,"column":5}},"78":{"start":{"line":171,"column":29},"end":{"line":171,"column":39}},"79":{"start":{"line":172,"column":20},"end":{"line":172,"column":68}},"80":{"start":{"line":173,"column":6},"end":{"line":173,"column":34}},"81":{"start":{"line":175,"column":6},"end":{"line":175,"column":59}},"82":{"start":{"line":176,"column":6},"end":{"line":176,"column":74}},"83":{"start":{"line":181,"column":4},"end":{"line":191,"column":5}},"84":{"start":{"line":182,"column":29},"end":{"line":182,"column":39}},"85":{"start":{"line":183,"column":19},"end":{"line":183,"column":74}},"86":{"start":{"line":184,"column":6},"end":{"line":186,"column":7}},"87":{"start":{"line":185,"column":8},"end":{"line":185,"column":89}},"88":{"start":{"line":187,"column":6},"end":{"line":187,"column":52}},"89":{"start":{"line":189,"column":6},"end":{"line":189,"column":68}},"90":{"start":{"line":190,"column":6},"end":{"line":190,"column":73}}},"fnMap":{"0":{"name":"(anonymous_0)","decl":{"start":{"line":4,"column":15},"end":{"line":4,"column":16}},"loc":{"start":{"line":4,"column":35},"end":{"line":13,"column":3}},"line":4},"1":{"name":"(anonymous_1)","decl":{"start":{"line":15,"column":14},"end":{"line":15,"column":15}},"loc":{"start":{"line":15,"column":34},"end":{"line":26,"column":3}},"line":15},"2":{"name":"(anonymous_2)","decl":{"start":{"line":28,"column":14},"end":{"line":28,"column":15}},"loc":{"start":{"line":28,"column":34},"end":{"line":57,"column":3}},"line":28},"3":{"name":"(anonymous_3)","decl":{"start":{"line":59,"column":14},"end":{"line":59,"column":15}},"loc":{"start":{"line":59,"column":34},"end":{"line":98,"column":3}},"line":59},"4":{"name":"(anonymous_4)","decl":{"start":{"line":100,"column":14},"end":{"line":100,"column":15}},"loc":{"start":{"line":100,"column":34},"end":{"line":111,"column":3}},"line":100},"5":{"name":"(anonymous_5)","decl":{"start":{"line":113,"column":23},"end":{"line":113,"column":24}},"loc":{"start":{"line":113,"column":43},"end":{"line":136,"column":3}},"line":113},"6":{"name":"(anonymous_6)","decl":{"start":{"line":138,"column":19},"end":{"line":138,"column":20}},"loc":{"start":{"line":138,"column":39},"end":{"line":147,"column":3}},"line":138},"7":{"name":"(anonymous_7)","decl":{"start":{"line":149,"column":21},"end":{"line":149,"column":22}},"loc":{"start":{"line":149,"column":41},"end":{"line":167,"column":3}},"line":149},"8":{"name":"(anonymous_8)","decl":{"start":{"line":169,"column":24},"end":{"line":169,"column":25}},"loc":{"start":{"line":169,"column":44},"end":{"line":178,"column":3}},"line":169},"9":{"name":"(anonymous_9)","decl":{"start":{"line":180,"column":33},"end":{"line":180,"column":34}},"loc":{"start":{"line":180,"column":53},"end":{"line":192,"column":3}},"line":180}},"branchMap":{"0":{"loc":{"start":{"line":19,"column":6},"end":{"line":20,"column":70}},"type":"if","locations":[{"start":{"line":19,"column":6},"end":{"line":20,"column":70}},{"start":{},"end":{}}],"line":19},"1":{"loc":{"start":{"line":33,"column":23},"end":{"line":33,"column":51}},"type":"binary-expr","locations":[{"start":{"line":33,"column":23},"end":{"line":33,"column":45}},{"start":{"line":33,"column":49},"end":{"line":33,"column":51}}],"line":33},"2":{"loc":{"start":{"line":34,"column":6},"end":{"line":36,"column":7}},"type":"if","locations":[{"start":{"line":34,"column":6},"end":{"line":36,"column":7}},{"start":{},"end":{}}],"line":34},"3":{"loc":{"start":{"line":65,"column":23},"end":{"line":65,"column":49}},"type":"binary-expr","locations":[{"start":{"line":65,"column":23},"end":{"line":65,"column":43}},{"start":{"line":65,"column":47},"end":{"line":65,"column":49}}],"line":65},"4":{"loc":{"start":{"line":66,"column":6},"end":{"line":68,"column":7}},"type":"if","locations":[{"start":{"line":66,"column":6},"end":{"line":68,"column":7}},{"start":{},"end":{}}],"line":66},"5":{"loc":{"start":{"line":80,"column":6},"end":{"line":82,"column":7}},"type":"if","locations":[{"start":{"line":80,"column":6},"end":{"line":82,"column":7}},{"start":{},"end":{}}],"line":80},"6":{"loc":{"start":{"line":104,"column":6},"end":{"line":105,"column":85}},"type":"if","locations":[{"start":{"line":104,"column":6},"end":{"line":105,"column":85}},{"start":{},"end":{}}],"line":104},"7":{"loc":{"start":{"line":118,"column":6},"end":{"line":124,"column":7}},"type":"if","locations":[{"start":{"line":118,"column":6},"end":{"line":124,"column":7}},{"start":{},"end":{}}],"line":118},"8":{"loc":{"start":{"line":126,"column":6},"end":{"line":128,"column":7}},"type":"if","locations":[{"start":{"line":126,"column":6},"end":{"line":128,"column":7}},{"start":{},"end":{}}],"line":126},"9":{"loc":{"start":{"line":126,"column":10},"end":{"line":126,"column":49}},"type":"binary-expr","locations":[{"start":{"line":126,"column":10},"end":{"line":126,"column":29}},{"start":{"line":126,"column":33},"end":{"line":126,"column":49}}],"line":126},"10":{"loc":{"start":{"line":153,"column":6},"end":{"line":155,"column":7}},"type":"if","locations":[{"start":{"line":153,"column":6},"end":{"line":155,"column":7}},{"start":{},"end":{}}],"line":153},"11":{"loc":{"start":{"line":158,"column":6},"end":{"line":162,"column":7}},"type":"if","locations":[{"start":{"line":158,"column":6},"end":{"line":162,"column":7}},{"start":{"line":160,"column":13},"end":{"line":162,"column":7}}],"line":158},"12":{"loc":{"start":{"line":184,"column":6},"end":{"line":186,"column":7}},"type":"if","locations":[{"start":{"line":184,"column":6},"end":{"line":186,"column":7}},{"start":{},"end":{}}],"line":184}},"s":{"0":1,"1":1,"2":2,"3":2,"4":2,"5":1,"6":1,"7":1,"8":3,"9":3,"10":3,"11":2,"12":1,"13":1,"14":1,"15":1,"16":3,"17":3,"18":3,"19":3,"20":1,"21":2,"22":1,"23":1,"24":1,"25":1,"26":4,"27":4,"28":4,"29":4,"30":4,"31":1,"32":3,"33":2,"34":1,"35":1,"36":1,"37":1,"38":1,"39":1,"40":3,"41":3,"42":3,"43":2,"44":1,"45":1,"46":1,"47":1,"48":5,"49":5,"50":5,"51":5,"52":2,"53":2,"54":1,"55":4,"56":1,"57":3,"58":2,"59":1,"60":1,"61":2,"62":2,"63":2,"64":1,"65":1,"66":1,"67":4,"68":4,"69":4,"70":1,"71":3,"72":2,"73":1,"74":1,"75":1,"76":1,"77":2,"78":2,"79":2,"80":1,"81":1,"82":1,"83":3,"84":3,"85":3,"86":2,"87":1,"88":1,"89":1,"90":1},"f":{"0":2,"1":3,"2":3,"3":4,"4":3,"5":5,"6":2,"7":4,"8":2,"9":3},"b":{"0":[1,1],"1":[3,0],"2":[1,2],"3":[4,0],"4":[1,3],"5":[1,1],"6":[1,1],"7":[2,3],"8":[1,3],"9":[4,4],"10":[1,3],"11":[1,1],"12":[1,1]},"_coverageSchema":"1a1c01bbd47fc00a2c39e90264f33305004495a9","hash":"bf5ca5e946826d44df33c939152433bbb8d57f77"}
,"C:\\Users\\meska\\OneDrive\\Desktop\\bakis\\Pill-Pall-BE\\controllers\\UsersController.js": {"path":"C:\\Users\\meska\\OneDrive\\Desktop\\bakis\\Pill-Pall-BE\\controllers\\UsersController.js","statementMap":{"0":{"start":{"line":3,"column":14},"end":{"line":3,"column":40}},"1":{"start":{"line":4,"column":15},"end":{"line":4,"column":32}},"2":{"start":{"line":5,"column":12},"end":{"line":5,"column":35}},"3":{"start":{"line":6,"column":0},"end":{"line":6,"column":27}},"4":{"start":{"line":8,"column":15},"end":{"line":8,"column":37}},"5":{"start":{"line":10,"column":19},"end":{"line":10,"column":40}},"6":{"start":{"line":12,"column":20},"end":{"line":18,"column":2}},"7":{"start":{"line":21,"column":17},"end":{"line":45,"column":1}},"8":{"start":{"line":21,"column":36},"end":{"line":45,"column":1}},"9":{"start":{"line":22,"column":60},"end":{"line":22,"column":68}},"10":{"start":{"line":24,"column":2},"end":{"line":26,"column":3}},"11":{"start":{"line":25,"column":4},"end":{"line":25,"column":73}},"12":{"start":{"line":28,"column":2},"end":{"line":44,"column":3}},"13":{"start":{"line":29,"column":24},"end":{"line":29,"column":65}},"14":{"start":{"line":30,"column":4},"end":{"line":32,"column":5}},"15":{"start":{"line":31,"column":6},"end":{"line":31,"column":70}},"16":{"start":{"line":34,"column":27},"end":{"line":34,"column":58}},"17":{"start":{"line":35,"column":19},"end":{"line":35,"column":102}},"18":{"start":{"line":37,"column":18},"end":{"line":37,"column":50}},"19":{"start":{"line":38,"column":4},"end":{"line":38,"column":71}},"20":{"start":{"line":40,"column":4},"end":{"line":40,"column":76}},"21":{"start":{"line":42,"column":4},"end":{"line":42,"column":46}},"22":{"start":{"line":43,"column":4},"end":{"line":43,"column":59}},"23":{"start":{"line":47,"column":16},"end":{"line":65,"column":1}},"24":{"start":{"line":49,"column":16},"end":{"line":49,"column":27}},"25":{"start":{"line":50,"column":15},"end":{"line":50,"column":36}},"26":{"start":{"line":52,"column":2},"end":{"line":52,"column":59}},"27":{"start":{"line":52,"column":14},"end":{"line":52,"column":59}},"28":{"start":{"line":54,"column":2},"end":{"line":64,"column":3}},"29":{"start":{"line":55,"column":20},"end":{"line":55,"column":45}},"30":{"start":{"line":56,"column":19},"end":{"line":56,"column":33}},"31":{"start":{"line":57,"column":22},"end":{"line":57,"column":59}},"32":{"start":{"line":59,"column":4},"end":{"line":59,"column":66}},"33":{"start":{"line":59,"column":20},"end":{"line":59,"column":66}},"34":{"start":{"line":60,"column":4},"end":{"line":60,"column":43}},"35":{"start":{"line":62,"column":4},"end":{"line":62,"column":52}},"36":{"start":{"line":63,"column":4},"end":{"line":63,"column":53}},"37":{"start":{"line":67,"column":14},"end":{"line":97,"column":1}},"38":{"start":{"line":67,"column":33},"end":{"line":97,"column":1}},"39":{"start":{"line":68,"column":30},"end":{"line":68,"column":38}},"40":{"start":{"line":70,"column":2},"end":{"line":96,"column":3}},"41":{"start":{"line":71,"column":17},"end":{"line":71,"column":56}},"42":{"start":{"line":72,"column":4},"end":{"line":72,"column":72}},"43":{"start":{"line":72,"column":15},"end":{"line":72,"column":72}},"44":{"start":{"line":74,"column":4},"end":{"line":76,"column":5}},"45":{"start":{"line":75,"column":6},"end":{"line":75,"column":93}},"46":{"start":{"line":78,"column":18},"end":{"line":78,"column":68}},"47":{"start":{"line":79,"column":4},"end":{"line":79,"column":73}},"48":{"start":{"line":79,"column":16},"end":{"line":79,"column":73}},"49":{"start":{"line":81,"column":18},"end":{"line":81,"column":91}},"50":{"start":{"line":83,"column":4},"end":{"line":92,"column":7}},"51":{"start":{"line":94,"column":4},"end":{"line":94,"column":39}},"52":{"start":{"line":95,"column":4},"end":{"line":95,"column":52}},"53":{"start":{"line":99,"column":26},"end":{"line":109,"column":1}},"54":{"start":{"line":100,"column":26},"end":{"line":100,"column":36}},"55":{"start":{"line":102,"column":2},"end":{"line":108,"column":3}},"56":{"start":{"line":103,"column":18},"end":{"line":103,"column":61}},"57":{"start":{"line":104,"column":4},"end":{"line":104,"column":20}},"58":{"start":{"line":106,"column":4},"end":{"line":106,"column":60}},"59":{"start":{"line":107,"column":4},"end":{"line":107,"column":64}},"60":{"start":{"line":111,"column":32},"end":{"line":122,"column":1}},"61":{"start":{"line":112,"column":34},"end":{"line":112,"column":42}},"62":{"start":{"line":114,"column":2},"end":{"line":121,"column":3}},"63":{"start":{"line":115,"column":20},"end":{"line":115,"column":72}},"64":{"start":{"line":116,"column":4},"end":{"line":116,"column":93}},"65":{"start":{"line":116,"column":18},"end":{"line":116,"column":93}},"66":{"start":{"line":117,"column":4},"end":{"line":117,"column":42}},"67":{"start":{"line":119,"column":4},"end":{"line":119,"column":47}},"68":{"start":{"line":120,"column":4},"end":{"line":120,"column":61}},"69":{"start":{"line":124,"column":34},"end":{"line":153,"column":1}},"70":{"start":{"line":125,"column":70},"end":{"line":125,"column":78}},"71":{"start":{"line":128,"column":2},"end":{"line":137,"column":3}},"72":{"start":{"line":129,"column":4},"end":{"line":129,"column":49}},"73":{"start":{"line":130,"column":4},"end":{"line":134,"column":5}},"74":{"start":{"line":131,"column":6},"end":{"line":131,"column":85}},"75":{"start":{"line":132,"column":11},"end":{"line":134,"column":5}},"76":{"start":{"line":133,"column":6},"end":{"line":133,"column":93}},"77":{"start":{"line":136,"column":4},"end":{"line":136,"column":69}},"78":{"start":{"line":139,"column":2},"end":{"line":143,"column":3}},"79":{"start":{"line":140,"column":4},"end":{"line":140,"column":58}},"80":{"start":{"line":142,"column":4},"end":{"line":142,"column":56}},"81":{"start":{"line":145,"column":2},"end":{"line":152,"column":3}},"82":{"start":{"line":146,"column":18},"end":{"line":146,"column":72}},"83":{"start":{"line":147,"column":4},"end":{"line":147,"column":103}},"84":{"start":{"line":148,"column":4},"end":{"line":148,"column":60}},"85":{"start":{"line":150,"column":4},"end":{"line":150,"column":64}},"86":{"start":{"line":151,"column":4},"end":{"line":151,"column":74}},"87":{"start":{"line":155,"column":29},"end":{"line":169,"column":1}},"88":{"start":{"line":156,"column":16},"end":{"line":156,"column":27}},"89":{"start":{"line":157,"column":2},"end":{"line":157,"column":59}},"90":{"start":{"line":157,"column":14},"end":{"line":157,"column":59}},"91":{"start":{"line":159,"column":2},"end":{"line":168,"column":3}},"92":{"start":{"line":160,"column":36},"end":{"line":160,"column":61}},"93":{"start":{"line":161,"column":20},"end":{"line":161,"column":73}},"94":{"start":{"line":162,"column":4},"end":{"line":162,"column":70}},"95":{"start":{"line":162,"column":18},"end":{"line":162,"column":70}},"96":{"start":{"line":164,"column":4},"end":{"line":164,"column":43}},"97":{"start":{"line":166,"column":4},"end":{"line":166,"column":56}},"98":{"start":{"line":167,"column":4},"end":{"line":167,"column":53}},"99":{"start":{"line":171,"column":32},"end":{"line":207,"column":1}},"100":{"start":{"line":172,"column":34},"end":{"line":172,"column":44}},"101":{"start":{"line":174,"column":2},"end":{"line":206,"column":3}},"102":{"start":{"line":175,"column":24},"end":{"line":175,"column":77}},"103":{"start":{"line":177,"column":4},"end":{"line":179,"column":5}},"104":{"start":{"line":178,"column":6},"end":{"line":178,"column":94}},"105":{"start":{"line":181,"column":17},"end":{"line":181,"column":48}},"106":{"start":{"line":182,"column":4},"end":{"line":184,"column":5}},"107":{"start":{"line":183,"column":6},"end":{"line":183,"column":63}},"108":{"start":{"line":186,"column":18},"end":{"line":190,"column":5}},"109":{"start":{"line":192,"column":4},"end":{"line":201,"column":7}},"110":{"start":{"line":204,"column":4},"end":{"line":204,"column":60}},"111":{"start":{"line":205,"column":4},"end":{"line":205,"column":68}},"112":{"start":{"line":209,"column":29},"end":{"line":224,"column":1}},"113":{"start":{"line":210,"column":35},"end":{"line":210,"column":43}},"114":{"start":{"line":212,"column":2},"end":{"line":223,"column":3}},"115":{"start":{"line":213,"column":17},"end":{"line":213,"column":56}},"116":{"start":{"line":214,"column":4},"end":{"line":214,"column":73}},"117":{"start":{"line":214,"column":15},"end":{"line":214,"column":73}},"118":{"start":{"line":216,"column":18},"end":{"line":216,"column":65}},"119":{"start":{"line":217,"column":4},"end":{"line":217,"column":72}},"120":{"start":{"line":219,"column":4},"end":{"line":219,"column":56}},"121":{"start":{"line":221,"column":4},"end":{"line":221,"column":45}},"122":{"start":{"line":222,"column":4},"end":{"line":222,"column":76}},"123":{"start":{"line":226,"column":22},"end":{"line":245,"column":1}},"124":{"start":{"line":227,"column":33},"end":{"line":227,"column":41}},"125":{"start":{"line":229,"column":2},"end":{"line":231,"column":3}},"126":{"start":{"line":230,"column":4},"end":{"line":230,"column":83}},"127":{"start":{"line":233,"column":2},"end":{"line":244,"column":3}},"128":{"start":{"line":234,"column":20},"end":{"line":234,"column":45}},"129":{"start":{"line":235,"column":27},"end":{"line":235,"column":61}},"130":{"start":{"line":237,"column":20},"end":{"line":237,"column":92}},"131":{"start":{"line":238,"column":4},"end":{"line":238,"column":76}},"132":{"start":{"line":238,"column":18},"end":{"line":238,"column":76}},"133":{"start":{"line":240,"column":4},"end":{"line":240,"column":56}},"134":{"start":{"line":242,"column":4},"end":{"line":242,"column":48}},"135":{"start":{"line":243,"column":4},"end":{"line":243,"column":65}},"136":{"start":{"line":247,"column":19},"end":{"line":275,"column":1}},"137":{"start":{"line":247,"column":38},"end":{"line":275,"column":1}},"138":{"start":{"line":249,"column":2},"end":{"line":255,"column":3}},"139":{"start":{"line":250,"column":28},"end":{"line":250,"column":38}},"140":{"start":{"line":251,"column":4},"end":{"line":251,"column":21}},"141":{"start":{"line":253,"column":23},"end":{"line":253,"column":33}},"142":{"start":{"line":254,"column":4},"end":{"line":254,"column":16}},"143":{"start":{"line":256,"column":21},"end":{"line":256,"column":29}},"144":{"start":{"line":258,"column":2},"end":{"line":260,"column":3}},"145":{"start":{"line":259,"column":4},"end":{"line":259,"column":66}},"146":{"start":{"line":262,"column":2},"end":{"line":264,"column":3}},"147":{"start":{"line":263,"column":4},"end":{"line":263,"column":76}},"148":{"start":{"line":266,"column":2},"end":{"line":274,"column":3}},"149":{"start":{"line":267,"column":20},"end":{"line":267,"column":64}},"150":{"start":{"line":268,"column":4},"end":{"line":268,"column":76}},"151":{"start":{"line":268,"column":18},"end":{"line":268,"column":76}},"152":{"start":{"line":270,"column":4},"end":{"line":270,"column":56}},"153":{"start":{"line":272,"column":4},"end":{"line":272,"column":47}},"154":{"start":{"line":273,"column":4},"end":{"line":273,"column":62}},"155":{"start":{"line":277,"column":19},"end":{"line":299,"column":1}},"156":{"start":{"line":277,"column":38},"end":{"line":299,"column":1}},"157":{"start":{"line":279,"column":2},"end":{"line":286,"column":3}},"158":{"start":{"line":280,"column":26},"end":{"line":280,"column":36}},"159":{"start":{"line":281,"column":4},"end":{"line":281,"column":19}},"160":{"start":{"line":284,"column":21},"end":{"line":284,"column":31}},"161":{"start":{"line":285,"column":4},"end":{"line":285,"column":14}},"162":{"start":{"line":288,"column":2},"end":{"line":288,"column":65}},"163":{"start":{"line":288,"column":11},"end":{"line":288,"column":65}},"164":{"start":{"line":290,"column":2},"end":{"line":298,"column":3}},"165":{"start":{"line":291,"column":20},"end":{"line":291,"column":52}},"166":{"start":{"line":292,"column":4},"end":{"line":292,"column":76}},"167":{"start":{"line":292,"column":18},"end":{"line":292,"column":76}},"168":{"start":{"line":294,"column":4},"end":{"line":294,"column":56}},"169":{"start":{"line":296,"column":4},"end":{"line":296,"column":47}},"170":{"start":{"line":297,"column":4},"end":{"line":297,"column":62}},"171":{"start":{"line":302,"column":0},"end":{"line":319,"column":2}}},"fnMap":{"0":{"name":"(anonymous_0)","decl":{"start":{"line":21,"column":17},"end":{"line":21,"column":18}},"loc":{"start":{"line":21,"column":36},"end":{"line":45,"column":1}},"line":21},"1":{"name":"(anonymous_1)","decl":{"start":{"line":21,"column":36},"end":{"line":21,"column":37}},"loc":{"start":{"line":21,"column":56},"end":{"line":45,"column":1}},"line":21},"2":{"name":"(anonymous_2)","decl":{"start":{"line":47,"column":16},"end":{"line":47,"column":17}},"loc":{"start":{"line":47,"column":36},"end":{"line":65,"column":1}},"line":47},"3":{"name":"(anonymous_3)","decl":{"start":{"line":67,"column":14},"end":{"line":67,"column":15}},"loc":{"start":{"line":67,"column":33},"end":{"line":97,"column":1}},"line":67},"4":{"name":"(anonymous_4)","decl":{"start":{"line":67,"column":33},"end":{"line":67,"column":34}},"loc":{"start":{"line":67,"column":53},"end":{"line":97,"column":1}},"line":67},"5":{"name":"(anonymous_5)","decl":{"start":{"line":99,"column":26},"end":{"line":99,"column":27}},"loc":{"start":{"line":99,"column":46},"end":{"line":109,"column":1}},"line":99},"6":{"name":"(anonymous_6)","decl":{"start":{"line":111,"column":32},"end":{"line":111,"column":33}},"loc":{"start":{"line":111,"column":52},"end":{"line":122,"column":1}},"line":111},"7":{"name":"(anonymous_7)","decl":{"start":{"line":124,"column":34},"end":{"line":124,"column":35}},"loc":{"start":{"line":124,"column":54},"end":{"line":153,"column":1}},"line":124},"8":{"name":"(anonymous_8)","decl":{"start":{"line":155,"column":29},"end":{"line":155,"column":30}},"loc":{"start":{"line":155,"column":49},"end":{"line":169,"column":1}},"line":155},"9":{"name":"(anonymous_9)","decl":{"start":{"line":171,"column":32},"end":{"line":171,"column":33}},"loc":{"start":{"line":171,"column":52},"end":{"line":207,"column":1}},"line":171},"10":{"name":"(anonymous_10)","decl":{"start":{"line":209,"column":29},"end":{"line":209,"column":30}},"loc":{"start":{"line":209,"column":49},"end":{"line":224,"column":1}},"line":209},"11":{"name":"(anonymous_11)","decl":{"start":{"line":226,"column":22},"end":{"line":226,"column":23}},"loc":{"start":{"line":226,"column":42},"end":{"line":245,"column":1}},"line":226},"12":{"name":"(anonymous_12)","decl":{"start":{"line":247,"column":19},"end":{"line":247,"column":20}},"loc":{"start":{"line":247,"column":38},"end":{"line":275,"column":1}},"line":247},"13":{"name":"(anonymous_13)","decl":{"start":{"line":247,"column":38},"end":{"line":247,"column":39}},"loc":{"start":{"line":247,"column":58},"end":{"line":275,"column":1}},"line":247},"14":{"name":"(anonymous_14)","decl":{"start":{"line":277,"column":19},"end":{"line":277,"column":20}},"loc":{"start":{"line":277,"column":38},"end":{"line":299,"column":1}},"line":277},"15":{"name":"(anonymous_15)","decl":{"start":{"line":277,"column":38},"end":{"line":277,"column":39}},"loc":{"start":{"line":277,"column":58},"end":{"line":299,"column":1}},"line":277}},"branchMap":{"0":{"loc":{"start":{"line":21,"column":18},"end":{"line":21,"column":31}},"type":"default-arg","locations":[{"start":{"line":21,"column":25},"end":{"line":21,"column":31}}],"line":21},"1":{"loc":{"start":{"line":24,"column":2},"end":{"line":26,"column":3}},"type":"if","locations":[{"start":{"line":24,"column":2},"end":{"line":26,"column":3}},{"start":{},"end":{}}],"line":24},"2":{"loc":{"start":{"line":24,"column":6},"end":{"line":24,"column":85}},"type":"binary-expr","locations":[{"start":{"line":24,"column":6},"end":{"line":24,"column":11}},{"start":{"line":24,"column":15},"end":{"line":24,"column":21}},{"start":{"line":24,"column":25},"end":{"line":24,"column":33}},{"start":{"line":24,"column":37},"end":{"line":24,"column":46}},{"start":{"line":24,"column":51},"end":{"line":24,"column":66}},{"start":{"line":24,"column":70},"end":{"line":24,"column":84}}],"line":24},"3":{"loc":{"start":{"line":30,"column":4},"end":{"line":32,"column":5}},"type":"if","locations":[{"start":{"line":30,"column":4},"end":{"line":32,"column":5}},{"start":{},"end":{}}],"line":30},"4":{"loc":{"start":{"line":50,"column":15},"end":{"line":50,"column":36}},"type":"binary-expr","locations":[{"start":{"line":50,"column":15},"end":{"line":50,"column":26}},{"start":{"line":50,"column":30},"end":{"line":50,"column":36}}],"line":50},"5":{"loc":{"start":{"line":52,"column":2},"end":{"line":52,"column":59}},"type":"if","locations":[{"start":{"line":52,"column":2},"end":{"line":52,"column":59}},{"start":{},"end":{}}],"line":52},"6":{"loc":{"start":{"line":59,"column":4},"end":{"line":59,"column":66}},"type":"if","locations":[{"start":{"line":59,"column":4},"end":{"line":59,"column":66}},{"start":{},"end":{}}],"line":59},"7":{"loc":{"start":{"line":67,"column":15},"end":{"line":67,"column":28}},"type":"default-arg","locations":[{"start":{"line":67,"column":22},"end":{"line":67,"column":28}}],"line":67},"8":{"loc":{"start":{"line":72,"column":4},"end":{"line":72,"column":72}},"type":"if","locations":[{"start":{"line":72,"column":4},"end":{"line":72,"column":72}},{"start":{},"end":{}}],"line":72},"9":{"loc":{"start":{"line":74,"column":4},"end":{"line":76,"column":5}},"type":"if","locations":[{"start":{"line":74,"column":4},"end":{"line":76,"column":5}},{"start":{},"end":{}}],"line":74},"10":{"loc":{"start":{"line":79,"column":4},"end":{"line":79,"column":73}},"type":"if","locations":[{"start":{"line":79,"column":4},"end":{"line":79,"column":73}},{"start":{},"end":{}}],"line":79},"11":{"loc":{"start":{"line":90,"column":12},"end":{"line":90,"column":68}},"type":"binary-expr","locations":[{"start":{"line":90,"column":12},"end":{"line":90,"column":27}},{"start":{"line":90,"column":31},"end":{"line":90,"column":68}}],"line":90},"12":{"loc":{"start":{"line":116,"column":4},"end":{"line":116,"column":93}},"type":"if","locations":[{"start":{"line":116,"column":4},"end":{"line":116,"column":93}},{"start":{},"end":{}}],"line":116},"13":{"loc":{"start":{"line":130,"column":4},"end":{"line":134,"column":5}},"type":"if","locations":[{"start":{"line":130,"column":4},"end":{"line":134,"column":5}},{"start":{"line":132,"column":11},"end":{"line":134,"column":5}}],"line":130},"14":{"loc":{"start":{"line":132,"column":11},"end":{"line":134,"column":5}},"type":"if","locations":[{"start":{"line":132,"column":11},"end":{"line":134,"column":5}},{"start":{},"end":{}}],"line":132},"15":{"loc":{"start":{"line":157,"column":2},"end":{"line":157,"column":59}},"type":"if","locations":[{"start":{"line":157,"column":2},"end":{"line":157,"column":59}},{"start":{},"end":{}}],"line":157},"16":{"loc":{"start":{"line":162,"column":4},"end":{"line":162,"column":70}},"type":"if","locations":[{"start":{"line":162,"column":4},"end":{"line":162,"column":70}},{"start":{},"end":{}}],"line":162},"17":{"loc":{"start":{"line":177,"column":4},"end":{"line":179,"column":5}},"type":"if","locations":[{"start":{"line":177,"column":4},"end":{"line":179,"column":5}},{"start":{},"end":{}}],"line":177},"18":{"loc":{"start":{"line":182,"column":4},"end":{"line":184,"column":5}},"type":"if","locations":[{"start":{"line":182,"column":4},"end":{"line":184,"column":5}},{"start":{},"end":{}}],"line":182},"19":{"loc":{"start":{"line":210,"column":17},"end":{"line":210,"column":30}},"type":"default-arg","locations":[{"start":{"line":210,"column":24},"end":{"line":210,"column":30}}],"line":210},"20":{"loc":{"start":{"line":214,"column":4},"end":{"line":214,"column":73}},"type":"if","locations":[{"start":{"line":214,"column":4},"end":{"line":214,"column":73}},{"start":{},"end":{}}],"line":214},"21":{"loc":{"start":{"line":229,"column":2},"end":{"line":231,"column":3}},"type":"if","locations":[{"start":{"line":229,"column":2},"end":{"line":231,"column":3}},{"start":{},"end":{}}],"line":229},"22":{"loc":{"start":{"line":229,"column":6},"end":{"line":229,"column":28}},"type":"binary-expr","locations":[{"start":{"line":229,"column":6},"end":{"line":229,"column":12}},{"start":{"line":229,"column":16},"end":{"line":229,"column":28}}],"line":229},"23":{"loc":{"start":{"line":238,"column":4},"end":{"line":238,"column":76}},"type":"if","locations":[{"start":{"line":238,"column":4},"end":{"line":238,"column":76}},{"start":{},"end":{}}],"line":238},"24":{"loc":{"start":{"line":247,"column":20},"end":{"line":247,"column":33}},"type":"default-arg","locations":[{"start":{"line":247,"column":27},"end":{"line":247,"column":33}}],"line":247},"25":{"loc":{"start":{"line":249,"column":2},"end":{"line":255,"column":3}},"type":"if","locations":[{"start":{"line":249,"column":2},"end":{"line":255,"column":3}},{"start":{"line":252,"column":9},"end":{"line":255,"column":3}}],"line":249},"26":{"loc":{"start":{"line":258,"column":2},"end":{"line":260,"column":3}},"type":"if","locations":[{"start":{"line":258,"column":2},"end":{"line":260,"column":3}},{"start":{},"end":{}}],"line":258},"27":{"loc":{"start":{"line":262,"column":2},"end":{"line":264,"column":3}},"type":"if","locations":[{"start":{"line":262,"column":2},"end":{"line":264,"column":3}},{"start":{},"end":{}}],"line":262},"28":{"loc":{"start":{"line":262,"column":6},"end":{"line":262,"column":49}},"type":"binary-expr","locations":[{"start":{"line":262,"column":6},"end":{"line":262,"column":9}},{"start":{"line":262,"column":13},"end":{"line":262,"column":49}}],"line":262},"29":{"loc":{"start":{"line":268,"column":4},"end":{"line":268,"column":76}},"type":"if","locations":[{"start":{"line":268,"column":4},"end":{"line":268,"column":76}},{"start":{},"end":{}}],"line":268},"30":{"loc":{"start":{"line":277,"column":20},"end":{"line":277,"column":33}},"type":"default-arg","locations":[{"start":{"line":277,"column":27},"end":{"line":277,"column":33}}],"line":277},"31":{"loc":{"start":{"line":279,"column":2},"end":{"line":286,"column":3}},"type":"if","locations":[{"start":{"line":279,"column":2},"end":{"line":286,"column":3}},{"start":{"line":283,"column":7},"end":{"line":286,"column":3}}],"line":279},"32":{"loc":{"start":{"line":288,"column":2},"end":{"line":288,"column":65}},"type":"if","locations":[{"start":{"line":288,"column":2},"end":{"line":288,"column":65}},{"start":{},"end":{}}],"line":288},"33":{"loc":{"start":{"line":292,"column":4},"end":{"line":292,"column":76}},"type":"if","locations":[{"start":{"line":292,"column":4},"end":{"line":292,"column":76}},{"start":{},"end":{}}],"line":292}},"s":{"0":1,"1":1,"2":1,"3":1,"4":1,"5":1,"6":1,"7":1,"8":2,"9":4,"10":4,"11":1,"12":3,"13":3,"14":3,"15":1,"16":2,"17":2,"18":1,"19":1,"20":1,"21":1,"22":1,"23":1,"24":4,"25":4,"26":4,"27":1,"28":3,"29":3,"30":2,"31":2,"32":2,"33":1,"34":1,"35":1,"36":1,"37":1,"38":2,"39":5,"40":5,"41":5,"42":4,"43":1,"44":3,"45":1,"46":2,"47":2,"48":1,"49":1,"50":1,"51":1,"52":1,"53":1,"54":0,"55":0,"56":0,"57":0,"58":0,"59":0,"60":1,"61":0,"62":0,"63":0,"64":0,"65":0,"66":0,"67":0,"68":0,"69":1,"70":0,"71":0,"72":0,"73":0,"74":0,"75":0,"76":0,"77":0,"78":0,"79":0,"80":0,"81":0,"82":0,"83":0,"84":0,"85":0,"86":0,"87":1,"88":0,"89":0,"90":0,"91":0,"92":0,"93":0,"94":0,"95":0,"96":0,"97":0,"98":0,"99":1,"100":0,"101":0,"102":0,"103":0,"104":0,"105":0,"106":0,"107":0,"108":0,"109":0,"110":0,"111":0,"112":1,"113":0,"114":0,"115":0,"116":0,"117":0,"118":0,"119":0,"120":0,"121":0,"122":0,"123":1,"124":0,"125":0,"126":0,"127":0,"128":0,"129":0,"130":0,"131":0,"132":0,"133":0,"134":0,"135":0,"136":1,"137":2,"138":5,"139":0,"140":0,"141":5,"142":5,"143":5,"144":5,"145":1,"146":5,"147":1,"148":4,"149":4,"150":3,"151":1,"152":2,"153":1,"154":1,"155":1,"156":2,"157":4,"158":0,"159":0,"160":4,"161":4,"162":4,"163":1,"164":3,"165":3,"166":2,"167":1,"168":1,"169":1,"170":1,"171":1},"f":{"0":2,"1":4,"2":4,"3":2,"4":5,"5":0,"6":0,"7":0,"8":0,"9":0,"10":0,"11":0,"12":2,"13":5,"14":2,"15":4},"b":{"0":[0],"1":[1,3],"2":[4,3,3,3,3,3],"3":[1,2],"4":[4,4],"5":[1,3],"6":[1,1],"7":[0],"8":[1,3],"9":[1,2],"10":[1,1],"11":[1,1],"12":[0,0],"13":[0,0],"14":[0,0],"15":[0,0],"16":[0,0],"17":[0,0],"18":[0,0],"19":[0],"20":[0,0],"21":[0,0],"22":[0,0],"23":[0,0],"24":[0],"25":[0,5],"26":[1,4],"27":[1,4],"28":[5,4],"29":[1,2],"30":[0],"31":[0,4],"32":[1,3],"33":[1,1]},"_coverageSchema":"1a1c01bbd47fc00a2c39e90264f33305004495a9","hash":"231bdacd50c798bd782376f8e7f9830e765327e2"}
,"C:\\Users\\meska\\OneDrive\\Desktop\\bakis\\Pill-Pall-BE\\models\\Medicines.js": {"path":"C:\\Users\\meska\\OneDrive\\Desktop\\bakis\\Pill-Pall-BE\\models\\Medicines.js","statementMap":{"0":{"start":{"line":1,"column":11},"end":{"line":1,"column":27}},"1":{"start":{"line":3,"column":0},"end":{"line":47,"column":2}},"2":{"start":{"line":5,"column":19},"end":{"line":5,"column":88}},"3":{"start":{"line":6,"column":4},"end":{"line":6,"column":16}},"4":{"start":{"line":10,"column":19},"end":{"line":10,"column":111}},"5":{"start":{"line":11,"column":4},"end":{"line":11,"column":44}},"6":{"start":{"line":15,"column":21},"end":{"line":18,"column":5}},"7":{"start":{"line":19,"column":4},"end":{"line":19,"column":27}},"8":{"start":{"line":23,"column":21},"end":{"line":28,"column":5}},"9":{"start":{"line":29,"column":4},"end":{"line":29,"column":35}},"10":{"start":{"line":33,"column":21},"end":{"line":36,"column":5}},"11":{"start":{"line":37,"column":4},"end":{"line":37,"column":35}},"12":{"start":{"line":41,"column":4},"end":{"line":41,"column":42}},"13":{"start":{"line":41,"column":29},"end":{"line":41,"column":42}},"14":{"start":{"line":42,"column":25},"end":{"line":42,"column":61}},"15":{"start":{"line":42,"column":47},"end":{"line":42,"column":50}},"16":{"start":{"line":43,"column":18},"end":{"line":43,"column":87}},"17":{"start":{"line":44,"column":21},"end":{"line":44,"column":68}},"18":{"start":{"line":45,"column":4},"end":{"line":45,"column":31}}},"fnMap":{"0":{"name":"(anonymous_0)","decl":{"start":{"line":4,"column":25},"end":{"line":4,"column":26}},"loc":{"start":{"line":4,"column":43},"end":{"line":7,"column":3}},"line":4},"1":{"name":"(anonymous_1)","decl":{"start":{"line":9,"column":19},"end":{"line":9,"column":20}},"loc":{"start":{"line":9,"column":49},"end":{"line":12,"column":3}},"line":9},"2":{"name":"(anonymous_2)","decl":{"start":{"line":14,"column":22},"end":{"line":14,"column":23}},"loc":{"start":{"line":14,"column":84},"end":{"line":20,"column":3}},"line":14},"3":{"name":"(anonymous_3)","decl":{"start":{"line":22,"column":25},"end":{"line":22,"column":26}},"loc":{"start":{"line":22,"column":99},"end":{"line":30,"column":3}},"line":22},"4":{"name":"(anonymous_4)","decl":{"start":{"line":32,"column":25},"end":{"line":32,"column":26}},"loc":{"start":{"line":32,"column":55},"end":{"line":38,"column":3}},"line":32},"5":{"name":"(anonymous_5)","decl":{"start":{"line":40,"column":27},"end":{"line":40,"column":28}},"loc":{"start":{"line":40,"column":58},"end":{"line":46,"column":3}},"line":40},"6":{"name":"(anonymous_6)","decl":{"start":{"line":42,"column":41},"end":{"line":42,"column":42}},"loc":{"start":{"line":42,"column":47},"end":{"line":42,"column":50}},"line":42}},"branchMap":{"0":{"loc":{"start":{"line":11,"column":11},"end":{"line":11,"column":43}},"type":"cond-expr","locations":[{"start":{"line":11,"column":29},"end":{"line":11,"column":36}},{"start":{"line":11,"column":39},"end":{"line":11,"column":43}}],"line":11},"1":{"loc":{"start":{"line":41,"column":4},"end":{"line":41,"column":42}},"type":"if","locations":[{"start":{"line":41,"column":4},"end":{"line":41,"column":42}},{"start":{},"end":{}}],"line":41}},"s":{"0":2,"1":2,"2":1,"3":1,"4":2,"5":2,"6":1,"7":1,"8":2,"9":2,"10":2,"11":2,"12":2,"13":1,"14":1,"15":2,"16":1,"17":1,"18":1},"f":{"0":1,"1":2,"2":1,"3":2,"4":2,"5":2,"6":2},"b":{"0":[1,1],"1":[1,1]},"_coverageSchema":"1a1c01bbd47fc00a2c39e90264f33305004495a9","hash":"9ae636ed59b3ef201f0a79da09c7bd4ba7a5d277"}
,"C:\\Users\\meska\\OneDrive\\Desktop\\bakis\\Pill-Pall-BE\\models\\Reminders.js": {"path":"C:\\Users\\meska\\OneDrive\\Desktop\\bakis\\Pill-Pall-BE\\models\\Reminders.js","statementMap":{"0":{"start":{"line":1,"column":11},"end":{"line":1,"column":27}},"1":{"start":{"line":3,"column":0},"end":{"line":316,"column":2}},"2":{"start":{"line":5,"column":28},"end":{"line":8,"column":5}},"3":{"start":{"line":10,"column":4},"end":{"line":16,"column":5}},"4":{"start":{"line":11,"column":25},"end":{"line":14,"column":7}},"5":{"start":{"line":15,"column":6},"end":{"line":15,"column":57}},"6":{"start":{"line":15,"column":43},"end":{"line":15,"column":55}},"7":{"start":{"line":18,"column":4},"end":{"line":18,"column":25}},"8":{"start":{"line":22,"column":22},"end":{"line":25,"column":5}},"9":{"start":{"line":27,"column":4},"end":{"line":27,"column":42}},"10":{"start":{"line":27,"column":30},"end":{"line":27,"column":42}},"11":{"start":{"line":29,"column":23},"end":{"line":32,"column":5}},"12":{"start":{"line":34,"column":17},"end":{"line":34,"column":27}},"13":{"start":{"line":35,"column":4},"end":{"line":35,"column":55}},"14":{"start":{"line":35,"column":41},"end":{"line":35,"column":53}},"15":{"start":{"line":37,"column":4},"end":{"line":37,"column":16}},"16":{"start":{"line":49,"column":8},"end":{"line":49,"column":20}},"17":{"start":{"line":51,"column":23},"end":{"line":51,"column":47}},"18":{"start":{"line":52,"column":4},"end":{"line":52,"column":40}},"19":{"start":{"line":54,"column":4},"end":{"line":83,"column":5}},"20":{"start":{"line":56,"column":23},"end":{"line":63,"column":7}},"21":{"start":{"line":65,"column":29},"end":{"line":65,"column":44}},"22":{"start":{"line":68,"column":6},"end":{"line":74,"column":7}},"23":{"start":{"line":69,"column":31},"end":{"line":69,"column":74}},"24":{"start":{"line":69,"column":52},"end":{"line":69,"column":73}},"25":{"start":{"line":70,"column":8},"end":{"line":73,"column":10}},"26":{"start":{"line":76,"column":6},"end":{"line":76,"column":32}},"27":{"start":{"line":77,"column":6},"end":{"line":77,"column":28}},"28":{"start":{"line":79,"column":6},"end":{"line":79,"column":34}},"29":{"start":{"line":80,"column":6},"end":{"line":80,"column":16}},"30":{"start":{"line":82,"column":6},"end":{"line":82,"column":27}},"31":{"start":{"line":87,"column":23},"end":{"line":87,"column":47}},"32":{"start":{"line":88,"column":4},"end":{"line":88,"column":40}},"33":{"start":{"line":90,"column":4},"end":{"line":129,"column":5}},"34":{"start":{"line":91,"column":41},"end":{"line":91,"column":51}},"35":{"start":{"line":94,"column":23},"end":{"line":97,"column":7}},"36":{"start":{"line":99,"column":6},"end":{"line":102,"column":7}},"37":{"start":{"line":100,"column":8},"end":{"line":100,"column":36}},"38":{"start":{"line":101,"column":8},"end":{"line":101,"column":21}},"39":{"start":{"line":105,"column":6},"end":{"line":120,"column":7}},"40":{"start":{"line":107,"column":8},"end":{"line":110,"column":10}},"41":{"start":{"line":113,"column":8},"end":{"line":119,"column":9}},"42":{"start":{"line":114,"column":33},"end":{"line":114,"column":72}},"43":{"start":{"line":114,"column":54},"end":{"line":114,"column":71}},"44":{"start":{"line":115,"column":10},"end":{"line":118,"column":12}},"45":{"start":{"line":122,"column":6},"end":{"line":122,"column":32}},"46":{"start":{"line":123,"column":6},"end":{"line":123,"column":18}},"47":{"start":{"line":125,"column":6},"end":{"line":125,"column":34}},"48":{"start":{"line":126,"column":6},"end":{"line":126,"column":16}},"49":{"start":{"line":128,"column":6},"end":{"line":128,"column":27}},"50":{"start":{"line":133,"column":23},"end":{"line":133,"column":47}},"51":{"start":{"line":134,"column":4},"end":{"line":134,"column":40}},"52":{"start":{"line":136,"column":4},"end":{"line":150,"column":5}},"53":{"start":{"line":138,"column":23},"end":{"line":141,"column":7}},"54":{"start":{"line":143,"column":6},"end":{"line":143,"column":32}},"55":{"start":{"line":144,"column":6},"end":{"line":144,"column":37}},"56":{"start":{"line":146,"column":6},"end":{"line":146,"column":34}},"57":{"start":{"line":147,"column":6},"end":{"line":147,"column":16}},"58":{"start":{"line":149,"column":6},"end":{"line":149,"column":27}},"59":{"start":{"line":154,"column":4},"end":{"line":154,"column":59}},"60":{"start":{"line":154,"column":50},"end":{"line":154,"column":59}},"61":{"start":{"line":156,"column":23},"end":{"line":156,"column":47}},"62":{"start":{"line":157,"column":4},"end":{"line":157,"column":40}},"63":{"start":{"line":159,"column":4},"end":{"line":173,"column":5}},"64":{"start":{"line":160,"column":27},"end":{"line":160,"column":63}},"65":{"start":{"line":160,"column":49},"end":{"line":160,"column":52}},"66":{"start":{"line":161,"column":23},"end":{"line":164,"column":7}},"67":{"start":{"line":166,"column":6},"end":{"line":166,"column":32}},"68":{"start":{"line":167,"column":6},"end":{"line":167,"column":33}},"69":{"start":{"line":169,"column":6},"end":{"line":169,"column":34}},"70":{"start":{"line":170,"column":6},"end":{"line":170,"column":16}},"71":{"start":{"line":172,"column":6},"end":{"line":172,"column":27}},"72":{"start":{"line":177,"column":4},"end":{"line":196,"column":5}},"73":{"start":{"line":178,"column":26},"end":{"line":191,"column":7}},"74":{"start":{"line":192,"column":6},"end":{"line":192,"column":23}},"75":{"start":{"line":194,"column":6},"end":{"line":194,"column":54}},"76":{"start":{"line":195,"column":6},"end":{"line":195,"column":16}},"77":{"start":{"line":200,"column":4},"end":{"line":209,"column":5}},"78":{"start":{"line":201,"column":23},"end":{"line":204,"column":7}},"79":{"start":{"line":205,"column":6},"end":{"line":205,"column":33}},"80":{"start":{"line":207,"column":6},"end":{"line":207,"column":66}},"81":{"start":{"line":208,"column":6},"end":{"line":208,"column":16}},"82":{"start":{"line":213,"column":4},"end":{"line":258,"column":5}},"83":{"start":{"line":214,"column":32},"end":{"line":214,"column":34}},"84":{"start":{"line":217,"column":20},"end":{"line":217,"column":79}},"85":{"start":{"line":218,"column":18},"end":{"line":218,"column":71}},"86":{"start":{"line":219,"column":20},"end":{"line":219,"column":35}},"87":{"start":{"line":222,"column":6},"end":{"line":224,"column":7}},"88":{"start":{"line":223,"column":8},"end":{"line":223,"column":47}},"89":{"start":{"line":227,"column":28},"end":{"line":227,"column":75}},"90":{"start":{"line":229,"column":6},"end":{"line":243,"column":7}},"91":{"start":{"line":230,"column":27},"end":{"line":230,"column":54}},"92":{"start":{"line":231,"column":8},"end":{"line":237,"column":9}},"93":{"start":{"line":232,"column":23},"end":{"line":232,"column":44}},"94":{"start":{"line":233,"column":24},"end":{"line":233,"column":71}},"95":{"start":{"line":234,"column":22},"end":{"line":234,"column":64}},"96":{"start":{"line":235,"column":32},"end":{"line":235,"column":57}},"97":{"start":{"line":236,"column":10},"end":{"line":236,"column":69}},"98":{"start":{"line":240,"column":24},"end":{"line":240,"column":41}},"99":{"start":{"line":241,"column":8},"end":{"line":241,"column":47}},"100":{"start":{"line":242,"column":8},"end":{"line":242,"column":26}},"101":{"start":{"line":245,"column":6},"end":{"line":247,"column":7}},"102":{"start":{"line":246,"column":8},"end":{"line":246,"column":17}},"103":{"start":{"line":249,"column":23},"end":{"line":252,"column":7}},"104":{"start":{"line":254,"column":6},"end":{"line":254,"column":33}},"105":{"start":{"line":256,"column":6},"end":{"line":256,"column":54}},"106":{"start":{"line":257,"column":6},"end":{"line":257,"column":53}},"107":{"start":{"line":262,"column":28},"end":{"line":277,"column":5}},"108":{"start":{"line":280,"column":4},"end":{"line":282,"column":5}},"109":{"start":{"line":281,"column":6},"end":{"line":281,"column":71}},"110":{"start":{"line":284,"column":4},"end":{"line":284,"column":25}},"111":{"start":{"line":288,"column":4},"end":{"line":301,"column":5}},"112":{"start":{"line":289,"column":24},"end":{"line":296,"column":7}},"113":{"start":{"line":297,"column":6},"end":{"line":297,"column":66}},"114":{"start":{"line":299,"column":6},"end":{"line":299,"column":57}},"115":{"start":{"line":300,"column":6},"end":{"line":300,"column":16}},"116":{"start":{"line":305,"column":4},"end":{"line":314,"column":5}},"117":{"start":{"line":306,"column":23},"end":{"line":309,"column":7}},"118":{"start":{"line":310,"column":6},"end":{"line":310,"column":33}},"119":{"start":{"line":312,"column":6},"end":{"line":312,"column":65}},"120":{"start":{"line":313,"column":6},"end":{"line":313,"column":16}}},"fnMap":{"0":{"name":"(anonymous_0)","decl":{"start":{"line":4,"column":30},"end":{"line":4,"column":31}},"loc":{"start":{"line":4,"column":48},"end":{"line":19,"column":3}},"line":4},"1":{"name":"(anonymous_1)","decl":{"start":{"line":15,"column":36},"end":{"line":15,"column":37}},"loc":{"start":{"line":15,"column":43},"end":{"line":15,"column":55}},"line":15},"2":{"name":"(anonymous_2)","decl":{"start":{"line":21,"column":23},"end":{"line":21,"column":24}},"loc":{"start":{"line":21,"column":53},"end":{"line":38,"column":3}},"line":21},"3":{"name":"(anonymous_3)","decl":{"start":{"line":35,"column":34},"end":{"line":35,"column":35}},"loc":{"start":{"line":35,"column":41},"end":{"line":35,"column":53}},"line":35},"4":{"name":"(anonymous_4)","decl":{"start":{"line":40,"column":22},"end":{"line":40,"column":23}},"loc":{"start":{"line":40,"column":46},"end":{"line":84,"column":3}},"line":40},"5":{"name":"(anonymous_5)","decl":{"start":{"line":69,"column":45},"end":{"line":69,"column":46}},"loc":{"start":{"line":69,"column":52},"end":{"line":69,"column":73}},"line":69},"6":{"name":"(anonymous_6)","decl":{"start":{"line":86,"column":22},"end":{"line":86,"column":23}},"loc":{"start":{"line":86,"column":64},"end":{"line":130,"column":3}},"line":86},"7":{"name":"(anonymous_7)","decl":{"start":{"line":114,"column":47},"end":{"line":114,"column":48}},"loc":{"start":{"line":114,"column":54},"end":{"line":114,"column":71}},"line":114},"8":{"name":"(anonymous_8)","decl":{"start":{"line":132,"column":22},"end":{"line":132,"column":23}},"loc":{"start":{"line":132,"column":52},"end":{"line":151,"column":3}},"line":132},"9":{"name":"(anonymous_9)","decl":{"start":{"line":153,"column":31},"end":{"line":153,"column":32}},"loc":{"start":{"line":153,"column":62},"end":{"line":174,"column":3}},"line":153},"10":{"name":"(anonymous_10)","decl":{"start":{"line":160,"column":43},"end":{"line":160,"column":44}},"loc":{"start":{"line":160,"column":49},"end":{"line":160,"column":52}},"line":160},"11":{"name":"(anonymous_11)","decl":{"start":{"line":176,"column":19},"end":{"line":176,"column":20}},"loc":{"start":{"line":176,"column":37},"end":{"line":197,"column":3}},"line":176},"12":{"name":"(anonymous_12)","decl":{"start":{"line":199,"column":21},"end":{"line":199,"column":22}},"loc":{"start":{"line":199,"column":50},"end":{"line":210,"column":3}},"line":199},"13":{"name":"(anonymous_13)","decl":{"start":{"line":212,"column":19},"end":{"line":212,"column":20}},"loc":{"start":{"line":212,"column":78},"end":{"line":259,"column":3}},"line":212},"14":{"name":"(anonymous_14)","decl":{"start":{"line":261,"column":24},"end":{"line":261,"column":25}},"loc":{"start":{"line":261,"column":46},"end":{"line":285,"column":3}},"line":261},"15":{"name":"(anonymous_15)","decl":{"start":{"line":287,"column":31},"end":{"line":287,"column":32}},"loc":{"start":{"line":287,"column":53},"end":{"line":302,"column":3}},"line":287},"16":{"name":"(anonymous_16)","decl":{"start":{"line":304,"column":27},"end":{"line":304,"column":28}},"loc":{"start":{"line":304,"column":53},"end":{"line":315,"column":3}},"line":304}},"branchMap":{"0":{"loc":{"start":{"line":27,"column":4},"end":{"line":27,"column":42}},"type":"if","locations":[{"start":{"line":27,"column":4},"end":{"line":27,"column":42}},{"start":{},"end":{}}],"line":27},"1":{"loc":{"start":{"line":68,"column":6},"end":{"line":74,"column":7}},"type":"if","locations":[{"start":{"line":68,"column":6},"end":{"line":74,"column":7}},{"start":{},"end":{}}],"line":68},"2":{"loc":{"start":{"line":68,"column":10},"end":{"line":68,"column":71}},"type":"binary-expr","locations":[{"start":{"line":68,"column":10},"end":{"line":68,"column":19}},{"start":{"line":68,"column":23},"end":{"line":68,"column":47}},{"start":{"line":68,"column":51},"end":{"line":68,"column":71}}],"line":68},"3":{"loc":{"start":{"line":99,"column":6},"end":{"line":102,"column":7}},"type":"if","locations":[{"start":{"line":99,"column":6},"end":{"line":102,"column":7}},{"start":{},"end":{}}],"line":99},"4":{"loc":{"start":{"line":105,"column":6},"end":{"line":120,"column":7}},"type":"if","locations":[{"start":{"line":105,"column":6},"end":{"line":120,"column":7}},{"start":{},"end":{}}],"line":105},"5":{"loc":{"start":{"line":105,"column":10},"end":{"line":105,"column":47}},"type":"binary-expr","locations":[{"start":{"line":105,"column":10},"end":{"line":105,"column":19}},{"start":{"line":105,"column":23},"end":{"line":105,"column":47}}],"line":105},"6":{"loc":{"start":{"line":113,"column":8},"end":{"line":119,"column":9}},"type":"if","locations":[{"start":{"line":113,"column":8},"end":{"line":119,"column":9}},{"start":{},"end":{}}],"line":113},"7":{"loc":{"start":{"line":154,"column":4},"end":{"line":154,"column":59}},"type":"if","locations":[{"start":{"line":154,"column":4},"end":{"line":154,"column":59}},{"start":{},"end":{}}],"line":154},"8":{"loc":{"start":{"line":154,"column":8},"end":{"line":154,"column":48}},"type":"binary-expr","locations":[{"start":{"line":154,"column":8},"end":{"line":154,"column":20}},{"start":{"line":154,"column":24},"end":{"line":154,"column":48}}],"line":154},"9":{"loc":{"start":{"line":217,"column":20},"end":{"line":217,"column":79}},"type":"cond-expr","locations":[{"start":{"line":217,"column":48},"end":{"line":217,"column":57}},{"start":{"line":217,"column":60},"end":{"line":217,"column":79}}],"line":217},"10":{"loc":{"start":{"line":218,"column":18},"end":{"line":218,"column":71}},"type":"cond-expr","locations":[{"start":{"line":218,"column":44},"end":{"line":218,"column":51}},{"start":{"line":218,"column":54},"end":{"line":218,"column":71}}],"line":218},"11":{"loc":{"start":{"line":222,"column":6},"end":{"line":224,"column":7}},"type":"if","locations":[{"start":{"line":222,"column":6},"end":{"line":224,"column":7}},{"start":{},"end":{}}],"line":222},"12":{"loc":{"start":{"line":222,"column":10},"end":{"line":222,"column":56}},"type":"binary-expr","locations":[{"start":{"line":222,"column":10},"end":{"line":222,"column":32}},{"start":{"line":222,"column":36},"end":{"line":222,"column":56}}],"line":222},"13":{"loc":{"start":{"line":227,"column":28},"end":{"line":227,"column":75}},"type":"cond-expr","locations":[{"start":{"line":227,"column":54},"end":{"line":227,"column":62}},{"start":{"line":227,"column":65},"end":{"line":227,"column":75}}],"line":227},"14":{"loc":{"start":{"line":231,"column":8},"end":{"line":237,"column":9}},"type":"if","locations":[{"start":{"line":231,"column":8},"end":{"line":237,"column":9}},{"start":{},"end":{}}],"line":231},"15":{"loc":{"start":{"line":245,"column":6},"end":{"line":247,"column":7}},"type":"if","locations":[{"start":{"line":245,"column":6},"end":{"line":247,"column":7}},{"start":{},"end":{}}],"line":245},"16":{"loc":{"start":{"line":281,"column":23},"end":{"line":281,"column":70}},"type":"cond-expr","locations":[{"start":{"line":281,"column":40},"end":{"line":281,"column":65}},{"start":{"line":281,"column":68},"end":{"line":281,"column":70}}],"line":281},"17":{"loc":{"start":{"line":297,"column":13},"end":{"line":297,"column":65}},"type":"cond-expr","locations":[{"start":{"line":297,"column":34},"end":{"line":297,"column":58}},{"start":{"line":297,"column":61},"end":{"line":297,"column":65}}],"line":297}},"s":{"0":2,"1":2,"2":1,"3":1,"4":2,"5":2,"6":5,"7":1,"8":2,"9":2,"10":1,"11":1,"12":1,"13":1,"14":2,"15":1,"16":2,"17":2,"18":2,"19":2,"20":2,"21":1,"22":1,"23":1,"24":3,"25":1,"26":1,"27":1,"28":1,"29":1,"30":2,"31":2,"32":2,"33":2,"34":2,"35":2,"36":2,"37":1,"38":1,"39":1,"40":1,"41":1,"42":1,"43":3,"44":1,"45":1,"46":1,"47":0,"48":0,"49":2,"50":2,"51":2,"52":2,"53":2,"54":2,"55":2,"56":0,"57":0,"58":2,"59":2,"60":1,"61":1,"62":1,"63":1,"64":1,"65":2,"66":1,"67":1,"68":1,"69":0,"70":0,"71":1,"72":2,"73":2,"74":1,"75":1,"76":1,"77":2,"78":2,"79":1,"80":1,"81":1,"82":3,"83":3,"84":3,"85":3,"86":3,"87":3,"88":0,"89":3,"90":3,"91":21,"92":21,"93":7,"94":7,"95":7,"96":7,"97":7,"98":21,"99":21,"100":21,"101":3,"102":0,"103":3,"104":2,"105":1,"106":1,"107":1,"108":1,"109":2,"110":1,"111":3,"112":3,"113":2,"114":1,"115":1,"116":2,"117":2,"118":1,"119":1,"120":1},"f":{"0":1,"1":5,"2":2,"3":2,"4":2,"5":3,"6":2,"7":3,"8":2,"9":2,"10":2,"11":2,"12":2,"13":3,"14":1,"15":3,"16":2},"b":{"0":[1,1],"1":[1,0],"2":[1,1,1],"3":[1,1],"4":[1,0],"5":[1,1],"6":[1,0],"7":[1,1],"8":[2,2],"9":[0,3],"10":[0,3],"11":[0,3],"12":[3,3],"13":[2,1],"14":[7,14],"15":[0,3],"16":[2,0],"17":[1,1]},"_coverageSchema":"1a1c01bbd47fc00a2c39e90264f33305004495a9","hash":"4239e89c42fa35458694ac094740f2d81f7cf31e"}
,"C:\\Users\\meska\\OneDrive\\Desktop\\bakis\\Pill-Pall-BE\\models\\Users.js": {"path":"C:\\Users\\meska\\OneDrive\\Desktop\\bakis\\Pill-Pall-BE\\models\\Users.js","statementMap":{"0":{"start":{"line":1,"column":11},"end":{"line":1,"column":27}},"1":{"start":{"line":2,"column":12},"end":{"line":2,"column":35}},"2":{"start":{"line":3,"column":15},"end":{"line":3,"column":32}},"3":{"start":{"line":4,"column":0},"end":{"line":4,"column":27}},"4":{"start":{"line":6,"column":15},"end":{"line":6,"column":37}},"5":{"start":{"line":8,"column":17},"end":{"line":11,"column":1}},"6":{"start":{"line":9,"column":2},"end":{"line":10,"column":26}},"7":{"start":{"line":9,"column":29},"end":{"line":9,"column":49}},"8":{"start":{"line":10,"column":10},"end":{"line":10,"column":25}},"9":{"start":{"line":13,"column":0},"end":{"line":194,"column":2}},"10":{"start":{"line":15,"column":18},"end":{"line":15,"column":32}},"11":{"start":{"line":16,"column":19},"end":{"line":16,"column":85}},"12":{"start":{"line":17,"column":4},"end":{"line":17,"column":27}},"13":{"start":{"line":21,"column":18},"end":{"line":21,"column":32}},"14":{"start":{"line":24,"column":4},"end":{"line":32,"column":5}},"15":{"start":{"line":25,"column":6},"end":{"line":26,"column":44}},"16":{"start":{"line":27,"column":6},"end":{"line":27,"column":68}},"17":{"start":{"line":29,"column":6},"end":{"line":30,"column":41}},"18":{"start":{"line":31,"column":6},"end":{"line":31,"column":53}},"19":{"start":{"line":34,"column":21},"end":{"line":34,"column":48}},"20":{"start":{"line":35,"column":4},"end":{"line":35,"column":27}},"21":{"start":{"line":39,"column":18},"end":{"line":39,"column":32}},"22":{"start":{"line":40,"column":19},"end":{"line":40,"column":84}},"23":{"start":{"line":41,"column":4},"end":{"line":41,"column":44}},"24":{"start":{"line":45,"column":18},"end":{"line":45,"column":32}},"25":{"start":{"line":46,"column":19},"end":{"line":46,"column":82}},"26":{"start":{"line":47,"column":4},"end":{"line":47,"column":44}},"27":{"start":{"line":51,"column":18},"end":{"line":51,"column":32}},"28":{"start":{"line":52,"column":21},"end":{"line":52,"column":94}},"29":{"start":{"line":53,"column":4},"end":{"line":53,"column":35}},"30":{"start":{"line":57,"column":4},"end":{"line":57,"column":61}},"31":{"start":{"line":61,"column":23},"end":{"line":61,"column":75}},"32":{"start":{"line":62,"column":24},"end":{"line":67,"column":5}},"33":{"start":{"line":68,"column":4},"end":{"line":68,"column":45}},"34":{"start":{"line":72,"column":4},"end":{"line":72,"column":58}},"35":{"start":{"line":76,"column":19},"end":{"line":81,"column":21}},"36":{"start":{"line":82,"column":4},"end":{"line":82,"column":16}},"37":{"start":{"line":86,"column":19},"end":{"line":89,"column":29}},"38":{"start":{"line":91,"column":4},"end":{"line":93,"column":5}},"39":{"start":{"line":92,"column":6},"end":{"line":92,"column":75}},"40":{"start":{"line":95,"column":21},"end":{"line":98,"column":29}},"41":{"start":{"line":100,"column":4},"end":{"line":100,"column":27}},"42":{"start":{"line":104,"column":21},"end":{"line":107,"column":29}},"43":{"start":{"line":108,"column":4},"end":{"line":108,"column":35}},"44":{"start":{"line":112,"column":4},"end":{"line":112,"column":74}},"45":{"start":{"line":116,"column":23},"end":{"line":116,"column":75}},"46":{"start":{"line":117,"column":24},"end":{"line":124,"column":5}},"47":{"start":{"line":125,"column":4},"end":{"line":125,"column":45}},"48":{"start":{"line":129,"column":21},"end":{"line":133,"column":29}},"49":{"start":{"line":134,"column":4},"end":{"line":134,"column":35}},"50":{"start":{"line":138,"column":19},"end":{"line":142,"column":5}},"51":{"start":{"line":144,"column":4},"end":{"line":146,"column":5}},"52":{"start":{"line":145,"column":6},"end":{"line":145,"column":19}},"53":{"start":{"line":148,"column":4},"end":{"line":148,"column":35}},"54":{"start":{"line":152,"column":4},"end":{"line":152,"column":67}},"55":{"start":{"line":156,"column":21},"end":{"line":156,"column":91}},"56":{"start":{"line":157,"column":24},"end":{"line":163,"column":5}},"57":{"start":{"line":164,"column":4},"end":{"line":164,"column":45}},"58":{"start":{"line":168,"column":18},"end":{"line":168,"column":32}},"59":{"start":{"line":169,"column":21},"end":{"line":172,"column":5}},"60":{"start":{"line":173,"column":4},"end":{"line":173,"column":35}},"61":{"start":{"line":177,"column":18},"end":{"line":177,"column":32}},"62":{"start":{"line":178,"column":19},"end":{"line":178,"column":78}},"63":{"start":{"line":178,"column":54},"end":{"line":178,"column":66}},"64":{"start":{"line":179,"column":19},"end":{"line":179,"column":44}},"65":{"start":{"line":181,"column":21},"end":{"line":184,"column":5}},"66":{"start":{"line":186,"column":4},"end":{"line":186,"column":35}},"67":{"start":{"line":190,"column":18},"end":{"line":190,"column":32}},"68":{"start":{"line":191,"column":21},"end":{"line":191,"column":78}},"69":{"start":{"line":192,"column":4},"end":{"line":192,"column":35}}},"fnMap":{"0":{"name":"(anonymous_0)","decl":{"start":{"line":8,"column":17},"end":{"line":8,"column":18}},"loc":{"start":{"line":8,"column":27},"end":{"line":11,"column":1}},"line":8},"1":{"name":"(anonymous_1)","decl":{"start":{"line":14,"column":20},"end":{"line":14,"column":21}},"loc":{"start":{"line":14,"column":52},"end":{"line":18,"column":3}},"line":14},"2":{"name":"(anonymous_2)","decl":{"start":{"line":20,"column":16},"end":{"line":20,"column":17}},"loc":{"start":{"line":20,"column":93},"end":{"line":36,"column":3}},"line":20},"3":{"name":"(anonymous_3)","decl":{"start":{"line":38,"column":18},"end":{"line":38,"column":19}},"loc":{"start":{"line":38,"column":50},"end":{"line":42,"column":3}},"line":38},"4":{"name":"(anonymous_4)","decl":{"start":{"line":44,"column":15},"end":{"line":44,"column":16}},"loc":{"start":{"line":44,"column":48},"end":{"line":48,"column":3}},"line":44},"5":{"name":"(anonymous_5)","decl":{"start":{"line":50,"column":15},"end":{"line":50,"column":16}},"loc":{"start":{"line":50,"column":44},"end":{"line":54,"column":3}},"line":50},"6":{"name":"(anonymous_6)","decl":{"start":{"line":56,"column":22},"end":{"line":56,"column":23}},"loc":{"start":{"line":56,"column":34},"end":{"line":58,"column":3}},"line":56},"7":{"name":"(anonymous_7)","decl":{"start":{"line":60,"column":25},"end":{"line":60,"column":26}},"loc":{"start":{"line":60,"column":71},"end":{"line":69,"column":3}},"line":60},"8":{"name":"(anonymous_8)","decl":{"start":{"line":71,"column":17},"end":{"line":71,"column":18}},"loc":{"start":{"line":71,"column":53},"end":{"line":73,"column":3}},"line":71},"9":{"name":"(anonymous_9)","decl":{"start":{"line":75,"column":22},"end":{"line":75,"column":23}},"loc":{"start":{"line":75,"column":45},"end":{"line":83,"column":3}},"line":75},"10":{"name":"(anonymous_10)","decl":{"start":{"line":85,"column":23},"end":{"line":85,"column":24}},"loc":{"start":{"line":85,"column":54},"end":{"line":101,"column":3}},"line":85},"11":{"name":"(anonymous_11)","decl":{"start":{"line":103,"column":23},"end":{"line":103,"column":24}},"loc":{"start":{"line":103,"column":54},"end":{"line":109,"column":3}},"line":103},"12":{"name":"(anonymous_12)","decl":{"start":{"line":111,"column":30},"end":{"line":111,"column":31}},"loc":{"start":{"line":111,"column":55},"end":{"line":113,"column":3}},"line":111},"13":{"name":"(anonymous_13)","decl":{"start":{"line":115,"column":26},"end":{"line":115,"column":27}},"loc":{"start":{"line":115,"column":90},"end":{"line":126,"column":3}},"line":115},"14":{"name":"(anonymous_14)","decl":{"start":{"line":128,"column":24},"end":{"line":128,"column":25}},"loc":{"start":{"line":128,"column":55},"end":{"line":135,"column":3}},"line":128},"15":{"name":"(anonymous_15)","decl":{"start":{"line":137,"column":24},"end":{"line":137,"column":25}},"loc":{"start":{"line":137,"column":55},"end":{"line":149,"column":3}},"line":137},"16":{"name":"(anonymous_16)","decl":{"start":{"line":151,"column":30},"end":{"line":151,"column":31}},"loc":{"start":{"line":151,"column":48},"end":{"line":153,"column":3}},"line":151},"17":{"name":"(anonymous_17)","decl":{"start":{"line":155,"column":26},"end":{"line":155,"column":27}},"loc":{"start":{"line":155,"column":72},"end":{"line":165,"column":3}},"line":155},"18":{"name":"(anonymous_18)","decl":{"start":{"line":167,"column":18},"end":{"line":167,"column":19}},"loc":{"start":{"line":167,"column":68},"end":{"line":174,"column":3}},"line":167},"19":{"name":"(anonymous_19)","decl":{"start":{"line":176,"column":14},"end":{"line":176,"column":15}},"loc":{"start":{"line":176,"column":55},"end":{"line":187,"column":3}},"line":176},"20":{"name":"(anonymous_20)","decl":{"start":{"line":178,"column":47},"end":{"line":178,"column":48}},"loc":{"start":{"line":178,"column":54},"end":{"line":178,"column":66}},"line":178},"21":{"name":"(anonymous_21)","decl":{"start":{"line":189,"column":14},"end":{"line":189,"column":15}},"loc":{"start":{"line":189,"column":43},"end":{"line":193,"column":3}},"line":189}},"branchMap":{"0":{"loc":{"start":{"line":9,"column":2},"end":{"line":10,"column":26}},"type":"if","locations":[{"start":{"line":9,"column":2},"end":{"line":10,"column":26}},{"start":{"line":10,"column":9},"end":{"line":10,"column":26}}],"line":9},"1":{"loc":{"start":{"line":14,"column":34},"end":{"line":14,"column":47}},"type":"default-arg","locations":[{"start":{"line":14,"column":41},"end":{"line":14,"column":47}}],"line":14},"2":{"loc":{"start":{"line":20,"column":75},"end":{"line":20,"column":88}},"type":"default-arg","locations":[{"start":{"line":20,"column":82},"end":{"line":20,"column":88}}],"line":20},"3":{"loc":{"start":{"line":24,"column":4},"end":{"line":32,"column":5}},"type":"if","locations":[{"start":{"line":24,"column":4},"end":{"line":32,"column":5}},{"start":{"line":28,"column":11},"end":{"line":32,"column":5}}],"line":24},"4":{"loc":{"start":{"line":38,"column":32},"end":{"line":38,"column":45}},"type":"default-arg","locations":[{"start":{"line":38,"column":39},"end":{"line":38,"column":45}}],"line":38},"5":{"loc":{"start":{"line":41,"column":11},"end":{"line":41,"column":43}},"type":"cond-expr","locations":[{"start":{"line":41,"column":29},"end":{"line":41,"column":36}},{"start":{"line":41,"column":39},"end":{"line":41,"column":43}}],"line":41},"6":{"loc":{"start":{"line":44,"column":30},"end":{"line":44,"column":43}},"type":"default-arg","locations":[{"start":{"line":44,"column":37},"end":{"line":44,"column":43}}],"line":44},"7":{"loc":{"start":{"line":47,"column":11},"end":{"line":47,"column":43}},"type":"cond-expr","locations":[{"start":{"line":47,"column":29},"end":{"line":47,"column":36}},{"start":{"line":47,"column":39},"end":{"line":47,"column":43}}],"line":47},"8":{"loc":{"start":{"line":50,"column":26},"end":{"line":50,"column":39}},"type":"default-arg","locations":[{"start":{"line":50,"column":33},"end":{"line":50,"column":39}}],"line":50},"9":{"loc":{"start":{"line":60,"column":53},"end":{"line":60,"column":66}},"type":"default-arg","locations":[{"start":{"line":60,"column":60},"end":{"line":60,"column":66}}],"line":60},"10":{"loc":{"start":{"line":91,"column":4},"end":{"line":93,"column":5}},"type":"if","locations":[{"start":{"line":91,"column":4},"end":{"line":93,"column":5}},{"start":{},"end":{}}],"line":91},"11":{"loc":{"start":{"line":144,"column":4},"end":{"line":146,"column":5}},"type":"if","locations":[{"start":{"line":144,"column":4},"end":{"line":146,"column":5}},{"start":{},"end":{}}],"line":144},"12":{"loc":{"start":{"line":155,"column":54},"end":{"line":155,"column":67}},"type":"default-arg","locations":[{"start":{"line":155,"column":61},"end":{"line":155,"column":67}}],"line":155},"13":{"loc":{"start":{"line":167,"column":50},"end":{"line":167,"column":63}},"type":"default-arg","locations":[{"start":{"line":167,"column":57},"end":{"line":167,"column":63}}],"line":167},"14":{"loc":{"start":{"line":176,"column":37},"end":{"line":176,"column":50}},"type":"default-arg","locations":[{"start":{"line":176,"column":44},"end":{"line":176,"column":50}}],"line":176},"15":{"loc":{"start":{"line":189,"column":25},"end":{"line":189,"column":38}},"type":"default-arg","locations":[{"start":{"line":189,"column":32},"end":{"line":189,"column":38}}],"line":189}},"s":{"0":2,"1":2,"2":2,"3":2,"4":2,"5":2,"6":21,"7":6,"8":15,"9":2,"10":3,"11":3,"12":3,"13":2,"14":2,"15":1,"16":1,"17":1,"18":1,"19":2,"20":2,"21":2,"22":2,"23":2,"24":3,"25":3,"26":3,"27":2,"28":2,"29":2,"30":1,"31":2,"32":2,"33":2,"34":2,"35":1,"36":1,"37":2,"38":2,"39":1,"40":1,"41":1,"42":2,"43":2,"44":1,"45":1,"46":1,"47":1,"48":2,"49":2,"50":3,"51":3,"52":1,"53":2,"54":1,"55":2,"56":2,"57":2,"58":3,"59":3,"60":3,"61":3,"62":3,"63":5,"64":3,"65":3,"66":3,"67":3,"68":3,"69":3},"f":{"0":21,"1":3,"2":2,"3":2,"4":3,"5":2,"6":1,"7":2,"8":2,"9":1,"10":2,"11":2,"12":1,"13":1,"14":2,"15":3,"16":1,"17":2,"18":3,"19":3,"20":5,"21":3},"b":{"0":[6,15],"1":[2],"2":[1],"3":[1,1],"4":[2],"5":[1,1],"6":[2],"7":[2,1],"8":[2],"9":[1],"10":[1,1],"11":[1,2],"12":[1],"13":[2],"14":[2],"15":[2]},"_coverageSchema":"1a1c01bbd47fc00a2c39e90264f33305004495a9","hash":"3c725c7476c067c00927017aedcc8762848db081"}
,"C:\\Users\\meska\\OneDrive\\Desktop\\bakis\\Pill-Pall-BE\\routes\\MedicinesRoutes.js": {"path":"C:\\Users\\meska\\OneDrive\\Desktop\\bakis\\Pill-Pall-BE\\routes\\MedicinesRoutes.js","statementMap":{"0":{"start":{"line":1,"column":16},"end":{"line":1,"column":34}},"1":{"start":{"line":2,"column":28},"end":{"line":2,"column":73}},"2":{"start":{"line":4,"column":15},"end":{"line":4,"column":31}},"3":{"start":{"line":6,"column":0},"end":{"line":6,"column":61}},"4":{"start":{"line":7,"column":0},"end":{"line":7,"column":73}},"5":{"start":{"line":8,"column":0},"end":{"line":8,"column":62}},"6":{"start":{"line":9,"column":0},"end":{"line":9,"column":73}},"7":{"start":{"line":10,"column":0},"end":{"line":10,"column":76}},"8":{"start":{"line":11,"column":0},"end":{"line":11,"column":72}},"9":{"start":{"line":13,"column":0},"end":{"line":13,"column":24}}},"fnMap":{},"branchMap":{},"s":{"0":1,"1":1,"2":1,"3":1,"4":1,"5":1,"6":1,"7":1,"8":1,"9":1},"f":{},"b":{},"_coverageSchema":"1a1c01bbd47fc00a2c39e90264f33305004495a9","hash":"aef33df15ff7fc05c4dd6e5b67db7005439b0024"}
,"C:\\Users\\meska\\OneDrive\\Desktop\\bakis\\Pill-Pall-BE\\routes\\RemindersRoutes.js": {"path":"C:\\Users\\meska\\OneDrive\\Desktop\\bakis\\Pill-Pall-BE\\routes\\RemindersRoutes.js","statementMap":{"0":{"start":{"line":1,"column":16},"end":{"line":1,"column":34}},"1":{"start":{"line":2,"column":28},"end":{"line":2,"column":73}},"2":{"start":{"line":3,"column":26},"end":{"line":3,"column":57}},"3":{"start":{"line":4,"column":19},"end":{"line":4,"column":42}},"4":{"start":{"line":5,"column":15},"end":{"line":5,"column":31}},"5":{"start":{"line":7,"column":0},"end":{"line":7,"column":92}},"6":{"start":{"line":8,"column":0},"end":{"line":8,"column":103}},"7":{"start":{"line":9,"column":0},"end":{"line":9,"column":103}},"8":{"start":{"line":10,"column":0},"end":{"line":10,"column":106}},"9":{"start":{"line":11,"column":0},"end":{"line":11,"column":103}},"10":{"start":{"line":12,"column":0},"end":{"line":12,"column":92}},"11":{"start":{"line":15,"column":0},"end":{"line":15,"column":139}},"12":{"start":{"line":16,"column":0},"end":{"line":16,"column":100}},"13":{"start":{"line":17,"column":0},"end":{"line":17,"column":114}},"14":{"start":{"line":18,"column":0},"end":{"line":18,"column":117}},"15":{"start":{"line":19,"column":0},"end":{"line":19,"column":24}}},"fnMap":{},"branchMap":{},"s":{"0":10,"1":10,"2":10,"3":10,"4":10,"5":10,"6":10,"7":10,"8":10,"9":10,"10":10,"11":10,"12":10,"13":10,"14":10,"15":10},"f":{},"b":{},"_coverageSchema":"1a1c01bbd47fc00a2c39e90264f33305004495a9","hash":"3393386b5e2137d701cfd42d9b3e1b673da6e717"}
,"C:\\Users\\meska\\OneDrive\\Desktop\\bakis\\Pill-Pall-BE\\routes\\UsersRoutes.js": {"path":"C:\\Users\\meska\\OneDrive\\Desktop\\bakis\\Pill-Pall-BE\\routes\\UsersRoutes.js","statementMap":{"0":{"start":{"line":1,"column":16},"end":{"line":1,"column":34}},"1":{"start":{"line":2,"column":24},"end":{"line":2,"column":65}},"2":{"start":{"line":3,"column":26},"end":{"line":3,"column":57}},"3":{"start":{"line":4,"column":15},"end":{"line":4,"column":31}},"4":{"start":{"line":5,"column":0},"end":{"line":5,"column":55}},"5":{"start":{"line":6,"column":0},"end":{"line":6,"column":48}},"6":{"start":{"line":7,"column":0},"end":{"line":7,"column":71}},"7":{"start":{"line":8,"column":0},"end":{"line":8,"column":49}},"8":{"start":{"line":9,"column":0},"end":{"line":9,"column":70}},"9":{"start":{"line":10,"column":0},"end":{"line":10,"column":64}},"10":{"start":{"line":11,"column":0},"end":{"line":11,"column":77}},"11":{"start":{"line":12,"column":0},"end":{"line":12,"column":62}},"12":{"start":{"line":16,"column":0},"end":{"line":16,"column":113}},"13":{"start":{"line":17,"column":0},"end":{"line":17,"column":126}},"14":{"start":{"line":18,"column":0},"end":{"line":18,"column":127}},"15":{"start":{"line":19,"column":0},"end":{"line":19,"column":131}},"16":{"start":{"line":21,"column":0},"end":{"line":21,"column":86}},"17":{"start":{"line":22,"column":0},"end":{"line":22,"column":105}},"18":{"start":{"line":24,"column":0},"end":{"line":24,"column":89}},"19":{"start":{"line":25,"column":0},"end":{"line":25,"column":108}},"20":{"start":{"line":27,"column":0},"end":{"line":27,"column":24}}},"fnMap":{},"branchMap":{},"s":{"0":3,"1":3,"2":3,"3":3,"4":3,"5":3,"6":3,"7":3,"8":3,"9":3,"10":3,"11":3,"12":3,"13":3,"14":3,"15":3,"16":3,"17":3,"18":3,"19":3,"20":3},"f":{},"b":{},"_coverageSchema":"1a1c01bbd47fc00a2c39e90264f33305004495a9","hash":"c5d2a51601e48fe9f54f82a7a0bc73d7181e0eb8"}
}
