TN:
SF:SendMedicineReminders.js
FN:14,sendMedicineReminders
FNF:1
FNH:1
FNDA:4,sendMedicineReminders
DA:2,1
DA:3,1
DA:4,1
DA:6,1
DA:15,4
DA:17,4
DA:39,4
DA:40,3
DA:41,3
DA:43,3
DA:44,2
DA:58,2
DA:59,2
DA:60,2
DA:61,1
DA:67,1
DA:69,1
DA:75,1
LF:18
LH:18
BRDA:43,0,0,2
BRDA:43,0,1,1
BRF:2
BRH:2
end_of_record
TN:
SF:server.js
FN:23,(anonymous_0)
FN:35,(anonymous_1)
FNF:2
FNH:1
FNDA:1,(anonymous_0)
FNDA:0,(anonymous_1)
DA:1,1
DA:2,1
DA:3,1
DA:4,1
DA:5,1
DA:6,1
DA:7,1
DA:8,1
DA:9,1
DA:11,1
DA:14,1
DA:15,1
DA:16,1
DA:18,1
DA:19,1
DA:20,1
DA:23,1
DA:24,1
DA:28,1
DA:29,1
DA:30,1
DA:32,1
DA:35,1
DA:36,0
LF:24
LH:23
BRF:0
BRH:0
end_of_record
TN:
SF:tokenVerification.js
FN:6,(anonymous_0)
FN:28,(anonymous_1)
FNF:2
FNH:2
FNDA:4,(anonymous_0)
FNDA:4,(anonymous_1)
DA:1,1
DA:2,1
DA:3,1
DA:5,1
DA:7,4
DA:9,4
DA:10,1
DA:13,3
DA:14,3
DA:16,2
DA:17,1
DA:18,1
DA:20,1
DA:21,1
DA:23,1
DA:24,1
DA:29,4
DA:30,4
DA:31,1
DA:34,3
DA:35,3
DA:37,2
DA:38,1
DA:39,1
DA:41,1
DA:42,1
DA:44,1
DA:45,1
LF:28
LH:28
BRDA:9,0,0,1
BRDA:9,0,1,3
BRDA:16,1,0,1
BRDA:16,1,1,1
BRDA:30,2,0,1
BRDA:30,2,1,3
BRDA:37,3,0,1
BRDA:37,3,1,1
BRF:8
BRH:8
end_of_record
TN:
SF:controllers\MedicinesController.js
FN:4,(anonymous_0)
FN:15,(anonymous_1)
FN:27,(anonymous_2)
FN:44,(anonymous_3)
FN:58,(anonymous_4)
FN:71,(anonymous_5)
FNF:6
FNH:6
FNDA:2,(anonymous_0)
FNDA:3,(anonymous_1)
FNDA:3,(anonymous_2)
FNDA:3,(anonymous_3)
FNDA:3,(anonymous_4)
FNDA:5,(anonymous_5)
DA:1,1
DA:3,1
DA:5,2
DA:6,2
DA:7,2
DA:8,1
DA:10,1
DA:11,1
DA:16,3
DA:17,3
DA:18,3
DA:19,2
DA:20,1
DA:22,1
DA:23,1
DA:28,3
DA:29,3
DA:31,3
DA:32,1
DA:35,2
DA:36,2
DA:37,1
DA:39,1
DA:40,1
DA:45,3
DA:46,3
DA:48,3
DA:49,3
DA:50,2
DA:51,1
DA:53,1
DA:54,1
DA:59,3
DA:61,3
DA:62,3
DA:63,2
DA:64,1
DA:66,1
DA:67,1
DA:72,5
DA:73,5
DA:76,5
DA:77,2
DA:78,2
DA:80,1
DA:84,4
DA:85,1
DA:88,3
DA:89,3
DA:90,2
DA:92,1
DA:93,1
LF:52
LH:52
BRDA:19,0,0,1
BRDA:19,0,1,1
BRDA:31,1,0,1
BRDA:31,1,1,2
BRDA:31,2,0,3
BRDA:31,2,1,3
BRDA:31,2,2,2
BRDA:50,3,0,1
BRDA:50,3,1,1
BRDA:63,4,0,1
BRDA:63,4,1,1
BRDA:76,5,0,2
BRDA:76,5,1,3
BRDA:84,6,0,1
BRDA:84,6,1,3
BRDA:84,7,0,4
BRDA:84,7,1,4
BRF:17
BRH:17
end_of_record
TN:
SF:controllers\RemindersController.js
FN:4,(anonymous_0)
FN:15,(anonymous_1)
FN:28,(anonymous_2)
FN:59,(anonymous_3)
FN:100,(anonymous_4)
FN:113,(anonymous_5)
FN:138,(anonymous_6)
FN:149,(anonymous_7)
FN:169,(anonymous_8)
FN:180,(anonymous_9)
FNF:10
FNH:10
FNDA:2,(anonymous_0)
FNDA:3,(anonymous_1)
FNDA:3,(anonymous_2)
FNDA:4,(anonymous_3)
FNDA:3,(anonymous_4)
FNDA:5,(anonymous_5)
FNDA:2,(anonymous_6)
FNDA:4,(anonymous_7)
FNDA:2,(anonymous_8)
FNDA:3,(anonymous_9)
DA:1,1
DA:3,1
DA:5,2
DA:6,2
DA:7,2
DA:8,1
DA:10,1
DA:11,1
DA:16,3
DA:17,3
DA:18,3
DA:19,2
DA:20,1
DA:21,1
DA:23,1
DA:24,1
DA:29,3
DA:30,3
DA:33,3
DA:34,3
DA:35,1
DA:39,2
DA:45,1
DA:52,1
DA:54,1
DA:55,1
DA:60,4
DA:61,4
DA:62,4
DA:65,4
DA:66,4
DA:67,1
DA:71,3
DA:80,2
DA:81,1
DA:85,1
DA:86,1
DA:93,1
DA:95,1
DA:96,1
DA:101,3
DA:102,3
DA:103,3
DA:104,2
DA:105,1
DA:106,1
DA:108,1
DA:109,1
DA:114,5
DA:115,5
DA:116,5
DA:118,5
DA:119,2
DA:120,2
DA:122,1
DA:126,4
DA:127,1
DA:130,3
DA:131,2
DA:133,1
DA:134,1
DA:139,2
DA:140,2
DA:141,2
DA:142,1
DA:144,1
DA:145,1
DA:150,4
DA:151,4
DA:153,4
DA:154,1
DA:157,3
DA:158,2
DA:159,1
DA:161,1
DA:164,1
DA:165,1
DA:170,2
DA:171,2
DA:172,2
DA:173,1
DA:175,1
DA:176,1
DA:181,3
DA:182,3
DA:183,3
DA:184,2
DA:185,1
DA:187,1
DA:189,1
DA:190,1
LF:91
LH:91
BRDA:19,0,0,1
BRDA:19,0,1,1
BRDA:33,1,0,3
BRDA:33,1,1,0
BRDA:34,2,0,1
BRDA:34,2,1,2
BRDA:65,3,0,4
BRDA:65,3,1,0
BRDA:66,4,0,1
BRDA:66,4,1,3
BRDA:80,5,0,1
BRDA:80,5,1,1
BRDA:104,6,0,1
BRDA:104,6,1,1
BRDA:118,7,0,2
BRDA:118,7,1,3
BRDA:126,8,0,1
BRDA:126,8,1,3
BRDA:126,9,0,4
BRDA:126,9,1,4
BRDA:153,10,0,1
BRDA:153,10,1,3
BRDA:158,11,0,1
BRDA:158,11,1,1
BRDA:184,12,0,1
BRDA:184,12,1,1
BRF:26
BRH:24
end_of_record
TN:
SF:controllers\UsersController.js
FN:21,(anonymous_0)
FN:21,(anonymous_1)
FN:47,(anonymous_2)
FN:67,(anonymous_3)
FN:67,(anonymous_4)
FN:99,(anonymous_5)
FN:111,(anonymous_6)
FN:124,(anonymous_7)
FN:155,(anonymous_8)
FN:171,(anonymous_9)
FN:209,(anonymous_10)
FN:226,(anonymous_11)
FN:247,(anonymous_12)
FN:247,(anonymous_13)
FN:277,(anonymous_14)
FN:277,(anonymous_15)
FNF:16
FNH:9
FNDA:2,(anonymous_0)
FNDA:4,(anonymous_1)
FNDA:4,(anonymous_2)
FNDA:2,(anonymous_3)
FNDA:5,(anonymous_4)
FNDA:0,(anonymous_5)
FNDA:0,(anonymous_6)
FNDA:0,(anonymous_7)
FNDA:0,(anonymous_8)
FNDA:0,(anonymous_9)
FNDA:0,(anonymous_10)
FNDA:0,(anonymous_11)
FNDA:2,(anonymous_12)
FNDA:5,(anonymous_13)
FNDA:2,(anonymous_14)
FNDA:4,(anonymous_15)
DA:3,1
DA:4,1
DA:5,1
DA:6,1
DA:8,1
DA:10,1
DA:12,1
DA:21,2
DA:22,4
DA:24,4
DA:25,1
DA:28,3
DA:29,3
DA:30,3
DA:31,1
DA:34,2
DA:35,2
DA:37,1
DA:38,1
DA:40,1
DA:42,1
DA:43,1
DA:47,1
DA:49,4
DA:50,4
DA:52,4
DA:54,3
DA:55,3
DA:56,2
DA:57,2
DA:59,2
DA:60,1
DA:62,1
DA:63,1
DA:67,2
DA:68,5
DA:70,5
DA:71,5
DA:72,4
DA:74,3
DA:75,1
DA:78,2
DA:79,2
DA:81,1
DA:83,1
DA:94,1
DA:95,1
DA:99,1
DA:100,0
DA:102,0
DA:103,0
DA:104,0
DA:106,0
DA:107,0
DA:111,1
DA:112,0
DA:114,0
DA:115,0
DA:116,0
DA:117,0
DA:119,0
DA:120,0
DA:124,1
DA:125,0
DA:128,0
DA:129,0
DA:130,0
DA:131,0
DA:132,0
DA:133,0
DA:136,0
DA:139,0
DA:140,0
DA:142,0
DA:145,0
DA:146,0
DA:147,0
DA:148,0
DA:150,0
DA:151,0
DA:155,1
DA:156,0
DA:157,0
DA:159,0
DA:160,0
DA:161,0
DA:162,0
DA:164,0
DA:166,0
DA:167,0
DA:171,1
DA:172,0
DA:174,0
DA:175,0
DA:177,0
DA:178,0
DA:181,0
DA:182,0
DA:183,0
DA:186,0
DA:192,0
DA:204,0
DA:205,0
DA:209,1
DA:210,0
DA:212,0
DA:213,0
DA:214,0
DA:216,0
DA:217,0
DA:219,0
DA:221,0
DA:222,0
DA:226,1
DA:227,0
DA:229,0
DA:230,0
DA:233,0
DA:234,0
DA:235,0
DA:237,0
DA:238,0
DA:240,0
DA:242,0
DA:243,0
DA:247,2
DA:249,5
DA:250,0
DA:251,0
DA:253,5
DA:254,5
DA:256,5
DA:258,5
DA:259,1
DA:262,5
DA:263,1
DA:266,4
DA:267,4
DA:268,3
DA:270,2
DA:272,1
DA:273,1
DA:277,2
DA:279,4
DA:280,0
DA:281,0
DA:284,4
DA:285,4
DA:288,4
DA:290,3
DA:291,3
DA:292,2
DA:294,1
DA:296,1
DA:297,1
DA:302,1
LF:156
LH:81
BRDA:21,0,0,0
BRDA:24,1,0,1
BRDA:24,1,1,3
BRDA:24,2,0,4
BRDA:24,2,1,3
BRDA:24,2,2,3
BRDA:24,2,3,3
BRDA:24,2,4,3
BRDA:24,2,5,3
BRDA:30,3,0,1
BRDA:30,3,1,2
BRDA:50,4,0,4
BRDA:50,4,1,4
BRDA:52,5,0,1
BRDA:52,5,1,3
BRDA:59,6,0,1
BRDA:59,6,1,1
BRDA:67,7,0,0
BRDA:72,8,0,1
BRDA:72,8,1,3
BRDA:74,9,0,1
BRDA:74,9,1,2
BRDA:79,10,0,1
BRDA:79,10,1,1
BRDA:90,11,0,1
BRDA:90,11,1,1
BRDA:116,12,0,0
BRDA:116,12,1,0
BRDA:130,13,0,0
BRDA:130,13,1,0
BRDA:132,14,0,0
BRDA:132,14,1,0
BRDA:157,15,0,0
BRDA:157,15,1,0
BRDA:162,16,0,0
BRDA:162,16,1,0
BRDA:177,17,0,0
BRDA:177,17,1,0
BRDA:182,18,0,0
BRDA:182,18,1,0
BRDA:210,19,0,0
BRDA:214,20,0,0
BRDA:214,20,1,0
BRDA:229,21,0,0
BRDA:229,21,1,0
BRDA:229,22,0,0
BRDA:229,22,1,0
BRDA:238,23,0,0
BRDA:238,23,1,0
BRDA:247,24,0,0
BRDA:249,25,0,0
BRDA:249,25,1,5
BRDA:258,26,0,1
BRDA:258,26,1,4
BRDA:262,27,0,1
BRDA:262,27,1,4
BRDA:262,28,0,5
BRDA:262,28,1,4
BRDA:268,29,0,1
BRDA:268,29,1,2
BRDA:277,30,0,0
BRDA:279,31,0,0
BRDA:279,31,1,4
BRDA:288,32,0,1
BRDA:288,32,1,3
BRDA:292,33,0,1
BRDA:292,33,1,1
BRF:67
BRH:38
end_of_record
TN:
SF:models\Medicines.js
FN:4,(anonymous_0)
FN:9,(anonymous_1)
FN:14,(anonymous_2)
FN:22,(anonymous_3)
FN:32,(anonymous_4)
FN:40,(anonymous_5)
FN:42,(anonymous_6)
FNF:7
FNH:7
FNDA:1,(anonymous_0)
FNDA:2,(anonymous_1)
FNDA:1,(anonymous_2)
FNDA:2,(anonymous_3)
FNDA:2,(anonymous_4)
FNDA:2,(anonymous_5)
FNDA:2,(anonymous_6)
DA:1,2
DA:3,2
DA:5,1
DA:6,1
DA:10,2
DA:11,2
DA:15,1
DA:19,1
DA:23,2
DA:29,2
DA:33,2
DA:37,2
DA:41,2
DA:42,2
DA:43,1
DA:44,1
DA:45,1
LF:17
LH:17
BRDA:11,0,0,1
BRDA:11,0,1,1
BRDA:41,1,0,1
BRDA:41,1,1,1
BRF:4
BRH:4
end_of_record
TN:
SF:models\Reminders.js
FN:4,(anonymous_0)
FN:15,(anonymous_1)
FN:21,(anonymous_2)
FN:35,(anonymous_3)
FN:40,(anonymous_4)
FN:69,(anonymous_5)
FN:86,(anonymous_6)
FN:114,(anonymous_7)
FN:132,(anonymous_8)
FN:153,(anonymous_9)
FN:160,(anonymous_10)
FN:176,(anonymous_11)
FN:199,(anonymous_12)
FN:212,(anonymous_13)
FN:261,(anonymous_14)
FN:287,(anonymous_15)
FN:304,(anonymous_16)
FNF:17
FNH:17
FNDA:1,(anonymous_0)
FNDA:5,(anonymous_1)
FNDA:2,(anonymous_2)
FNDA:2,(anonymous_3)
FNDA:2,(anonymous_4)
FNDA:3,(anonymous_5)
FNDA:2,(anonymous_6)
FNDA:3,(anonymous_7)
FNDA:2,(anonymous_8)
FNDA:2,(anonymous_9)
FNDA:2,(anonymous_10)
FNDA:2,(anonymous_11)
FNDA:2,(anonymous_12)
FNDA:3,(anonymous_13)
FNDA:1,(anonymous_14)
FNDA:3,(anonymous_15)
FNDA:2,(anonymous_16)
DA:1,2
DA:3,2
DA:5,1
DA:10,1
DA:11,2
DA:15,5
DA:18,1
DA:22,2
DA:27,2
DA:29,1
DA:34,1
DA:35,2
DA:37,1
DA:49,2
DA:51,2
DA:52,2
DA:54,2
DA:56,2
DA:65,1
DA:68,1
DA:69,3
DA:70,1
DA:76,1
DA:77,1
DA:79,1
DA:80,1
DA:82,2
DA:87,2
DA:88,2
DA:90,2
DA:91,2
DA:94,2
DA:99,2
DA:100,1
DA:101,1
DA:105,1
DA:107,1
DA:113,1
DA:114,3
DA:115,1
DA:122,1
DA:123,1
DA:125,0
DA:126,0
DA:128,2
DA:133,2
DA:134,2
DA:136,2
DA:138,2
DA:143,2
DA:144,2
DA:146,0
DA:147,0
DA:149,2
DA:154,2
DA:156,1
DA:157,1
DA:159,1
DA:160,2
DA:161,1
DA:166,1
DA:167,1
DA:169,0
DA:170,0
DA:172,1
DA:177,2
DA:178,2
DA:192,1
DA:194,1
DA:195,1
DA:200,2
DA:201,2
DA:205,1
DA:207,1
DA:208,1
DA:213,3
DA:214,3
DA:217,3
DA:218,3
DA:219,3
DA:222,3
DA:223,0
DA:227,3
DA:229,3
DA:230,21
DA:231,21
DA:232,7
DA:233,7
DA:234,7
DA:235,7
DA:236,7
DA:240,21
DA:241,21
DA:242,21
DA:245,3
DA:246,0
DA:249,3
DA:254,2
DA:256,1
DA:257,1
DA:262,1
DA:280,1
DA:281,2
DA:284,1
DA:288,3
DA:289,3
DA:297,2
DA:299,1
DA:300,1
DA:305,2
DA:306,2
DA:310,1
DA:312,1
DA:313,1
LF:114
LH:106
BRDA:27,0,0,1
BRDA:27,0,1,1
BRDA:68,1,0,1
BRDA:68,1,1,0
BRDA:68,2,0,1
BRDA:68,2,1,1
BRDA:68,2,2,1
BRDA:99,3,0,1
BRDA:99,3,1,1
BRDA:105,4,0,1
BRDA:105,4,1,0
BRDA:105,5,0,1
BRDA:105,5,1,1
BRDA:113,6,0,1
BRDA:113,6,1,0
BRDA:154,7,0,1
BRDA:154,7,1,1
BRDA:154,8,0,2
BRDA:154,8,1,2
BRDA:217,9,0,0
BRDA:217,9,1,3
BRDA:218,10,0,0
BRDA:218,10,1,3
BRDA:222,11,0,0
BRDA:222,11,1,3
BRDA:222,12,0,3
BRDA:222,12,1,3
BRDA:227,13,0,2
BRDA:227,13,1,1
BRDA:231,14,0,7
BRDA:231,14,1,14
BRDA:245,15,0,0
BRDA:245,15,1,3
BRDA:281,16,0,2
BRDA:281,16,1,0
BRDA:297,17,0,1
BRDA:297,17,1,1
BRF:37
BRH:29
end_of_record
TN:
SF:models\Users.js
FN:8,(anonymous_0)
FN:14,(anonymous_1)
FN:20,(anonymous_2)
FN:38,(anonymous_3)
FN:44,(anonymous_4)
FN:50,(anonymous_5)
FN:56,(anonymous_6)
FN:60,(anonymous_7)
FN:71,(anonymous_8)
FN:75,(anonymous_9)
FN:85,(anonymous_10)
FN:103,(anonymous_11)
FN:111,(anonymous_12)
FN:115,(anonymous_13)
FN:128,(anonymous_14)
FN:137,(anonymous_15)
FN:151,(anonymous_16)
FN:155,(anonymous_17)
FN:167,(anonymous_18)
FN:176,(anonymous_19)
FN:178,(anonymous_20)
FN:189,(anonymous_21)
FNF:22
FNH:22
FNDA:21,(anonymous_0)
FNDA:3,(anonymous_1)
FNDA:2,(anonymous_2)
FNDA:2,(anonymous_3)
FNDA:3,(anonymous_4)
FNDA:2,(anonymous_5)
FNDA:1,(anonymous_6)
FNDA:2,(anonymous_7)
FNDA:2,(anonymous_8)
FNDA:1,(anonymous_9)
FNDA:2,(anonymous_10)
FNDA:2,(anonymous_11)
FNDA:1,(anonymous_12)
FNDA:1,(anonymous_13)
FNDA:2,(anonymous_14)
FNDA:3,(anonymous_15)
FNDA:1,(anonymous_16)
FNDA:2,(anonymous_17)
FNDA:3,(anonymous_18)
FNDA:3,(anonymous_19)
FNDA:5,(anonymous_20)
FNDA:3,(anonymous_21)
DA:1,2
DA:2,2
DA:3,2
DA:4,2
DA:6,2
DA:8,2
DA:9,21
DA:10,15
DA:13,2
DA:15,3
DA:16,3
DA:17,3
DA:21,2
DA:24,2
DA:25,1
DA:27,1
DA:29,1
DA:31,1
DA:34,2
DA:35,2
DA:39,2
DA:40,2
DA:41,2
DA:45,3
DA:46,3
DA:47,3
DA:51,2
DA:52,2
DA:53,2
DA:57,1
DA:61,2
DA:62,2
DA:68,2
DA:72,2
DA:76,1
DA:82,1
DA:86,2
DA:91,2
DA:92,1
DA:95,1
DA:100,1
DA:104,2
DA:108,2
DA:112,1
DA:116,1
DA:117,1
DA:125,1
DA:129,2
DA:134,2
DA:138,3
DA:144,3
DA:145,1
DA:148,2
DA:152,1
DA:156,2
DA:157,2
DA:164,2
DA:168,3
DA:169,3
DA:173,3
DA:177,3
DA:178,5
DA:179,3
DA:181,3
DA:186,3
DA:190,3
DA:191,3
DA:192,3
LF:68
LH:68
BRDA:9,0,0,6
BRDA:9,0,1,15
BRDA:14,1,0,2
BRDA:20,2,0,1
BRDA:24,3,0,1
BRDA:24,3,1,1
BRDA:38,4,0,2
BRDA:41,5,0,1
BRDA:41,5,1,1
BRDA:44,6,0,2
BRDA:47,7,0,2
BRDA:47,7,1,1
BRDA:50,8,0,2
BRDA:60,9,0,1
BRDA:91,10,0,1
BRDA:91,10,1,1
BRDA:144,11,0,1
BRDA:144,11,1,2
BRDA:155,12,0,1
BRDA:167,13,0,2
BRDA:176,14,0,2
BRDA:189,15,0,2
BRF:22
BRH:22
end_of_record
TN:
SF:routes\MedicinesRoutes.js
FNF:0
FNH:0
DA:1,1
DA:2,1
DA:4,1
DA:6,1
DA:7,1
DA:8,1
DA:9,1
DA:10,1
DA:11,1
DA:13,1
LF:10
LH:10
BRF:0
BRH:0
end_of_record
TN:
SF:routes\RemindersRoutes.js
FNF:0
FNH:0
DA:1,10
DA:2,10
DA:3,10
DA:4,10
DA:5,10
DA:7,10
DA:8,10
DA:9,10
DA:10,10
DA:11,10
DA:12,10
DA:15,10
DA:16,10
DA:17,10
DA:18,10
DA:19,10
LF:16
LH:16
BRF:0
BRH:0
end_of_record
TN:
SF:routes\UsersRoutes.js
FNF:0
FNH:0
DA:1,3
DA:2,3
DA:3,3
DA:4,3
DA:5,3
DA:6,3
DA:7,3
DA:8,3
DA:9,3
DA:10,3
DA:11,3
DA:12,3
DA:16,3
DA:17,3
DA:18,3
DA:19,3
DA:21,3
DA:22,3
DA:24,3
DA:25,3
DA:27,3
LF:21
LH:21
BRF:0
BRH:0
end_of_record
